2022-03-14 09:41:28:4128 
       [31merror[39m: [31muncaughtException: тип Unable to compile TypeScript:[39m
[31m[96msrc/projects/utils/projectValidator.ts[0m:[93m12[0m:[93m9[0m - [91merror[0m[90m TS1003: [0mIdentifier expected.[39m

[31m[7m12[0m         .required('name is required'),[39m
[31m[7m  [0m [91m        ~[0m[39m

[31mError: тип Unable to compile TypeScript:[39m
[31m[96msrc/projects/utils/projectValidator.ts[0m:[93m12[0m:[93m9[0m - [91merror[0m[90m TS1003: [0mIdentifier expected.[39m

[31m[7m12[0m         .required('name is required'),[39m
[31m[7m  [0m [91m        ~[0m[39m

[31m    at Object.<anonymous> (/media/reynaldo/f8db0900-b42d-4b5d-971f-4716687f2a60/Make It Real/PROYECTO GRUPAL/foodapp-server/src/projects/utils/projectValidator.ts:1:7)[39m
[31m    at Module._compile (node:internal/modules/cjs/loader:1103:14)[39m
[31m    at Module._compile (/media/reynaldo/f8db0900-b42d-4b5d-971f-4716687f2a60/Make It Real/PROYECTO GRUPAL/foodapp-server/node_modules/source-map-support/source-map-support.js:568:25)[39m
[31m    at Module.m._compile (/tmp/ts-node-dev-hook-4817266827475948.js:69:33)[39m
[31m    at Module._extensions..js (node:internal/modules/cjs/loader:1155:10)[39m
[31m    at require.extensions.<computed> (/tmp/ts-node-dev-hook-4817266827475948.js:71:20)[39m
[31m    at Object.nodeDevHook [as .ts] (/media/reynaldo/f8db0900-b42d-4b5d-971f-4716687f2a60/Make It Real/PROYECTO GRUPAL/foodapp-server/node_modules/ts-node-dev/lib/hook.js:63:13)[39m
[31m    at Module.load (node:internal/modules/cjs/loader:981:32)[39m
[31m    at Function.Module._load (node:internal/modules/cjs/loader:822:12)[39m
[31m    at Module.require (node:internal/modules/cjs/loader:1005:19)[39m 
  
       instance: undefined 

       fn:undefined 

       trace: [object Object],[object Object],[object Object],[object Object],[object Object],[object Object],[object Object],[object Object],[object Object],[object Object]
2022-03-14 14:34:26:3426 
       [31merror[39m: [31muncaughtException: тип Unable to compile TypeScript:[39m
[31m[96msrc/auth/controllers/authSignupController.ts[0m:[93m16[0m:[93m36[0m - [91merror[0m[90m TS1005: [0m':' expected.[39m

[31m[7m16[0m     res.status(200).json({ 'token' });[39m
[31m[7m  [0m [91m                                   ~[0m[39m

[31mError: тип Unable to compile TypeScript:[39m
[31m[96msrc/auth/controllers/authSignupController.ts[0m:[93m16[0m:[93m36[0m - [91merror[0m[90m TS1005: [0m':' expected.[39m

[31m[7m16[0m     res.status(200).json({ 'token' });[39m
[31m[7m  [0m [91m                                   ~[0m[39m

[31m    at Object.<anonymous> (/media/reynaldo/f8db0900-b42d-4b5d-971f-4716687f2a60/Make It Real/PROYECTO GRUPAL/foodapp-server/src/auth/controllers/authSignupController.ts:1:7)[39m
[31m    at Module._compile (node:internal/modules/cjs/loader:1103:14)[39m
[31m    at Module._compile (/media/reynaldo/f8db0900-b42d-4b5d-971f-4716687f2a60/Make It Real/PROYECTO GRUPAL/foodapp-server/node_modules/source-map-support/source-map-support.js:568:25)[39m
[31m    at Module.m._compile (/tmp/ts-node-dev-hook-6131270047229613.js:69:33)[39m
[31m    at Module._extensions..js (node:internal/modules/cjs/loader:1155:10)[39m
[31m    at require.extensions.<computed> (/tmp/ts-node-dev-hook-6131270047229613.js:71:20)[39m
[31m    at Object.nodeDevHook [as .ts] (/media/reynaldo/f8db0900-b42d-4b5d-971f-4716687f2a60/Make It Real/PROYECTO GRUPAL/foodapp-server/node_modules/ts-node-dev/lib/hook.js:63:13)[39m
[31m    at Module.load (node:internal/modules/cjs/loader:981:32)[39m
[31m    at Function.Module._load (node:internal/modules/cjs/loader:822:12)[39m
[31m    at Module.require (node:internal/modules/cjs/loader:1005:19)[39m 
  
       instance: undefined 

       fn:undefined 

       trace: [object Object],[object Object],[object Object],[object Object],[object Object],[object Object],[object Object],[object Object],[object Object],[object Object]
2022-03-14 14:34:32:3432 
       [31merror[39m: [31muncaughtException: тип Unable to compile TypeScript:[39m
[31m[96msrc/auth/controllers/authSignupController.ts[0m:[93m16[0m:[93m34[0m - [91merror[0m[90m TS1005: [0m':' expected.[39m

[31m[7m16[0m     res.status(200).json({ 'Usu' });[39m
[31m[7m  [0m [91m                                 ~[0m[39m

[31mError: тип Unable to compile TypeScript:[39m
[31m[96msrc/auth/controllers/authSignupController.ts[0m:[93m16[0m:[93m34[0m - [91merror[0m[90m TS1005: [0m':' expected.[39m

[31m[7m16[0m     res.status(200).json({ 'Usu' });[39m
[31m[7m  [0m [91m                                 ~[0m[39m

[31m    at Object.<anonymous> (/media/reynaldo/f8db0900-b42d-4b5d-971f-4716687f2a60/Make It Real/PROYECTO GRUPAL/foodapp-server/src/auth/controllers/authSignupController.ts:1:7)[39m
[31m    at Module._compile (node:internal/modules/cjs/loader:1103:14)[39m
[31m    at Module._compile (/media/reynaldo/f8db0900-b42d-4b5d-971f-4716687f2a60/Make It Real/PROYECTO GRUPAL/foodapp-server/node_modules/source-map-support/source-map-support.js:568:25)[39m
[31m    at Module.m._compile (/tmp/ts-node-dev-hook-6131270047229613.js:69:33)[39m
[31m    at Module._extensions..js (node:internal/modules/cjs/loader:1155:10)[39m
[31m    at require.extensions.<computed> (/tmp/ts-node-dev-hook-6131270047229613.js:71:20)[39m
[31m    at Object.nodeDevHook [as .ts] (/media/reynaldo/f8db0900-b42d-4b5d-971f-4716687f2a60/Make It Real/PROYECTO GRUPAL/foodapp-server/node_modules/ts-node-dev/lib/hook.js:63:13)[39m
[31m    at Module.load (node:internal/modules/cjs/loader:981:32)[39m
[31m    at Function.Module._load (node:internal/modules/cjs/loader:822:12)[39m
[31m    at Module.require (node:internal/modules/cjs/loader:1005:19)[39m 
  
       instance: undefined 

       fn:undefined 

       trace: [object Object],[object Object],[object Object],[object Object],[object Object],[object Object],[object Object],[object Object],[object Object],[object Object]
2022-03-14 14:35:04:354 
       [31merror[39m: [31muncaughtException: тип Unable to compile TypeScript:[39m
[31m[96msrc/auth/controllers/authSignupController.ts[0m:[93m16[0m:[93m43[0m - [91merror[0m[90m TS1005: [0m':' expected.[39m

[31m[7m16[0m     res.status(200).json({ 'User created' );[39m
[31m[7m  [0m [91m                                          ~[0m[39m

[31m  [96msrc/auth/controllers/authSignupController.ts[0m:[93m16[0m:[93m26[0m[39m
[31m    [7m16[0m     res.status(200).json({ 'User created' );[39m
[31m    [7m  [0m [96m                         ~[0m[39m
[31m    The parser expected to find a '}' to match the '{' token here.[39m

[31mError: тип Unable to compile TypeScript:[39m
[31m[96msrc/auth/controllers/authSignupController.ts[0m:[93m16[0m:[93m43[0m - [91merror[0m[90m TS1005: [0m':' expected.[39m

[31m[7m16[0m     res.status(200).json({ 'User created' );[39m
[31m[7m  [0m [91m                                          ~[0m[39m

[31m  [96msrc/auth/controllers/authSignupController.ts[0m:[93m16[0m:[93m26[0m[39m
[31m    [7m16[0m     res.status(200).json({ 'User created' );[39m
[31m    [7m  [0m [96m                         ~[0m[39m
[31m    The parser expected to find a '}' to match the '{' token here.[39m

[31m    at Object.<anonymous> (/media/reynaldo/f8db0900-b42d-4b5d-971f-4716687f2a60/Make It Real/PROYECTO GRUPAL/foodapp-server/src/auth/controllers/authSignupController.ts:1:7)[39m
[31m    at Module._compile (node:internal/modules/cjs/loader:1103:14)[39m
[31m    at Module._compile (/media/reynaldo/f8db0900-b42d-4b5d-971f-4716687f2a60/Make It Real/PROYECTO GRUPAL/foodapp-server/node_modules/source-map-support/source-map-support.js:568:25)[39m
[31m    at Module.m._compile (/tmp/ts-node-dev-hook-6131270047229613.js:69:33)[39m
[31m    at Module._extensions..js (node:internal/modules/cjs/loader:1155:10)[39m
[31m    at require.extensions.<computed> (/tmp/ts-node-dev-hook-6131270047229613.js:71:20)[39m
[31m    at Object.nodeDevHook [as .ts] (/media/reynaldo/f8db0900-b42d-4b5d-971f-4716687f2a60/Make It Real/PROYECTO GRUPAL/foodapp-server/node_modules/ts-node-dev/lib/hook.js:63:13)[39m
[31m    at Module.load (node:internal/modules/cjs/loader:981:32)[39m
[31m    at Function.Module._load (node:internal/modules/cjs/loader:822:12)[39m
[31m    at Module.require (node:internal/modules/cjs/loader:1005:19)[39m 
  
       instance: undefined 

       fn:undefined 

       trace: [object Object],[object Object],[object Object],[object Object],[object Object],[object Object],[object Object],[object Object],[object Object],[object Object]
2022-03-14 20:18:38:1838 
       [31merror[39m: [31muncaughtException: тип Unable to compile TypeScript:[39m
[31m[96msrc/projects/controllers/getAllProjectsController.ts[0m:[93m16[0m:[93m47[0m - [91merror[0m[90m TS2554: [0mExpected 0 arguments, but got 1.[39m

[31m[7m16[0m     const tasks = await getAllProjectsService({[39m
[31m[7m  [0m [91m                                              ~[0m[39m
[31m[7m17[0m       owner: user.id,[39m
[31m[7m  [0m [91m~~~~~~~~~~~~~~~~~~~~~[0m[39m
[31m[7m18[0m     });[39m
[31m[7m  [0m [91m~~~~~[0m[39m

[31mError: тип Unable to compile TypeScript:[39m
[31m[96msrc/projects/controllers/getAllProjectsController.ts[0m:[93m16[0m:[93m47[0m - [91merror[0m[90m TS2554: [0mExpected 0 arguments, but got 1.[39m

[31m[7m16[0m     const tasks = await getAllProjectsService({[39m
[31m[7m  [0m [91m                                              ~[0m[39m
[31m[7m17[0m       owner: user.id,[39m
[31m[7m  [0m [91m~~~~~~~~~~~~~~~~~~~~~[0m[39m
[31m[7m18[0m     });[39m
[31m[7m  [0m [91m~~~~~[0m[39m

[31m    at Object.<anonymous> (/media/reynaldo/f8db0900-b42d-4b5d-971f-4716687f2a60/Make It Real/PROYECTO GRUPAL/foodapp-server/src/projects/controllers/getAllProjectsController.ts:1:7)[39m
[31m    at Module._compile (node:internal/modules/cjs/loader:1103:14)[39m
[31m    at Module._compile (/media/reynaldo/f8db0900-b42d-4b5d-971f-4716687f2a60/Make It Real/PROYECTO GRUPAL/foodapp-server/node_modules/source-map-support/source-map-support.js:568:25)[39m
[31m    at Module.m._compile (/tmp/ts-node-dev-hook-3446994106441885.js:69:33)[39m
[31m    at Module._extensions..js (node:internal/modules/cjs/loader:1155:10)[39m
[31m    at require.extensions.<computed> (/tmp/ts-node-dev-hook-3446994106441885.js:71:20)[39m
[31m    at Object.nodeDevHook [as .ts] (/media/reynaldo/f8db0900-b42d-4b5d-971f-4716687f2a60/Make It Real/PROYECTO GRUPAL/foodapp-server/node_modules/ts-node-dev/lib/hook.js:63:13)[39m
[31m    at Module.load (node:internal/modules/cjs/loader:981:32)[39m
[31m    at Function.Module._load (node:internal/modules/cjs/loader:822:12)[39m
[31m    at Module.require (node:internal/modules/cjs/loader:1005:19)[39m 
  
       instance: undefined 

       fn:undefined 

       trace: [object Object],[object Object],[object Object],[object Object],[object Object],[object Object],[object Object],[object Object],[object Object],[object Object]
2022-03-14 20:20:48:2048 
       [31merror[39m: [31muncaughtException: тип Unable to compile TypeScript:[39m
[31m[96msrc/projects/controllers/getAllProjectsController.ts[0m:[93m16[0m:[93m47[0m - [91merror[0m[90m TS2554: [0mExpected 0 arguments, but got 1.[39m

[31m[7m16[0m     const foods = await getAllProjectsService({[39m
[31m[7m  [0m [91m                                              ~[0m[39m
[31m[7m17[0m       owner: user.id,[39m
[31m[7m  [0m [91m~~~~~~~~~~~~~~~~~~~~~[0m[39m
[31m[7m18[0m     });[39m
[31m[7m  [0m [91m~~~~~[0m[39m

[31mError: тип Unable to compile TypeScript:[39m
[31m[96msrc/projects/controllers/getAllProjectsController.ts[0m:[93m16[0m:[93m47[0m - [91merror[0m[90m TS2554: [0mExpected 0 arguments, but got 1.[39m

[31m[7m16[0m     const foods = await getAllProjectsService({[39m
[31m[7m  [0m [91m                                              ~[0m[39m
[31m[7m17[0m       owner: user.id,[39m
[31m[7m  [0m [91m~~~~~~~~~~~~~~~~~~~~~[0m[39m
[31m[7m18[0m     });[39m
[31m[7m  [0m [91m~~~~~[0m[39m

[31m    at Object.<anonymous> (/media/reynaldo/f8db0900-b42d-4b5d-971f-4716687f2a60/Make It Real/PROYECTO GRUPAL/foodapp-server/src/projects/controllers/getAllProjectsController.ts:1:7)[39m
[31m    at Module._compile (node:internal/modules/cjs/loader:1103:14)[39m
[31m    at Module._compile (/media/reynaldo/f8db0900-b42d-4b5d-971f-4716687f2a60/Make It Real/PROYECTO GRUPAL/foodapp-server/node_modules/source-map-support/source-map-support.js:568:25)[39m
[31m    at Module.m._compile (/tmp/ts-node-dev-hook-3446994106441885.js:69:33)[39m
[31m    at Module._extensions..js (node:internal/modules/cjs/loader:1155:10)[39m
[31m    at require.extensions.<computed> (/tmp/ts-node-dev-hook-3446994106441885.js:71:20)[39m
[31m    at Object.nodeDevHook [as .ts] (/media/reynaldo/f8db0900-b42d-4b5d-971f-4716687f2a60/Make It Real/PROYECTO GRUPAL/foodapp-server/node_modules/ts-node-dev/lib/hook.js:63:13)[39m
[31m    at Module.load (node:internal/modules/cjs/loader:981:32)[39m
[31m    at Function.Module._load (node:internal/modules/cjs/loader:822:12)[39m
[31m    at Module.require (node:internal/modules/cjs/loader:1005:19)[39m 
  
       instance: undefined 

       fn:undefined 

       trace: [object Object],[object Object],[object Object],[object Object],[object Object],[object Object],[object Object],[object Object],[object Object],[object Object]
2022-03-14 20:25:46:2546 
       [31merror[39m: [31muncaughtException: тип Unable to compile TypeScript:[39m
[31m[96msrc/projects/controllers/getAllProjectsController.ts[0m:[93m16[0m:[93m47[0m - [91merror[0m[90m TS2554: [0mExpected 0 arguments, but got 1.[39m

[31m[7m16[0m     const foods = await getAllProjectsService({[39m
[31m[7m  [0m [91m                                              ~[0m[39m
[31m[7m17[0m       owner: user.id,[39m
[31m[7m  [0m [91m~~~~~~~~~~~~~~~~~~~~~[0m[39m
[31m[7m18[0m     });[39m
[31m[7m  [0m [91m~~~~~[0m[39m

[31mError: тип Unable to compile TypeScript:[39m
[31m[96msrc/projects/controllers/getAllProjectsController.ts[0m:[93m16[0m:[93m47[0m - [91merror[0m[90m TS2554: [0mExpected 0 arguments, but got 1.[39m

[31m[7m16[0m     const foods = await getAllProjectsService({[39m
[31m[7m  [0m [91m                                              ~[0m[39m
[31m[7m17[0m       owner: user.id,[39m
[31m[7m  [0m [91m~~~~~~~~~~~~~~~~~~~~~[0m[39m
[31m[7m18[0m     });[39m
[31m[7m  [0m [91m~~~~~[0m[39m

[31m    at Object.<anonymous> (/media/reynaldo/f8db0900-b42d-4b5d-971f-4716687f2a60/Make It Real/PROYECTO GRUPAL/foodapp-server/src/projects/controllers/getAllProjectsController.ts:1:7)[39m
[31m    at Module._compile (node:internal/modules/cjs/loader:1103:14)[39m
[31m    at Module._compile (/media/reynaldo/f8db0900-b42d-4b5d-971f-4716687f2a60/Make It Real/PROYECTO GRUPAL/foodapp-server/node_modules/source-map-support/source-map-support.js:568:25)[39m
[31m    at Module.m._compile (/tmp/ts-node-dev-hook-1636250473693126.js:69:33)[39m
[31m    at Module._extensions..js (node:internal/modules/cjs/loader:1155:10)[39m
[31m    at require.extensions.<computed> (/tmp/ts-node-dev-hook-1636250473693126.js:71:20)[39m
[31m    at Object.nodeDevHook [as .ts] (/media/reynaldo/f8db0900-b42d-4b5d-971f-4716687f2a60/Make It Real/PROYECTO GRUPAL/foodapp-server/node_modules/ts-node-dev/lib/hook.js:63:13)[39m
[31m    at Module.load (node:internal/modules/cjs/loader:981:32)[39m
[31m    at Function.Module._load (node:internal/modules/cjs/loader:822:12)[39m
[31m    at Module.require (node:internal/modules/cjs/loader:1005:19)[39m 
  
       instance: undefined 

       fn:undefined 

       trace: [object Object],[object Object],[object Object],[object Object],[object Object],[object Object],[object Object],[object Object],[object Object],[object Object]
2022-03-14 20:39:28:3928 
       [31merror[39m: [31muncaughtException: тип Unable to compile TypeScript:[39m
[31m[96msrc/projects/controllers/getAllProjectsController.ts[0m:[93m16[0m:[93m47[0m - [91merror[0m[90m TS2554: [0mExpected 0 arguments, but got 1.[39m

[31m[7m16[0m     const tasks = await getAllProjectsService({[39m
[31m[7m  [0m [91m                                              ~[0m[39m
[31m[7m17[0m       owner: user.id,[39m
[31m[7m  [0m [91m~~~~~~~~~~~~~~~~~~~~~[0m[39m
[31m[7m18[0m     });[39m
[31m[7m  [0m [91m~~~~~[0m[39m

[31mError: тип Unable to compile TypeScript:[39m
[31m[96msrc/projects/controllers/getAllProjectsController.ts[0m:[93m16[0m:[93m47[0m - [91merror[0m[90m TS2554: [0mExpected 0 arguments, but got 1.[39m

[31m[7m16[0m     const tasks = await getAllProjectsService({[39m
[31m[7m  [0m [91m                                              ~[0m[39m
[31m[7m17[0m       owner: user.id,[39m
[31m[7m  [0m [91m~~~~~~~~~~~~~~~~~~~~~[0m[39m
[31m[7m18[0m     });[39m
[31m[7m  [0m [91m~~~~~[0m[39m

[31m    at Object.<anonymous> (/media/reynaldo/f8db0900-b42d-4b5d-971f-4716687f2a60/Make It Real/PROYECTO GRUPAL/foodapp-server/src/projects/controllers/getAllProjectsController.ts:1:7)[39m
[31m    at Module._compile (node:internal/modules/cjs/loader:1103:14)[39m
[31m    at Module._compile (/media/reynaldo/f8db0900-b42d-4b5d-971f-4716687f2a60/Make It Real/PROYECTO GRUPAL/foodapp-server/node_modules/source-map-support/source-map-support.js:568:25)[39m
[31m    at Module.m._compile (/tmp/ts-node-dev-hook-34963192265314413.js:69:33)[39m
[31m    at Module._extensions..js (node:internal/modules/cjs/loader:1155:10)[39m
[31m    at require.extensions.<computed> (/tmp/ts-node-dev-hook-34963192265314413.js:71:20)[39m
[31m    at Object.nodeDevHook [as .ts] (/media/reynaldo/f8db0900-b42d-4b5d-971f-4716687f2a60/Make It Real/PROYECTO GRUPAL/foodapp-server/node_modules/ts-node-dev/lib/hook.js:63:13)[39m
[31m    at Module.load (node:internal/modules/cjs/loader:981:32)[39m
[31m    at Function.Module._load (node:internal/modules/cjs/loader:822:12)[39m
[31m    at Module.require (node:internal/modules/cjs/loader:1005:19)[39m 
  
       instance: undefined 

       fn:undefined 

       trace: [object Object],[object Object],[object Object],[object Object],[object Object],[object Object],[object Object],[object Object],[object Object],[object Object]
2022-03-14 20:40:26:4026 
       [31merror[39m: [31muncaughtException: Route.get() requires a callback function but got a [object Undefined][39m
[31mError: Route.get() requires a callback function but got a [object Undefined][39m
[31m    at Route.<computed> [as get] (/media/reynaldo/f8db0900-b42d-4b5d-971f-4716687f2a60/Make It Real/PROYECTO GRUPAL/foodapp-server/node_modules/express/lib/router/route.js:202:15)[39m
[31m    at Object.<anonymous> (/media/reynaldo/f8db0900-b42d-4b5d-971f-4716687f2a60/Make It Real/PROYECTO GRUPAL/foodapp-server/src/projects/routes/projectsRouter.ts:13:4)[39m
[31m    at Module._compile (node:internal/modules/cjs/loader:1103:14)[39m
[31m    at Module._compile (/media/reynaldo/f8db0900-b42d-4b5d-971f-4716687f2a60/Make It Real/PROYECTO GRUPAL/foodapp-server/node_modules/source-map-support/source-map-support.js:568:25)[39m
[31m    at Module.m._compile (/tmp/ts-node-dev-hook-34963192265314413.js:69:33)[39m
[31m    at Module._extensions..js (node:internal/modules/cjs/loader:1155:10)[39m
[31m    at require.extensions.<computed> (/tmp/ts-node-dev-hook-34963192265314413.js:71:20)[39m
[31m    at Object.nodeDevHook [as .ts] (/media/reynaldo/f8db0900-b42d-4b5d-971f-4716687f2a60/Make It Real/PROYECTO GRUPAL/foodapp-server/node_modules/ts-node-dev/lib/hook.js:63:13)[39m
[31m    at Module.load (node:internal/modules/cjs/loader:981:32)[39m
[31m    at Function.Module._load (node:internal/modules/cjs/loader:822:12)[39m 
  
       instance: undefined 

       fn:undefined 

       trace: [object Object],[object Object],[object Object],[object Object],[object Object],[object Object],[object Object],[object Object],[object Object],[object Object]
2022-03-14 20:40:38:4038 
       [31merror[39m: [31muncaughtException: тип Unable to compile TypeScript:[39m
[31m[96msrc/projects/controllers/getAllProjectsController.ts[0m:[93m16[0m:[93m47[0m - [91merror[0m[90m TS2554: [0mExpected 0 arguments, but got 1.[39m

[31m[7m16[0m     const tasks = await getAllProjectsService({[39m
[31m[7m  [0m [91m                                              ~[0m[39m
[31m[7m17[0m       owner: user.id,[39m
[31m[7m  [0m [91m~~~~~~~~~~~~~~~~~~~~~[0m[39m
[31m[7m18[0m     });[39m
[31m[7m  [0m [91m~~~~~[0m[39m

[31mError: тип Unable to compile TypeScript:[39m
[31m[96msrc/projects/controllers/getAllProjectsController.ts[0m:[93m16[0m:[93m47[0m - [91merror[0m[90m TS2554: [0mExpected 0 arguments, but got 1.[39m

[31m[7m16[0m     const tasks = await getAllProjectsService({[39m
[31m[7m  [0m [91m                                              ~[0m[39m
[31m[7m17[0m       owner: user.id,[39m
[31m[7m  [0m [91m~~~~~~~~~~~~~~~~~~~~~[0m[39m
[31m[7m18[0m     });[39m
[31m[7m  [0m [91m~~~~~[0m[39m

[31m    at Object.<anonymous> (/media/reynaldo/f8db0900-b42d-4b5d-971f-4716687f2a60/Make It Real/PROYECTO GRUPAL/foodapp-server/src/projects/controllers/getAllProjectsController.ts:1:7)[39m
[31m    at Module._compile (node:internal/modules/cjs/loader:1103:14)[39m
[31m    at Module._compile (/media/reynaldo/f8db0900-b42d-4b5d-971f-4716687f2a60/Make It Real/PROYECTO GRUPAL/foodapp-server/node_modules/source-map-support/source-map-support.js:568:25)[39m
[31m    at Module.m._compile (/tmp/ts-node-dev-hook-34963192265314413.js:69:33)[39m
[31m    at Module._extensions..js (node:internal/modules/cjs/loader:1155:10)[39m
[31m    at require.extensions.<computed> (/tmp/ts-node-dev-hook-34963192265314413.js:71:20)[39m
[31m    at Object.nodeDevHook [as .ts] (/media/reynaldo/f8db0900-b42d-4b5d-971f-4716687f2a60/Make It Real/PROYECTO GRUPAL/foodapp-server/node_modules/ts-node-dev/lib/hook.js:63:13)[39m
[31m    at Module.load (node:internal/modules/cjs/loader:981:32)[39m
[31m    at Function.Module._load (node:internal/modules/cjs/loader:822:12)[39m
[31m    at Module.require (node:internal/modules/cjs/loader:1005:19)[39m 
  
       instance: undefined 

       fn:undefined 

       trace: [object Object],[object Object],[object Object],[object Object],[object Object],[object Object],[object Object],[object Object],[object Object],[object Object]
2022-03-14 20:40:44:4044 
       [31merror[39m: [31muncaughtException: Route.get() requires a callback function but got a [object Undefined][39m
[31mError: Route.get() requires a callback function but got a [object Undefined][39m
[31m    at Route.<computed> [as get] (/media/reynaldo/f8db0900-b42d-4b5d-971f-4716687f2a60/Make It Real/PROYECTO GRUPAL/foodapp-server/node_modules/express/lib/router/route.js:202:15)[39m
[31m    at Object.<anonymous> (/media/reynaldo/f8db0900-b42d-4b5d-971f-4716687f2a60/Make It Real/PROYECTO GRUPAL/foodapp-server/src/projects/routes/projectsRouter.ts:13:4)[39m
[31m    at Module._compile (node:internal/modules/cjs/loader:1103:14)[39m
[31m    at Module._compile (/media/reynaldo/f8db0900-b42d-4b5d-971f-4716687f2a60/Make It Real/PROYECTO GRUPAL/foodapp-server/node_modules/source-map-support/source-map-support.js:568:25)[39m
[31m    at Module.m._compile (/tmp/ts-node-dev-hook-34963192265314413.js:69:33)[39m
[31m    at Module._extensions..js (node:internal/modules/cjs/loader:1155:10)[39m
[31m    at require.extensions.<computed> (/tmp/ts-node-dev-hook-34963192265314413.js:71:20)[39m
[31m    at Object.nodeDevHook [as .ts] (/media/reynaldo/f8db0900-b42d-4b5d-971f-4716687f2a60/Make It Real/PROYECTO GRUPAL/foodapp-server/node_modules/ts-node-dev/lib/hook.js:63:13)[39m
[31m    at Module.load (node:internal/modules/cjs/loader:981:32)[39m
[31m    at Function.Module._load (node:internal/modules/cjs/loader:822:12)[39m 
  
       instance: undefined 

       fn:undefined 

       trace: [object Object],[object Object],[object Object],[object Object],[object Object],[object Object],[object Object],[object Object],[object Object],[object Object]
2022-03-14 20:41:05:415 
       [31merror[39m: [31muncaughtException: тип Unable to compile TypeScript:[39m
[31m[96msrc/projects/controllers/getAllProjectsController.ts[0m:[93m16[0m:[93m47[0m - [91merror[0m[90m TS2554: [0mExpected 0 arguments, but got 1.[39m

[31m[7m16[0m     const tasks = await getAllProjectsService({[39m
[31m[7m  [0m [91m                                              ~[0m[39m
[31m[7m17[0m       owner: user.id,[39m
[31m[7m  [0m [91m~~~~~~~~~~~~~~~~~~~~~[0m[39m
[31m[7m18[0m     });[39m
[31m[7m  [0m [91m~~~~~[0m[39m

[31mError: тип Unable to compile TypeScript:[39m
[31m[96msrc/projects/controllers/getAllProjectsController.ts[0m:[93m16[0m:[93m47[0m - [91merror[0m[90m TS2554: [0mExpected 0 arguments, but got 1.[39m

[31m[7m16[0m     const tasks = await getAllProjectsService({[39m
[31m[7m  [0m [91m                                              ~[0m[39m
[31m[7m17[0m       owner: user.id,[39m
[31m[7m  [0m [91m~~~~~~~~~~~~~~~~~~~~~[0m[39m
[31m[7m18[0m     });[39m
[31m[7m  [0m [91m~~~~~[0m[39m

[31m    at Object.<anonymous> (/media/reynaldo/f8db0900-b42d-4b5d-971f-4716687f2a60/Make It Real/PROYECTO GRUPAL/foodapp-server/src/projects/controllers/getAllProjectsController.ts:1:7)[39m
[31m    at Module._compile (node:internal/modules/cjs/loader:1103:14)[39m
[31m    at Module._compile (/media/reynaldo/f8db0900-b42d-4b5d-971f-4716687f2a60/Make It Real/PROYECTO GRUPAL/foodapp-server/node_modules/source-map-support/source-map-support.js:568:25)[39m
[31m    at Module.m._compile (/tmp/ts-node-dev-hook-34963192265314413.js:69:33)[39m
[31m    at Module._extensions..js (node:internal/modules/cjs/loader:1155:10)[39m
[31m    at require.extensions.<computed> (/tmp/ts-node-dev-hook-34963192265314413.js:71:20)[39m
[31m    at Object.nodeDevHook [as .ts] (/media/reynaldo/f8db0900-b42d-4b5d-971f-4716687f2a60/Make It Real/PROYECTO GRUPAL/foodapp-server/node_modules/ts-node-dev/lib/hook.js:63:13)[39m
[31m    at Module.load (node:internal/modules/cjs/loader:981:32)[39m
[31m    at Function.Module._load (node:internal/modules/cjs/loader:822:12)[39m
[31m    at Module.require (node:internal/modules/cjs/loader:1005:19)[39m 
  
       instance: undefined 

       fn:undefined 

       trace: [object Object],[object Object],[object Object],[object Object],[object Object],[object Object],[object Object],[object Object],[object Object],[object Object]
2022-03-14 23:36:09:369 
       [31merror[39m: [31muncaughtException: тип Unable to compile TypeScript:[39m
[31m[96msrc/projects/services/getAllProjectsService.ts[0m:[93m7[0m:[93m38[0m - [91merror[0m[90m TS2304: [0mCannot find name 'async'.[39m

[31m[7m7[0m export const getAllProjectsService = async (/*query:any): Promise<Project[]> => {[39m
[31m[7m [0m [91m                                     ~~~~~[0m[39m
[31m[96msrc/projects/services/getAllProjectsService.ts[0m:[93m20[0m:[93m1[0m - [91merror[0m[90m TS1010: [0m'*/' expected.[39m

[31m[7m20[0m [39m
[31m[7m  [0m [91m[0m[39m

[31mError: тип Unable to compile TypeScript:[39m
[31m[96msrc/projects/services/getAllProjectsService.ts[0m:[93m7[0m:[93m38[0m - [91merror[0m[90m TS2304: [0mCannot find name 'async'.[39m

[31m[7m7[0m export const getAllProjectsService = async (/*query:any): Promise<Project[]> => {[39m
[31m[7m [0m [91m                                     ~~~~~[0m[39m
[31m[96msrc/projects/services/getAllProjectsService.ts[0m:[93m20[0m:[93m1[0m - [91merror[0m[90m TS1010: [0m'*/' expected.[39m

[31m[7m20[0m [39m
[31m[7m  [0m [91m[0m[39m

[31m    at Object.<anonymous> (/media/reynaldo/f8db0900-b42d-4b5d-971f-4716687f2a60/Make It Real/PROYECTO GRUPAL/foodapp-server/src/projects/services/getAllProjectsService.ts:1:7)[39m
[31m    at Module._compile (node:internal/modules/cjs/loader:1103:14)[39m
[31m    at Module._compile (/media/reynaldo/f8db0900-b42d-4b5d-971f-4716687f2a60/Make It Real/PROYECTO GRUPAL/foodapp-server/node_modules/source-map-support/source-map-support.js:568:25)[39m
[31m    at Module.m._compile (/tmp/ts-node-dev-hook-8745998567479749.js:69:33)[39m
[31m    at Module._extensions..js (node:internal/modules/cjs/loader:1155:10)[39m
[31m    at require.extensions.<computed> (/tmp/ts-node-dev-hook-8745998567479749.js:71:20)[39m
[31m    at Object.nodeDevHook [as .ts] (/media/reynaldo/f8db0900-b42d-4b5d-971f-4716687f2a60/Make It Real/PROYECTO GRUPAL/foodapp-server/node_modules/ts-node-dev/lib/hook.js:63:13)[39m
[31m    at Module.load (node:internal/modules/cjs/loader:981:32)[39m
[31m    at Function.Module._load (node:internal/modules/cjs/loader:822:12)[39m
[31m    at Module.require (node:internal/modules/cjs/loader:1005:19)[39m 
  
       instance: undefined 

       fn:undefined 

       trace: [object Object],[object Object],[object Object],[object Object],[object Object],[object Object],[object Object],[object Object],[object Object],[object Object]
2022-03-14 23:36:14:3614 
       [31merror[39m: [31muncaughtException: тип Unable to compile TypeScript:[39m
[31m[96msrc/projects/services/getAllProjectsService.ts[0m:[93m9[0m:[93m71[0m - [91merror[0m[90m TS18004: [0mNo value exists in scope for the shorthand property 'query'. Either declare one or provide an initializer.[39m

[31m[7m9[0m     const projects: Project[] = await findAllResources(ProjectModel)({query});[39m
[31m[7m [0m [91m                                                                      ~~~~~[0m[39m

[31mError: тип Unable to compile TypeScript:[39m
[31m[96msrc/projects/services/getAllProjectsService.ts[0m:[93m9[0m:[93m71[0m - [91merror[0m[90m TS18004: [0mNo value exists in scope for the shorthand property 'query'. Either declare one or provide an initializer.[39m

[31m[7m9[0m     const projects: Project[] = await findAllResources(ProjectModel)({query});[39m
[31m[7m [0m [91m                                                                      ~~~~~[0m[39m

[31m    at Object.<anonymous> (/media/reynaldo/f8db0900-b42d-4b5d-971f-4716687f2a60/Make It Real/PROYECTO GRUPAL/foodapp-server/src/projects/services/getAllProjectsService.ts:1:7)[39m
[31m    at Module._compile (node:internal/modules/cjs/loader:1103:14)[39m
[31m    at Module._compile (/media/reynaldo/f8db0900-b42d-4b5d-971f-4716687f2a60/Make It Real/PROYECTO GRUPAL/foodapp-server/node_modules/source-map-support/source-map-support.js:568:25)[39m
[31m    at Module.m._compile (/tmp/ts-node-dev-hook-8745998567479749.js:69:33)[39m
[31m    at Module._extensions..js (node:internal/modules/cjs/loader:1155:10)[39m
[31m    at require.extensions.<computed> (/tmp/ts-node-dev-hook-8745998567479749.js:71:20)[39m
[31m    at Object.nodeDevHook [as .ts] (/media/reynaldo/f8db0900-b42d-4b5d-971f-4716687f2a60/Make It Real/PROYECTO GRUPAL/foodapp-server/node_modules/ts-node-dev/lib/hook.js:63:13)[39m
[31m    at Module.load (node:internal/modules/cjs/loader:981:32)[39m
[31m    at Function.Module._load (node:internal/modules/cjs/loader:822:12)[39m
[31m    at Module.require (node:internal/modules/cjs/loader:1005:19)[39m 
  
       instance: undefined 

       fn:undefined 

       trace: [object Object],[object Object],[object Object],[object Object],[object Object],[object Object],[object Object],[object Object],[object Object],[object Object]
2022-03-15 07:54:40:5440 
       [31merror[39m: [31muncaughtException: тип Unable to compile TypeScript:[39m
[31m[96msrc/projects/controllers/getAllProjectsController.ts[0m:[93m16[0m:[93m47[0m - [91merror[0m[90m TS2554: [0mExpected 0 arguments, but got 1.[39m

[31m[7m16[0m     const tasks = await getAllProjectsService({[39m
[31m[7m  [0m [91m                                              ~[0m[39m
[31m[7m17[0m       owner: user.id,[39m
[31m[7m  [0m [91m~~~~~~~~~~~~~~~~~~~~~[0m[39m
[31m[7m18[0m     });[39m
[31m[7m  [0m [91m~~~~~[0m[39m

[31mError: тип Unable to compile TypeScript:[39m
[31m[96msrc/projects/controllers/getAllProjectsController.ts[0m:[93m16[0m:[93m47[0m - [91merror[0m[90m TS2554: [0mExpected 0 arguments, but got 1.[39m

[31m[7m16[0m     const tasks = await getAllProjectsService({[39m
[31m[7m  [0m [91m                                              ~[0m[39m
[31m[7m17[0m       owner: user.id,[39m
[31m[7m  [0m [91m~~~~~~~~~~~~~~~~~~~~~[0m[39m
[31m[7m18[0m     });[39m
[31m[7m  [0m [91m~~~~~[0m[39m

[31m    at Object.<anonymous> (/media/reynaldo/f8db0900-b42d-4b5d-971f-4716687f2a60/Make It Real/PROYECTO GRUPAL/foodapp-server/src/projects/controllers/getAllProjectsController.ts:1:7)[39m
[31m    at Module._compile (node:internal/modules/cjs/loader:1103:14)[39m
[31m    at Module._compile (/media/reynaldo/f8db0900-b42d-4b5d-971f-4716687f2a60/Make It Real/PROYECTO GRUPAL/foodapp-server/node_modules/source-map-support/source-map-support.js:568:25)[39m
[31m    at Module.m._compile (/tmp/ts-node-dev-hook-153188316643194.js:69:33)[39m
[31m    at Module._extensions..js (node:internal/modules/cjs/loader:1155:10)[39m
[31m    at require.extensions.<computed> (/tmp/ts-node-dev-hook-153188316643194.js:71:20)[39m
[31m    at Object.nodeDevHook [as .ts] (/media/reynaldo/f8db0900-b42d-4b5d-971f-4716687f2a60/Make It Real/PROYECTO GRUPAL/foodapp-server/node_modules/ts-node-dev/lib/hook.js:63:13)[39m
[31m    at Module.load (node:internal/modules/cjs/loader:981:32)[39m
[31m    at Function.Module._load (node:internal/modules/cjs/loader:822:12)[39m
[31m    at Module.require (node:internal/modules/cjs/loader:1005:19)[39m 
  
       instance: undefined 

       fn:undefined 

       trace: [object Object],[object Object],[object Object],[object Object],[object Object],[object Object],[object Object],[object Object],[object Object],[object Object]
2022-03-15 07:59:37:5937 
       [31merror[39m: [31muncaughtException: тип Unable to compile TypeScript:[39m
[31m[96msrc/projects/routes/projectsRouter.ts[0m:[93m23[0m:[93m26[0m - [91merror[0m[90m TS2304: [0mCannot find name 'editProjectValidateSchema'.[39m

[31m[7m23[0m     bodyRequestValidator(editProjectValidateSchema),[39m
[31m[7m  [0m [91m                         ~~~~~~~~~~~~~~~~~~~~~~~~~[0m[39m
[31m[96msrc/projects/routes/projectsRouter.ts[0m:[93m24[0m:[93m23[0m - [91merror[0m[90m TS2339: [0mProperty 'editOneProject' does not exist on type 'typeof import("/media/reynaldo/f8db0900-b42d-4b5d-971f-4716687f2a60/Make It Real/PROYECTO GRUPAL/foodapp-server/src/projects/controllers/index")'.[39m

[31m[7m24[0m     projectController.editOneProject[39m
[31m[7m  [0m [91m                      ~~~~~~~~~~~~~~[0m[39m
[31m[96msrc/projects/routes/projectsRouter.ts[0m:[93m26[0m:[93m50[0m - [91merror[0m[90m TS2339: [0mProperty 'deleteOneProject' does not exist on type 'typeof import("/media/reynaldo/f8db0900-b42d-4b5d-971f-4716687f2a60/Make It Real/PROYECTO GRUPAL/foodapp-server/src/projects/controllers/index")'.[39m

[31m[7m26[0m   .delete(userTokenValidation, projectController.deleteOneProject); */[39m
[31m[7m  [0m [91m                                                 ~~~~~~~~~~~~~~~~[0m[39m
[31m[96msrc/projects/routes/projectsRouter.ts[0m:[93m26[0m:[93m70[0m - [91merror[0m[90m TS2363: [0mThe right-hand side of an arithmetic operation must be of type 'any', 'number', 'bigint' or an enum type.[39m

[31m[7m26[0m   .delete(userTokenValidation, projectController.deleteOneProject); */[39m
[31m[7m  [0m [91m                                                                     ~[0m[39m
[31m[96msrc/projects/routes/projectsRouter.ts[0m:[93m26[0m:[93m69[0m - [91merror[0m[90m TS1109: [0mExpression expected.[39m

[31m[7m26[0m   .delete(userTokenValidation, projectController.deleteOneProject); */[39m
[31m[7m  [0m [91m                                                                    ~[0m[39m
[31m[96msrc/projects/routes/projectsRouter.ts[0m:[93m26[0m:[93m71[0m - [91merror[0m[90m TS1161: [0mUnterminated regular expression literal.[39m

[31m[7m26[0m   .delete(userTokenValidation, projectController.deleteOneProject); */[39m
[31m[7m  [0m [91m                                                                      [0m[39m

[31mError: тип Unable to compile TypeScript:[39m
[31m[96msrc/projects/routes/projectsRouter.ts[0m:[93m23[0m:[93m26[0m - [91merror[0m[90m TS2304: [0mCannot find name 'editProjectValidateSchema'.[39m

[31m[7m23[0m     bodyRequestValidator(editProjectValidateSchema),[39m
[31m[7m  [0m [91m                         ~~~~~~~~~~~~~~~~~~~~~~~~~[0m[39m
[31m[96msrc/projects/routes/projectsRouter.ts[0m:[93m24[0m:[93m23[0m - [91merror[0m[90m TS2339: [0mProperty 'editOneProject' does not exist on type 'typeof import("/media/reynaldo/f8db0900-b42d-4b5d-971f-4716687f2a60/Make It Real/PROYECTO GRUPAL/foodapp-server/src/projects/controllers/index")'.[39m

[31m[7m24[0m     projectController.editOneProject[39m
[31m[7m  [0m [91m                      ~~~~~~~~~~~~~~[0m[39m
[31m[96msrc/projects/routes/projectsRouter.ts[0m:[93m26[0m:[93m50[0m - [91merror[0m[90m TS2339: [0mProperty 'deleteOneProject' does not exist on type 'typeof import("/media/reynaldo/f8db0900-b42d-4b5d-971f-4716687f2a60/Make It Real/PROYECTO GRUPAL/foodapp-server/src/projects/controllers/index")'.[39m

[31m[7m26[0m   .delete(userTokenValidation, projectController.deleteOneProject); */[39m
[31m[7m  [0m [91m                                                 ~~~~~~~~~~~~~~~~[0m[39m
[31m[96msrc/projects/routes/projectsRouter.ts[0m:[93m26[0m:[93m70[0m - [91merror[0m[90m TS2363: [0mThe right-hand side of an arithmetic operation must be of type 'any', 'number', 'bigint' or an enum type.[39m

[31m[7m26[0m   .delete(userTokenValidation, projectController.deleteOneProject); */[39m
[31m[7m  [0m [91m                                                                     ~[0m[39m
[31m[96msrc/projects/routes/projectsRouter.ts[0m:[93m26[0m:[93m69[0m - [91merror[0m[90m TS1109: [0mExpression expected.[39m

[31m[7m26[0m   .delete(userTokenValidation, projectController.deleteOneProject); */[39m
[31m[7m  [0m [91m                                                                    ~[0m[39m
[31m[96msrc/projects/routes/projectsRouter.ts[0m:[93m26[0m:[93m71[0m - [91merror[0m[90m TS1161: [0mUnterminated regular expression literal.[39m

[31m[7m26[0m   .delete(userTokenValidation, projectController.deleteOneProject); */[39m
[31m[7m  [0m [91m                                                                      [0m[39m

[31m    at Object.<anonymous> (/media/reynaldo/f8db0900-b42d-4b5d-971f-4716687f2a60/Make It Real/PROYECTO GRUPAL/foodapp-server/src/projects/routes/projectsRouter.ts:1:7)[39m
[31m    at Module._compile (node:internal/modules/cjs/loader:1103:14)[39m
[31m    at Module._compile (/media/reynaldo/f8db0900-b42d-4b5d-971f-4716687f2a60/Make It Real/PROYECTO GRUPAL/foodapp-server/node_modules/source-map-support/source-map-support.js:568:25)[39m
[31m    at Module.m._compile (/tmp/ts-node-dev-hook-6942303111646198.js:69:33)[39m
[31m    at Module._extensions..js (node:internal/modules/cjs/loader:1155:10)[39m
[31m    at require.extensions.<computed> (/tmp/ts-node-dev-hook-6942303111646198.js:71:20)[39m
[31m    at Object.nodeDevHook [as .ts] (/media/reynaldo/f8db0900-b42d-4b5d-971f-4716687f2a60/Make It Real/PROYECTO GRUPAL/foodapp-server/node_modules/ts-node-dev/lib/hook.js:63:13)[39m
[31m    at Module.load (node:internal/modules/cjs/loader:981:32)[39m
[31m    at Function.Module._load (node:internal/modules/cjs/loader:822:12)[39m
[31m    at Module.require (node:internal/modules/cjs/loader:1005:19)[39m 
  
       instance: undefined 

       fn:undefined 

       trace: [object Object],[object Object],[object Object],[object Object],[object Object],[object Object],[object Object],[object Object],[object Object],[object Object]
2022-03-15 08:00:00:00 
       [31merror[39m: [31muncaughtException: тип Unable to compile TypeScript:[39m
[31m[96msrc/projects/routes/projectsRouter.ts[0m:[93m23[0m:[93m26[0m - [91merror[0m[90m TS2304: [0mCannot find name 'editProjectValidateSchema'.[39m

[31m[7m23[0m     bodyRequestValidator(editProjectValidateSchema),[39m
[31m[7m  [0m [91m                         ~~~~~~~~~~~~~~~~~~~~~~~~~[0m[39m
[31m[96msrc/projects/routes/projectsRouter.ts[0m:[93m24[0m:[93m23[0m - [91merror[0m[90m TS2339: [0mProperty 'editOneProject' does not exist on type 'typeof import("/media/reynaldo/f8db0900-b42d-4b5d-971f-4716687f2a60/Make It Real/PROYECTO GRUPAL/foodapp-server/src/projects/controllers/index")'.[39m

[31m[7m24[0m     projectController.editOneProject[39m
[31m[7m  [0m [91m                      ~~~~~~~~~~~~~~[0m[39m
[31m[96msrc/projects/routes/projectsRouter.ts[0m:[93m26[0m:[93m50[0m - [91merror[0m[90m TS2339: [0mProperty 'deleteOneProject' does not exist on type 'typeof import("/media/reynaldo/f8db0900-b42d-4b5d-971f-4716687f2a60/Make It Real/PROYECTO GRUPAL/foodapp-server/src/projects/controllers/index")'.[39m

[31m[7m26[0m   .delete(userTokenValidation, projectController.deleteOneProject); */[39m
[31m[7m  [0m [91m                                                 ~~~~~~~~~~~~~~~~[0m[39m
[31m[96msrc/projects/routes/projectsRouter.ts[0m:[93m26[0m:[93m70[0m - [91merror[0m[90m TS2363: [0mThe right-hand side of an arithmetic operation must be of type 'any', 'number', 'bigint' or an enum type.[39m

[31m[7m26[0m   .delete(userTokenValidation, projectController.deleteOneProject); */[39m
[31m[7m  [0m [91m                                                                     ~[0m[39m
[31m[96msrc/projects/routes/projectsRouter.ts[0m:[93m26[0m:[93m69[0m - [91merror[0m[90m TS1109: [0mExpression expected.[39m

[31m[7m26[0m   .delete(userTokenValidation, projectController.deleteOneProject); */[39m
[31m[7m  [0m [91m                                                                    ~[0m[39m
[31m[96msrc/projects/routes/projectsRouter.ts[0m:[93m26[0m:[93m71[0m - [91merror[0m[90m TS1161: [0mUnterminated regular expression literal.[39m

[31m[7m26[0m   .delete(userTokenValidation, projectController.deleteOneProject); */[39m
[31m[7m  [0m [91m                                                                      [0m[39m

[31mError: тип Unable to compile TypeScript:[39m
[31m[96msrc/projects/routes/projectsRouter.ts[0m:[93m23[0m:[93m26[0m - [91merror[0m[90m TS2304: [0mCannot find name 'editProjectValidateSchema'.[39m

[31m[7m23[0m     bodyRequestValidator(editProjectValidateSchema),[39m
[31m[7m  [0m [91m                         ~~~~~~~~~~~~~~~~~~~~~~~~~[0m[39m
[31m[96msrc/projects/routes/projectsRouter.ts[0m:[93m24[0m:[93m23[0m - [91merror[0m[90m TS2339: [0mProperty 'editOneProject' does not exist on type 'typeof import("/media/reynaldo/f8db0900-b42d-4b5d-971f-4716687f2a60/Make It Real/PROYECTO GRUPAL/foodapp-server/src/projects/controllers/index")'.[39m

[31m[7m24[0m     projectController.editOneProject[39m
[31m[7m  [0m [91m                      ~~~~~~~~~~~~~~[0m[39m
[31m[96msrc/projects/routes/projectsRouter.ts[0m:[93m26[0m:[93m50[0m - [91merror[0m[90m TS2339: [0mProperty 'deleteOneProject' does not exist on type 'typeof import("/media/reynaldo/f8db0900-b42d-4b5d-971f-4716687f2a60/Make It Real/PROYECTO GRUPAL/foodapp-server/src/projects/controllers/index")'.[39m

[31m[7m26[0m   .delete(userTokenValidation, projectController.deleteOneProject); */[39m
[31m[7m  [0m [91m                                                 ~~~~~~~~~~~~~~~~[0m[39m
[31m[96msrc/projects/routes/projectsRouter.ts[0m:[93m26[0m:[93m70[0m - [91merror[0m[90m TS2363: [0mThe right-hand side of an arithmetic operation must be of type 'any', 'number', 'bigint' or an enum type.[39m

[31m[7m26[0m   .delete(userTokenValidation, projectController.deleteOneProject); */[39m
[31m[7m  [0m [91m                                                                     ~[0m[39m
[31m[96msrc/projects/routes/projectsRouter.ts[0m:[93m26[0m:[93m69[0m - [91merror[0m[90m TS1109: [0mExpression expected.[39m

[31m[7m26[0m   .delete(userTokenValidation, projectController.deleteOneProject); */[39m
[31m[7m  [0m [91m                                                                    ~[0m[39m
[31m[96msrc/projects/routes/projectsRouter.ts[0m:[93m26[0m:[93m71[0m - [91merror[0m[90m TS1161: [0mUnterminated regular expression literal.[39m

[31m[7m26[0m   .delete(userTokenValidation, projectController.deleteOneProject); */[39m
[31m[7m  [0m [91m                                                                      [0m[39m

[31m    at Object.<anonymous> (/media/reynaldo/f8db0900-b42d-4b5d-971f-4716687f2a60/Make It Real/PROYECTO GRUPAL/foodapp-server/src/projects/routes/projectsRouter.ts:1:7)[39m
[31m    at Module._compile (node:internal/modules/cjs/loader:1103:14)[39m
[31m    at Module._compile (/media/reynaldo/f8db0900-b42d-4b5d-971f-4716687f2a60/Make It Real/PROYECTO GRUPAL/foodapp-server/node_modules/source-map-support/source-map-support.js:568:25)[39m
[31m    at Module.m._compile (/tmp/ts-node-dev-hook-6942303111646198.js:69:33)[39m
[31m    at Module._extensions..js (node:internal/modules/cjs/loader:1155:10)[39m
[31m    at require.extensions.<computed> (/tmp/ts-node-dev-hook-6942303111646198.js:71:20)[39m
[31m    at Object.nodeDevHook [as .ts] (/media/reynaldo/f8db0900-b42d-4b5d-971f-4716687f2a60/Make It Real/PROYECTO GRUPAL/foodapp-server/node_modules/ts-node-dev/lib/hook.js:63:13)[39m
[31m    at Module.load (node:internal/modules/cjs/loader:981:32)[39m
[31m    at Function.Module._load (node:internal/modules/cjs/loader:822:12)[39m
[31m    at Module.require (node:internal/modules/cjs/loader:1005:19)[39m 
  
       instance: undefined 

       fn:undefined 

       trace: [object Object],[object Object],[object Object],[object Object],[object Object],[object Object],[object Object],[object Object],[object Object],[object Object]
2022-03-15 08:00:56:056 
       [31merror[39m: [31muncaughtException: тип Unable to compile TypeScript:[39m
[31m[96msrc/projects/routes/projectsRouter.ts[0m:[93m23[0m:[93m26[0m - [91merror[0m[90m TS2304: [0mCannot find name 'editProjectValidateSchem'.[39m

[31m[7m23[0m     bodyRequestValidator(editProjectValidateSchem),[39m
[31m[7m  [0m [91m                         ~~~~~~~~~~~~~~~~~~~~~~~~[0m[39m
[31m[96msrc/projects/routes/projectsRouter.ts[0m:[93m24[0m:[93m23[0m - [91merror[0m[90m TS2339: [0mProperty 'editOneProject' does not exist on type 'typeof import("/media/reynaldo/f8db0900-b42d-4b5d-971f-4716687f2a60/Make It Real/PROYECTO GRUPAL/foodapp-server/src/projects/controllers/index")'.[39m

[31m[7m24[0m     projectController.editOneProject[39m
[31m[7m  [0m [91m                      ~~~~~~~~~~~~~~[0m[39m
[31m[96msrc/projects/routes/projectsRouter.ts[0m:[93m26[0m:[93m50[0m - [91merror[0m[90m TS2339: [0mProperty 'deleteOneProject' does not exist on type 'typeof import("/media/reynaldo/f8db0900-b42d-4b5d-971f-4716687f2a60/Make It Real/PROYECTO GRUPAL/foodapp-server/src/projects/controllers/index")'.[39m

[31m[7m26[0m   .delete(userTokenValidation, projectController.deleteOneProject); */[39m
[31m[7m  [0m [91m                                                 ~~~~~~~~~~~~~~~~[0m[39m
[31m[96msrc/projects/routes/projectsRouter.ts[0m:[93m26[0m:[93m70[0m - [91merror[0m[90m TS2363: [0mThe right-hand side of an arithmetic operation must be of type 'any', 'number', 'bigint' or an enum type.[39m

[31m[7m26[0m   .delete(userTokenValidation, projectController.deleteOneProject); */[39m
[31m[7m  [0m [91m                                                                     ~[0m[39m
[31m[96msrc/projects/routes/projectsRouter.ts[0m:[93m26[0m:[93m69[0m - [91merror[0m[90m TS1109: [0mExpression expected.[39m

[31m[7m26[0m   .delete(userTokenValidation, projectController.deleteOneProject); */[39m
[31m[7m  [0m [91m                                                                    ~[0m[39m
[31m[96msrc/projects/routes/projectsRouter.ts[0m:[93m26[0m:[93m71[0m - [91merror[0m[90m TS1161: [0mUnterminated regular expression literal.[39m

[31m[7m26[0m   .delete(userTokenValidation, projectController.deleteOneProject); */[39m
[31m[7m  [0m [91m                                                                      [0m[39m

[31mError: тип Unable to compile TypeScript:[39m
[31m[96msrc/projects/routes/projectsRouter.ts[0m:[93m23[0m:[93m26[0m - [91merror[0m[90m TS2304: [0mCannot find name 'editProjectValidateSchem'.[39m

[31m[7m23[0m     bodyRequestValidator(editProjectValidateSchem),[39m
[31m[7m  [0m [91m                         ~~~~~~~~~~~~~~~~~~~~~~~~[0m[39m
[31m[96msrc/projects/routes/projectsRouter.ts[0m:[93m24[0m:[93m23[0m - [91merror[0m[90m TS2339: [0mProperty 'editOneProject' does not exist on type 'typeof import("/media/reynaldo/f8db0900-b42d-4b5d-971f-4716687f2a60/Make It Real/PROYECTO GRUPAL/foodapp-server/src/projects/controllers/index")'.[39m

[31m[7m24[0m     projectController.editOneProject[39m
[31m[7m  [0m [91m                      ~~~~~~~~~~~~~~[0m[39m
[31m[96msrc/projects/routes/projectsRouter.ts[0m:[93m26[0m:[93m50[0m - [91merror[0m[90m TS2339: [0mProperty 'deleteOneProject' does not exist on type 'typeof import("/media/reynaldo/f8db0900-b42d-4b5d-971f-4716687f2a60/Make It Real/PROYECTO GRUPAL/foodapp-server/src/projects/controllers/index")'.[39m

[31m[7m26[0m   .delete(userTokenValidation, projectController.deleteOneProject); */[39m
[31m[7m  [0m [91m                                                 ~~~~~~~~~~~~~~~~[0m[39m
[31m[96msrc/projects/routes/projectsRouter.ts[0m:[93m26[0m:[93m70[0m - [91merror[0m[90m TS2363: [0mThe right-hand side of an arithmetic operation must be of type 'any', 'number', 'bigint' or an enum type.[39m

[31m[7m26[0m   .delete(userTokenValidation, projectController.deleteOneProject); */[39m
[31m[7m  [0m [91m                                                                     ~[0m[39m
[31m[96msrc/projects/routes/projectsRouter.ts[0m:[93m26[0m:[93m69[0m - [91merror[0m[90m TS1109: [0mExpression expected.[39m

[31m[7m26[0m   .delete(userTokenValidation, projectController.deleteOneProject); */[39m
[31m[7m  [0m [91m                                                                    ~[0m[39m
[31m[96msrc/projects/routes/projectsRouter.ts[0m:[93m26[0m:[93m71[0m - [91merror[0m[90m TS1161: [0mUnterminated regular expression literal.[39m

[31m[7m26[0m   .delete(userTokenValidation, projectController.deleteOneProject); */[39m
[31m[7m  [0m [91m                                                                      [0m[39m

[31m    at Object.<anonymous> (/media/reynaldo/f8db0900-b42d-4b5d-971f-4716687f2a60/Make It Real/PROYECTO GRUPAL/foodapp-server/src/projects/routes/projectsRouter.ts:1:7)[39m
[31m    at Module._compile (node:internal/modules/cjs/loader:1103:14)[39m
[31m    at Module._compile (/media/reynaldo/f8db0900-b42d-4b5d-971f-4716687f2a60/Make It Real/PROYECTO GRUPAL/foodapp-server/node_modules/source-map-support/source-map-support.js:568:25)[39m
[31m    at Module.m._compile (/tmp/ts-node-dev-hook-6942303111646198.js:69:33)[39m
[31m    at Module._extensions..js (node:internal/modules/cjs/loader:1155:10)[39m
[31m    at require.extensions.<computed> (/tmp/ts-node-dev-hook-6942303111646198.js:71:20)[39m
[31m    at Object.nodeDevHook [as .ts] (/media/reynaldo/f8db0900-b42d-4b5d-971f-4716687f2a60/Make It Real/PROYECTO GRUPAL/foodapp-server/node_modules/ts-node-dev/lib/hook.js:63:13)[39m
[31m    at Module.load (node:internal/modules/cjs/loader:981:32)[39m
[31m    at Function.Module._load (node:internal/modules/cjs/loader:822:12)[39m
[31m    at Module.require (node:internal/modules/cjs/loader:1005:19)[39m 
  
       instance: undefined 

       fn:undefined 

       trace: [object Object],[object Object],[object Object],[object Object],[object Object],[object Object],[object Object],[object Object],[object Object],[object Object]
2022-03-15 08:00:58:058 
       [31merror[39m: [31muncaughtException: тип Unable to compile TypeScript:[39m
[31m[96msrc/projects/routes/projectsRouter.ts[0m:[93m23[0m:[93m26[0m - [91merror[0m[90m TS2304: [0mCannot find name 'editProjectValidateSchema'.[39m

[31m[7m23[0m     bodyRequestValidator(editProjectValidateSchema),[39m
[31m[7m  [0m [91m                         ~~~~~~~~~~~~~~~~~~~~~~~~~[0m[39m
[31m[96msrc/projects/routes/projectsRouter.ts[0m:[93m24[0m:[93m23[0m - [91merror[0m[90m TS2339: [0mProperty 'editOneProject' does not exist on type 'typeof import("/media/reynaldo/f8db0900-b42d-4b5d-971f-4716687f2a60/Make It Real/PROYECTO GRUPAL/foodapp-server/src/projects/controllers/index")'.[39m

[31m[7m24[0m     projectController.editOneProject[39m
[31m[7m  [0m [91m                      ~~~~~~~~~~~~~~[0m[39m
[31m[96msrc/projects/routes/projectsRouter.ts[0m:[93m26[0m:[93m50[0m - [91merror[0m[90m TS2339: [0mProperty 'deleteOneProject' does not exist on type 'typeof import("/media/reynaldo/f8db0900-b42d-4b5d-971f-4716687f2a60/Make It Real/PROYECTO GRUPAL/foodapp-server/src/projects/controllers/index")'.[39m

[31m[7m26[0m   .delete(userTokenValidation, projectController.deleteOneProject); */[39m
[31m[7m  [0m [91m                                                 ~~~~~~~~~~~~~~~~[0m[39m
[31m[96msrc/projects/routes/projectsRouter.ts[0m:[93m26[0m:[93m70[0m - [91merror[0m[90m TS2363: [0mThe right-hand side of an arithmetic operation must be of type 'any', 'number', 'bigint' or an enum type.[39m

[31m[7m26[0m   .delete(userTokenValidation, projectController.deleteOneProject); */[39m
[31m[7m  [0m [91m                                                                     ~[0m[39m
[31m[96msrc/projects/routes/projectsRouter.ts[0m:[93m26[0m:[93m69[0m - [91merror[0m[90m TS1109: [0mExpression expected.[39m

[31m[7m26[0m   .delete(userTokenValidation, projectController.deleteOneProject); */[39m
[31m[7m  [0m [91m                                                                    ~[0m[39m
[31m[96msrc/projects/routes/projectsRouter.ts[0m:[93m26[0m:[93m71[0m - [91merror[0m[90m TS1161: [0mUnterminated regular expression literal.[39m

[31m[7m26[0m   .delete(userTokenValidation, projectController.deleteOneProject); */[39m
[31m[7m  [0m [91m                                                                      [0m[39m

[31mError: тип Unable to compile TypeScript:[39m
[31m[96msrc/projects/routes/projectsRouter.ts[0m:[93m23[0m:[93m26[0m - [91merror[0m[90m TS2304: [0mCannot find name 'editProjectValidateSchema'.[39m

[31m[7m23[0m     bodyRequestValidator(editProjectValidateSchema),[39m
[31m[7m  [0m [91m                         ~~~~~~~~~~~~~~~~~~~~~~~~~[0m[39m
[31m[96msrc/projects/routes/projectsRouter.ts[0m:[93m24[0m:[93m23[0m - [91merror[0m[90m TS2339: [0mProperty 'editOneProject' does not exist on type 'typeof import("/media/reynaldo/f8db0900-b42d-4b5d-971f-4716687f2a60/Make It Real/PROYECTO GRUPAL/foodapp-server/src/projects/controllers/index")'.[39m

[31m[7m24[0m     projectController.editOneProject[39m
[31m[7m  [0m [91m                      ~~~~~~~~~~~~~~[0m[39m
[31m[96msrc/projects/routes/projectsRouter.ts[0m:[93m26[0m:[93m50[0m - [91merror[0m[90m TS2339: [0mProperty 'deleteOneProject' does not exist on type 'typeof import("/media/reynaldo/f8db0900-b42d-4b5d-971f-4716687f2a60/Make It Real/PROYECTO GRUPAL/foodapp-server/src/projects/controllers/index")'.[39m

[31m[7m26[0m   .delete(userTokenValidation, projectController.deleteOneProject); */[39m
[31m[7m  [0m [91m                                                 ~~~~~~~~~~~~~~~~[0m[39m
[31m[96msrc/projects/routes/projectsRouter.ts[0m:[93m26[0m:[93m70[0m - [91merror[0m[90m TS2363: [0mThe right-hand side of an arithmetic operation must be of type 'any', 'number', 'bigint' or an enum type.[39m

[31m[7m26[0m   .delete(userTokenValidation, projectController.deleteOneProject); */[39m
[31m[7m  [0m [91m                                                                     ~[0m[39m
[31m[96msrc/projects/routes/projectsRouter.ts[0m:[93m26[0m:[93m69[0m - [91merror[0m[90m TS1109: [0mExpression expected.[39m

[31m[7m26[0m   .delete(userTokenValidation, projectController.deleteOneProject); */[39m
[31m[7m  [0m [91m                                                                    ~[0m[39m
[31m[96msrc/projects/routes/projectsRouter.ts[0m:[93m26[0m:[93m71[0m - [91merror[0m[90m TS1161: [0mUnterminated regular expression literal.[39m

[31m[7m26[0m   .delete(userTokenValidation, projectController.deleteOneProject); */[39m
[31m[7m  [0m [91m                                                                      [0m[39m

[31m    at Object.<anonymous> (/media/reynaldo/f8db0900-b42d-4b5d-971f-4716687f2a60/Make It Real/PROYECTO GRUPAL/foodapp-server/src/projects/routes/projectsRouter.ts:1:7)[39m
[31m    at Module._compile (node:internal/modules/cjs/loader:1103:14)[39m
[31m    at Module._compile (/media/reynaldo/f8db0900-b42d-4b5d-971f-4716687f2a60/Make It Real/PROYECTO GRUPAL/foodapp-server/node_modules/source-map-support/source-map-support.js:568:25)[39m
[31m    at Module.m._compile (/tmp/ts-node-dev-hook-6942303111646198.js:69:33)[39m
[31m    at Module._extensions..js (node:internal/modules/cjs/loader:1155:10)[39m
[31m    at require.extensions.<computed> (/tmp/ts-node-dev-hook-6942303111646198.js:71:20)[39m
[31m    at Object.nodeDevHook [as .ts] (/media/reynaldo/f8db0900-b42d-4b5d-971f-4716687f2a60/Make It Real/PROYECTO GRUPAL/foodapp-server/node_modules/ts-node-dev/lib/hook.js:63:13)[39m
[31m    at Module.load (node:internal/modules/cjs/loader:981:32)[39m
[31m    at Function.Module._load (node:internal/modules/cjs/loader:822:12)[39m
[31m    at Module.require (node:internal/modules/cjs/loader:1005:19)[39m 
  
       instance: undefined 

       fn:undefined 

       trace: [object Object],[object Object],[object Object],[object Object],[object Object],[object Object],[object Object],[object Object],[object Object],[object Object]
2022-03-15 08:28:43:2843 
       [31merror[39m: [31muncaughtException: тип Unable to compile TypeScript:[39m
[31m[96msrc/projects/routes/projectsRouter.ts[0m:[93m23[0m:[93m26[0m - [91merror[0m[90m TS2304: [0mCannot find name 'editProjectValidateSchem'.[39m

[31m[7m23[0m     bodyRequestValidator(editProjectValidateSchem),[39m
[31m[7m  [0m [91m                         ~~~~~~~~~~~~~~~~~~~~~~~~[0m[39m
[31m[96msrc/projects/routes/projectsRouter.ts[0m:[93m24[0m:[93m23[0m - [91merror[0m[90m TS2339: [0mProperty 'editOneProject' does not exist on type 'typeof import("/media/reynaldo/f8db0900-b42d-4b5d-971f-4716687f2a60/Make It Real/PROYECTO GRUPAL/foodapp-server/src/projects/controllers/index")'.[39m

[31m[7m24[0m     projectController.editOneProject[39m
[31m[7m  [0m [91m                      ~~~~~~~~~~~~~~[0m[39m
[31m[96msrc/projects/routes/projectsRouter.ts[0m:[93m26[0m:[93m50[0m - [91merror[0m[90m TS2339: [0mProperty 'deleteOneProject' does not exist on type 'typeof import("/media/reynaldo/f8db0900-b42d-4b5d-971f-4716687f2a60/Make It Real/PROYECTO GRUPAL/foodapp-server/src/projects/controllers/index")'.[39m

[31m[7m26[0m   .delete(userTokenValidation, projectController.deleteOneProject); */[39m
[31m[7m  [0m [91m                                                 ~~~~~~~~~~~~~~~~[0m[39m
[31m[96msrc/projects/routes/projectsRouter.ts[0m:[93m26[0m:[93m70[0m - [91merror[0m[90m TS2363: [0mThe right-hand side of an arithmetic operation must be of type 'any', 'number', 'bigint' or an enum type.[39m

[31m[7m26[0m   .delete(userTokenValidation, projectController.deleteOneProject); */[39m
[31m[7m  [0m [91m                                                                     ~[0m[39m
[31m[96msrc/projects/routes/projectsRouter.ts[0m:[93m26[0m:[93m69[0m - [91merror[0m[90m TS1109: [0mExpression expected.[39m

[31m[7m26[0m   .delete(userTokenValidation, projectController.deleteOneProject); */[39m
[31m[7m  [0m [91m                                                                    ~[0m[39m
[31m[96msrc/projects/routes/projectsRouter.ts[0m:[93m26[0m:[93m71[0m - [91merror[0m[90m TS1161: [0mUnterminated regular expression literal.[39m

[31m[7m26[0m   .delete(userTokenValidation, projectController.deleteOneProject); */[39m
[31m[7m  [0m [91m                                                                      [0m[39m

[31mError: тип Unable to compile TypeScript:[39m
[31m[96msrc/projects/routes/projectsRouter.ts[0m:[93m23[0m:[93m26[0m - [91merror[0m[90m TS2304: [0mCannot find name 'editProjectValidateSchem'.[39m

[31m[7m23[0m     bodyRequestValidator(editProjectValidateSchem),[39m
[31m[7m  [0m [91m                         ~~~~~~~~~~~~~~~~~~~~~~~~[0m[39m
[31m[96msrc/projects/routes/projectsRouter.ts[0m:[93m24[0m:[93m23[0m - [91merror[0m[90m TS2339: [0mProperty 'editOneProject' does not exist on type 'typeof import("/media/reynaldo/f8db0900-b42d-4b5d-971f-4716687f2a60/Make It Real/PROYECTO GRUPAL/foodapp-server/src/projects/controllers/index")'.[39m

[31m[7m24[0m     projectController.editOneProject[39m
[31m[7m  [0m [91m                      ~~~~~~~~~~~~~~[0m[39m
[31m[96msrc/projects/routes/projectsRouter.ts[0m:[93m26[0m:[93m50[0m - [91merror[0m[90m TS2339: [0mProperty 'deleteOneProject' does not exist on type 'typeof import("/media/reynaldo/f8db0900-b42d-4b5d-971f-4716687f2a60/Make It Real/PROYECTO GRUPAL/foodapp-server/src/projects/controllers/index")'.[39m

[31m[7m26[0m   .delete(userTokenValidation, projectController.deleteOneProject); */[39m
[31m[7m  [0m [91m                                                 ~~~~~~~~~~~~~~~~[0m[39m
[31m[96msrc/projects/routes/projectsRouter.ts[0m:[93m26[0m:[93m70[0m - [91merror[0m[90m TS2363: [0mThe right-hand side of an arithmetic operation must be of type 'any', 'number', 'bigint' or an enum type.[39m

[31m[7m26[0m   .delete(userTokenValidation, projectController.deleteOneProject); */[39m
[31m[7m  [0m [91m                                                                     ~[0m[39m
[31m[96msrc/projects/routes/projectsRouter.ts[0m:[93m26[0m:[93m69[0m - [91merror[0m[90m TS1109: [0mExpression expected.[39m

[31m[7m26[0m   .delete(userTokenValidation, projectController.deleteOneProject); */[39m
[31m[7m  [0m [91m                                                                    ~[0m[39m
[31m[96msrc/projects/routes/projectsRouter.ts[0m:[93m26[0m:[93m71[0m - [91merror[0m[90m TS1161: [0mUnterminated regular expression literal.[39m

[31m[7m26[0m   .delete(userTokenValidation, projectController.deleteOneProject); */[39m
[31m[7m  [0m [91m                                                                      [0m[39m

[31m    at Object.<anonymous> (/media/reynaldo/f8db0900-b42d-4b5d-971f-4716687f2a60/Make It Real/PROYECTO GRUPAL/foodapp-server/src/projects/routes/projectsRouter.ts:1:7)[39m
[31m    at Module._compile (node:internal/modules/cjs/loader:1103:14)[39m
[31m    at Module._compile (/media/reynaldo/f8db0900-b42d-4b5d-971f-4716687f2a60/Make It Real/PROYECTO GRUPAL/foodapp-server/node_modules/source-map-support/source-map-support.js:568:25)[39m
[31m    at Module.m._compile (/tmp/ts-node-dev-hook-6942303111646198.js:69:33)[39m
[31m    at Module._extensions..js (node:internal/modules/cjs/loader:1155:10)[39m
[31m    at require.extensions.<computed> (/tmp/ts-node-dev-hook-6942303111646198.js:71:20)[39m
[31m    at Object.nodeDevHook [as .ts] (/media/reynaldo/f8db0900-b42d-4b5d-971f-4716687f2a60/Make It Real/PROYECTO GRUPAL/foodapp-server/node_modules/ts-node-dev/lib/hook.js:63:13)[39m
[31m    at Module.load (node:internal/modules/cjs/loader:981:32)[39m
[31m    at Function.Module._load (node:internal/modules/cjs/loader:822:12)[39m
[31m    at Module.require (node:internal/modules/cjs/loader:1005:19)[39m 
  
       instance: undefined 

       fn:undefined 

       trace: [object Object],[object Object],[object Object],[object Object],[object Object],[object Object],[object Object],[object Object],[object Object],[object Object]
2022-03-15 08:28:46:2846 
       [31merror[39m: [31muncaughtException: тип Unable to compile TypeScript:[39m
[31m[96msrc/projects/routes/projectsRouter.ts[0m:[93m25[0m:[93m23[0m - [91merror[0m[90m TS2339: [0mProperty 'editOneProject' does not exist on type 'typeof import("/media/reynaldo/f8db0900-b42d-4b5d-971f-4716687f2a60/Make It Real/PROYECTO GRUPAL/foodapp-server/src/projects/controllers/index")'.[39m

[31m[7m25[0m     projectController.editOneProject[39m
[31m[7m  [0m [91m                      ~~~~~~~~~~~~~~[0m[39m
[31m[96msrc/projects/routes/projectsRouter.ts[0m:[93m27[0m:[93m50[0m - [91merror[0m[90m TS2339: [0mProperty 'deleteOneProject' does not exist on type 'typeof import("/media/reynaldo/f8db0900-b42d-4b5d-971f-4716687f2a60/Make It Real/PROYECTO GRUPAL/foodapp-server/src/projects/controllers/index")'.[39m

[31m[7m27[0m   .delete(userTokenValidation, projectController.deleteOneProject); */[39m
[31m[7m  [0m [91m                                                 ~~~~~~~~~~~~~~~~[0m[39m
[31m[96msrc/projects/routes/projectsRouter.ts[0m:[93m27[0m:[93m70[0m - [91merror[0m[90m TS2363: [0mThe right-hand side of an arithmetic operation must be of type 'any', 'number', 'bigint' or an enum type.[39m

[31m[7m27[0m   .delete(userTokenValidation, projectController.deleteOneProject); */[39m
[31m[7m  [0m [91m                                                                     ~[0m[39m
[31m[96msrc/projects/routes/projectsRouter.ts[0m:[93m27[0m:[93m69[0m - [91merror[0m[90m TS1109: [0mExpression expected.[39m

[31m[7m27[0m   .delete(userTokenValidation, projectController.deleteOneProject); */[39m
[31m[7m  [0m [91m                                                                    ~[0m[39m
[31m[96msrc/projects/routes/projectsRouter.ts[0m:[93m27[0m:[93m71[0m - [91merror[0m[90m TS1161: [0mUnterminated regular expression literal.[39m

[31m[7m27[0m   .delete(userTokenValidation, projectController.deleteOneProject); */[39m
[31m[7m  [0m [91m                                                                      [0m[39m

[31mError: тип Unable to compile TypeScript:[39m
[31m[96msrc/projects/routes/projectsRouter.ts[0m:[93m25[0m:[93m23[0m - [91merror[0m[90m TS2339: [0mProperty 'editOneProject' does not exist on type 'typeof import("/media/reynaldo/f8db0900-b42d-4b5d-971f-4716687f2a60/Make It Real/PROYECTO GRUPAL/foodapp-server/src/projects/controllers/index")'.[39m

[31m[7m25[0m     projectController.editOneProject[39m
[31m[7m  [0m [91m                      ~~~~~~~~~~~~~~[0m[39m
[31m[96msrc/projects/routes/projectsRouter.ts[0m:[93m27[0m:[93m50[0m - [91merror[0m[90m TS2339: [0mProperty 'deleteOneProject' does not exist on type 'typeof import("/media/reynaldo/f8db0900-b42d-4b5d-971f-4716687f2a60/Make It Real/PROYECTO GRUPAL/foodapp-server/src/projects/controllers/index")'.[39m

[31m[7m27[0m   .delete(userTokenValidation, projectController.deleteOneProject); */[39m
[31m[7m  [0m [91m                                                 ~~~~~~~~~~~~~~~~[0m[39m
[31m[96msrc/projects/routes/projectsRouter.ts[0m:[93m27[0m:[93m70[0m - [91merror[0m[90m TS2363: [0mThe right-hand side of an arithmetic operation must be of type 'any', 'number', 'bigint' or an enum type.[39m

[31m[7m27[0m   .delete(userTokenValidation, projectController.deleteOneProject); */[39m
[31m[7m  [0m [91m                                                                     ~[0m[39m
[31m[96msrc/projects/routes/projectsRouter.ts[0m:[93m27[0m:[93m69[0m - [91merror[0m[90m TS1109: [0mExpression expected.[39m

[31m[7m27[0m   .delete(userTokenValidation, projectController.deleteOneProject); */[39m
[31m[7m  [0m [91m                                                                    ~[0m[39m
[31m[96msrc/projects/routes/projectsRouter.ts[0m:[93m27[0m:[93m71[0m - [91merror[0m[90m TS1161: [0mUnterminated regular expression literal.[39m

[31m[7m27[0m   .delete(userTokenValidation, projectController.deleteOneProject); */[39m
[31m[7m  [0m [91m                                                                      [0m[39m

[31m    at Object.<anonymous> (/media/reynaldo/f8db0900-b42d-4b5d-971f-4716687f2a60/Make It Real/PROYECTO GRUPAL/foodapp-server/src/projects/routes/projectsRouter.ts:1:7)[39m
[31m    at Module._compile (node:internal/modules/cjs/loader:1103:14)[39m
[31m    at Module._compile (/media/reynaldo/f8db0900-b42d-4b5d-971f-4716687f2a60/Make It Real/PROYECTO GRUPAL/foodapp-server/node_modules/source-map-support/source-map-support.js:568:25)[39m
[31m    at Module.m._compile (/tmp/ts-node-dev-hook-6942303111646198.js:69:33)[39m
[31m    at Module._extensions..js (node:internal/modules/cjs/loader:1155:10)[39m
[31m    at require.extensions.<computed> (/tmp/ts-node-dev-hook-6942303111646198.js:71:20)[39m
[31m    at Object.nodeDevHook [as .ts] (/media/reynaldo/f8db0900-b42d-4b5d-971f-4716687f2a60/Make It Real/PROYECTO GRUPAL/foodapp-server/node_modules/ts-node-dev/lib/hook.js:63:13)[39m
[31m    at Module.load (node:internal/modules/cjs/loader:981:32)[39m
[31m    at Function.Module._load (node:internal/modules/cjs/loader:822:12)[39m
[31m    at Module.require (node:internal/modules/cjs/loader:1005:19)[39m 
  
       instance: undefined 

       fn:undefined 

       trace: [object Object],[object Object],[object Object],[object Object],[object Object],[object Object],[object Object],[object Object],[object Object],[object Object]
2022-03-15 08:28:50:2850 
       [31merror[39m: [31muncaughtException: тип Unable to compile TypeScript:[39m
[31m[96msrc/projects/routes/projectsRouter.ts[0m:[93m25[0m:[93m23[0m - [91merror[0m[90m TS2339: [0mProperty 'editOneProject' does not exist on type 'typeof import("/media/reynaldo/f8db0900-b42d-4b5d-971f-4716687f2a60/Make It Real/PROYECTO GRUPAL/foodapp-server/src/projects/controllers/index")'.[39m

[31m[7m25[0m     projectController.editOneProject[39m
[31m[7m  [0m [91m                      ~~~~~~~~~~~~~~[0m[39m
[31m[96msrc/projects/routes/projectsRouter.ts[0m:[93m27[0m:[93m50[0m - [91merror[0m[90m TS2339: [0mProperty 'deleteOneProject' does not exist on type 'typeof import("/media/reynaldo/f8db0900-b42d-4b5d-971f-4716687f2a60/Make It Real/PROYECTO GRUPAL/foodapp-server/src/projects/controllers/index")'.[39m

[31m[7m27[0m   .delete(userTokenValidation, projectController.deleteOneProject); */[39m
[31m[7m  [0m [91m                                                 ~~~~~~~~~~~~~~~~[0m[39m
[31m[96msrc/projects/routes/projectsRouter.ts[0m:[93m27[0m:[93m70[0m - [91merror[0m[90m TS2363: [0mThe right-hand side of an arithmetic operation must be of type 'any', 'number', 'bigint' or an enum type.[39m

[31m[7m27[0m   .delete(userTokenValidation, projectController.deleteOneProject); */[39m
[31m[7m  [0m [91m                                                                     ~[0m[39m
[31m[96msrc/projects/routes/projectsRouter.ts[0m:[93m27[0m:[93m69[0m - [91merror[0m[90m TS1109: [0mExpression expected.[39m

[31m[7m27[0m   .delete(userTokenValidation, projectController.deleteOneProject); */[39m
[31m[7m  [0m [91m                                                                    ~[0m[39m
[31m[96msrc/projects/routes/projectsRouter.ts[0m:[93m27[0m:[93m71[0m - [91merror[0m[90m TS1161: [0mUnterminated regular expression literal.[39m

[31m[7m27[0m   .delete(userTokenValidation, projectController.deleteOneProject); */[39m
[31m[7m  [0m [91m                                                                      [0m[39m

[31mError: тип Unable to compile TypeScript:[39m
[31m[96msrc/projects/routes/projectsRouter.ts[0m:[93m25[0m:[93m23[0m - [91merror[0m[90m TS2339: [0mProperty 'editOneProject' does not exist on type 'typeof import("/media/reynaldo/f8db0900-b42d-4b5d-971f-4716687f2a60/Make It Real/PROYECTO GRUPAL/foodapp-server/src/projects/controllers/index")'.[39m

[31m[7m25[0m     projectController.editOneProject[39m
[31m[7m  [0m [91m                      ~~~~~~~~~~~~~~[0m[39m
[31m[96msrc/projects/routes/projectsRouter.ts[0m:[93m27[0m:[93m50[0m - [91merror[0m[90m TS2339: [0mProperty 'deleteOneProject' does not exist on type 'typeof import("/media/reynaldo/f8db0900-b42d-4b5d-971f-4716687f2a60/Make It Real/PROYECTO GRUPAL/foodapp-server/src/projects/controllers/index")'.[39m

[31m[7m27[0m   .delete(userTokenValidation, projectController.deleteOneProject); */[39m
[31m[7m  [0m [91m                                                 ~~~~~~~~~~~~~~~~[0m[39m
[31m[96msrc/projects/routes/projectsRouter.ts[0m:[93m27[0m:[93m70[0m - [91merror[0m[90m TS2363: [0mThe right-hand side of an arithmetic operation must be of type 'any', 'number', 'bigint' or an enum type.[39m

[31m[7m27[0m   .delete(userTokenValidation, projectController.deleteOneProject); */[39m
[31m[7m  [0m [91m                                                                     ~[0m[39m
[31m[96msrc/projects/routes/projectsRouter.ts[0m:[93m27[0m:[93m69[0m - [91merror[0m[90m TS1109: [0mExpression expected.[39m

[31m[7m27[0m   .delete(userTokenValidation, projectController.deleteOneProject); */[39m
[31m[7m  [0m [91m                                                                    ~[0m[39m
[31m[96msrc/projects/routes/projectsRouter.ts[0m:[93m27[0m:[93m71[0m - [91merror[0m[90m TS1161: [0mUnterminated regular expression literal.[39m

[31m[7m27[0m   .delete(userTokenValidation, projectController.deleteOneProject); */[39m
[31m[7m  [0m [91m                                                                      [0m[39m

[31m    at Object.<anonymous> (/media/reynaldo/f8db0900-b42d-4b5d-971f-4716687f2a60/Make It Real/PROYECTO GRUPAL/foodapp-server/src/projects/routes/projectsRouter.ts:1:7)[39m
[31m    at Module._compile (node:internal/modules/cjs/loader:1103:14)[39m
[31m    at Module._compile (/media/reynaldo/f8db0900-b42d-4b5d-971f-4716687f2a60/Make It Real/PROYECTO GRUPAL/foodapp-server/node_modules/source-map-support/source-map-support.js:568:25)[39m
[31m    at Module.m._compile (/tmp/ts-node-dev-hook-6942303111646198.js:69:33)[39m
[31m    at Module._extensions..js (node:internal/modules/cjs/loader:1155:10)[39m
[31m    at require.extensions.<computed> (/tmp/ts-node-dev-hook-6942303111646198.js:71:20)[39m
[31m    at Object.nodeDevHook [as .ts] (/media/reynaldo/f8db0900-b42d-4b5d-971f-4716687f2a60/Make It Real/PROYECTO GRUPAL/foodapp-server/node_modules/ts-node-dev/lib/hook.js:63:13)[39m
[31m    at Module.load (node:internal/modules/cjs/loader:981:32)[39m
[31m    at Function.Module._load (node:internal/modules/cjs/loader:822:12)[39m
[31m    at Module.require (node:internal/modules/cjs/loader:1005:19)[39m 
  
       instance: undefined 

       fn:undefined 

       trace: [object Object],[object Object],[object Object],[object Object],[object Object],[object Object],[object Object],[object Object],[object Object],[object Object]
2022-03-15 08:34:57:3457 
       [31merror[39m: [31muncaughtException: тип Unable to compile TypeScript:[39m
[31m[96msrc/projects/routes/projectsRouter.ts[0m:[93m25[0m:[93m23[0m - [91merror[0m[90m TS2339: [0mProperty 'editOneProject' does not exist on type 'typeof import("/media/reynaldo/f8db0900-b42d-4b5d-971f-4716687f2a60/Make It Real/PROYECTO GRUPAL/foodapp-server/src/projects/controllers/index")'.[39m

[31m[7m25[0m     projectController.editOneProject[39m
[31m[7m  [0m [91m                      ~~~~~~~~~~~~~~[0m[39m
[31m[96msrc/projects/routes/projectsRouter.ts[0m:[93m27[0m:[93m50[0m - [91merror[0m[90m TS2339: [0mProperty 'deleteOneProject' does not exist on type 'typeof import("/media/reynaldo/f8db0900-b42d-4b5d-971f-4716687f2a60/Make It Real/PROYECTO GRUPAL/foodapp-server/src/projects/controllers/index")'.[39m

[31m[7m27[0m   .delete(userTokenValidation, projectController.deleteOneProject); */[39m
[31m[7m  [0m [91m                                                 ~~~~~~~~~~~~~~~~[0m[39m
[31m[96msrc/projects/routes/projectsRouter.ts[0m:[93m27[0m:[93m70[0m - [91merror[0m[90m TS2363: [0mThe right-hand side of an arithmetic operation must be of type 'any', 'number', 'bigint' or an enum type.[39m

[31m[7m27[0m   .delete(userTokenValidation, projectController.deleteOneProject); */[39m
[31m[7m  [0m [91m                                                                     ~[0m[39m
[31m[96msrc/projects/routes/projectsRouter.ts[0m:[93m27[0m:[93m69[0m - [91merror[0m[90m TS1109: [0mExpression expected.[39m

[31m[7m27[0m   .delete(userTokenValidation, projectController.deleteOneProject); */[39m
[31m[7m  [0m [91m                                                                    ~[0m[39m
[31m[96msrc/projects/routes/projectsRouter.ts[0m:[93m27[0m:[93m71[0m - [91merror[0m[90m TS1161: [0mUnterminated regular expression literal.[39m

[31m[7m27[0m   .delete(userTokenValidation, projectController.deleteOneProject); */[39m
[31m[7m  [0m [91m                                                                      [0m[39m

[31mError: тип Unable to compile TypeScript:[39m
[31m[96msrc/projects/routes/projectsRouter.ts[0m:[93m25[0m:[93m23[0m - [91merror[0m[90m TS2339: [0mProperty 'editOneProject' does not exist on type 'typeof import("/media/reynaldo/f8db0900-b42d-4b5d-971f-4716687f2a60/Make It Real/PROYECTO GRUPAL/foodapp-server/src/projects/controllers/index")'.[39m

[31m[7m25[0m     projectController.editOneProject[39m
[31m[7m  [0m [91m                      ~~~~~~~~~~~~~~[0m[39m
[31m[96msrc/projects/routes/projectsRouter.ts[0m:[93m27[0m:[93m50[0m - [91merror[0m[90m TS2339: [0mProperty 'deleteOneProject' does not exist on type 'typeof import("/media/reynaldo/f8db0900-b42d-4b5d-971f-4716687f2a60/Make It Real/PROYECTO GRUPAL/foodapp-server/src/projects/controllers/index")'.[39m

[31m[7m27[0m   .delete(userTokenValidation, projectController.deleteOneProject); */[39m
[31m[7m  [0m [91m                                                 ~~~~~~~~~~~~~~~~[0m[39m
[31m[96msrc/projects/routes/projectsRouter.ts[0m:[93m27[0m:[93m70[0m - [91merror[0m[90m TS2363: [0mThe right-hand side of an arithmetic operation must be of type 'any', 'number', 'bigint' or an enum type.[39m

[31m[7m27[0m   .delete(userTokenValidation, projectController.deleteOneProject); */[39m
[31m[7m  [0m [91m                                                                     ~[0m[39m
[31m[96msrc/projects/routes/projectsRouter.ts[0m:[93m27[0m:[93m69[0m - [91merror[0m[90m TS1109: [0mExpression expected.[39m

[31m[7m27[0m   .delete(userTokenValidation, projectController.deleteOneProject); */[39m
[31m[7m  [0m [91m                                                                    ~[0m[39m
[31m[96msrc/projects/routes/projectsRouter.ts[0m:[93m27[0m:[93m71[0m - [91merror[0m[90m TS1161: [0mUnterminated regular expression literal.[39m

[31m[7m27[0m   .delete(userTokenValidation, projectController.deleteOneProject); */[39m
[31m[7m  [0m [91m                                                                      [0m[39m

[31m    at Object.<anonymous> (/media/reynaldo/f8db0900-b42d-4b5d-971f-4716687f2a60/Make It Real/PROYECTO GRUPAL/foodapp-server/src/projects/routes/projectsRouter.ts:1:7)[39m
[31m    at Module._compile (node:internal/modules/cjs/loader:1103:14)[39m
[31m    at Module._compile (/media/reynaldo/f8db0900-b42d-4b5d-971f-4716687f2a60/Make It Real/PROYECTO GRUPAL/foodapp-server/node_modules/source-map-support/source-map-support.js:568:25)[39m
[31m    at Module.m._compile (/tmp/ts-node-dev-hook-6942303111646198.js:69:33)[39m
[31m    at Module._extensions..js (node:internal/modules/cjs/loader:1155:10)[39m
[31m    at require.extensions.<computed> (/tmp/ts-node-dev-hook-6942303111646198.js:71:20)[39m
[31m    at Object.nodeDevHook [as .ts] (/media/reynaldo/f8db0900-b42d-4b5d-971f-4716687f2a60/Make It Real/PROYECTO GRUPAL/foodapp-server/node_modules/ts-node-dev/lib/hook.js:63:13)[39m
[31m    at Module.load (node:internal/modules/cjs/loader:981:32)[39m
[31m    at Function.Module._load (node:internal/modules/cjs/loader:822:12)[39m
[31m    at Module.require (node:internal/modules/cjs/loader:1005:19)[39m 
  
       instance: undefined 

       fn:undefined 

       trace: [object Object],[object Object],[object Object],[object Object],[object Object],[object Object],[object Object],[object Object],[object Object],[object Object]
2022-03-15 09:21:57:2157 
       [31merror[39m: [31merror updating the project with id 622f97f1b7e0827575b3415c[39m 
  
       instance: services 

       fn:undefined 

       trace: the user cannot delete this proyect
2022-03-15 09:21:57:2157 
       [31merror[39m: [31mError editing the project projects[39m 
  
       instance: controllers 

       fn:undefined 

       trace: error updating the project with id 622f97f1b7e0827575b3415c
2022-03-15 09:22:10:2210 
       [31merror[39m: [31merror updating the project with id 622f97f1b7e0827575b3415c[39m 
  
       instance: services 

       fn:undefined 

       trace: the user cannot delete this proyect
2022-03-15 09:22:10:2210 
       [31merror[39m: [31mError editing the project projects[39m 
  
       instance: controllers 

       fn:undefined 

       trace: error updating the project with id 622f97f1b7e0827575b3415c
2022-03-15 09:24:19:2419 
       [31merror[39m: [31merror updating the project with id 622f97f1b7e0827575b3415c[39m 
  
       instance: services 

       fn:undefined 

       trace: the user cannot delete this proyect
2022-03-15 09:24:19:2419 
       [31merror[39m: [31mError editing the project projects[39m 
  
       instance: controllers 

       fn:undefined 

       trace: error updating the project with id 622f97f1b7e0827575b3415c
2022-03-15 09:24:28:2428 
       [31merror[39m: [31merror updating the project with id 622f97f1b7e0827575b3415c[39m 
  
       instance: services 

       fn:undefined 

       trace: the user cannot delete this proyect
2022-03-15 09:24:28:2428 
       [31merror[39m: [31mError editing the project projects[39m 
  
       instance: controllers 

       fn:undefined 

       trace: error updating the project with id 622f97f1b7e0827575b3415c
2022-03-15 09:24:29:2429 
       [31merror[39m: [31merror updating the project with id 622f97f1b7e0827575b3415c[39m 
  
       instance: services 

       fn:undefined 

       trace: the user cannot delete this proyect
2022-03-15 09:24:29:2429 
       [31merror[39m: [31mError editing the project projects[39m 
  
       instance: controllers 

       fn:undefined 

       trace: error updating the project with id 622f97f1b7e0827575b3415c
2022-03-15 09:30:17:3017 
       [31merror[39m: [31muncaughtException: тип Unable to compile TypeScript:[39m
[31m[96msrc/projects/utils/editProjectSchemaValidator.ts[0m:[93m21[0m:[93m6[0m - [91merror[0m[90m TS2322: [0mType '[string, string, string]' is not assignable to type '[string, string]'.[39m
[31m  Source has 3 element(s) but target allows only 2.[39m

[31m[7m21[0m     [['name', 'image','price']][39m
[31m[7m  [0m [91m     ~~~~~~~~~~~~~~~~~~~~~~~~~[0m[39m

[31mError: тип Unable to compile TypeScript:[39m
[31m[96msrc/projects/utils/editProjectSchemaValidator.ts[0m:[93m21[0m:[93m6[0m - [91merror[0m[90m TS2322: [0mType '[string, string, string]' is not assignable to type '[string, string]'.[39m
[31m  Source has 3 element(s) but target allows only 2.[39m

[31m[7m21[0m     [['name', 'image','price']][39m
[31m[7m  [0m [91m     ~~~~~~~~~~~~~~~~~~~~~~~~~[0m[39m

[31m    at Object.<anonymous> (/media/reynaldo/f8db0900-b42d-4b5d-971f-4716687f2a60/Make It Real/PROYECTO GRUPAL/foodapp-server/src/projects/utils/editProjectSchemaValidator.ts:1:7)[39m
[31m    at Module._compile (node:internal/modules/cjs/loader:1103:14)[39m
[31m    at Module._compile (/media/reynaldo/f8db0900-b42d-4b5d-971f-4716687f2a60/Make It Real/PROYECTO GRUPAL/foodapp-server/node_modules/source-map-support/source-map-support.js:568:25)[39m
[31m    at Module.m._compile (/tmp/ts-node-dev-hook-6942303111646198.js:69:33)[39m
[31m    at Module._extensions..js (node:internal/modules/cjs/loader:1155:10)[39m
[31m    at require.extensions.<computed> (/tmp/ts-node-dev-hook-6942303111646198.js:71:20)[39m
[31m    at Object.nodeDevHook [as .ts] (/media/reynaldo/f8db0900-b42d-4b5d-971f-4716687f2a60/Make It Real/PROYECTO GRUPAL/foodapp-server/node_modules/ts-node-dev/lib/hook.js:63:13)[39m
[31m    at Module.load (node:internal/modules/cjs/loader:981:32)[39m
[31m    at Function.Module._load (node:internal/modules/cjs/loader:822:12)[39m
[31m    at Module.require (node:internal/modules/cjs/loader:1005:19)[39m 
  
       instance: undefined 

       fn:undefined 

       trace: [object Object],[object Object],[object Object],[object Object],[object Object],[object Object],[object Object],[object Object],[object Object],[object Object]
2022-03-15 12:53:41:5341 
       [31merror[39m: [31merror updating the project with id 622f97f1b7e0827575b3415c[39m 
  
       instance: services 

       fn:undefined 

       trace: the user cannot delete this proyect
2022-03-15 12:53:41:5341 
       [31merror[39m: [31mError editing the project projects[39m 
  
       instance: controllers 

       fn:undefined 

       trace: error updating the project with id 622f97f1b7e0827575b3415c
2022-03-15 12:53:43:5343 
       [31merror[39m: [31merror updating the project with id 622f97f1b7e0827575b3415c[39m 
  
       instance: services 

       fn:undefined 

       trace: the user cannot delete this proyect
2022-03-15 12:53:43:5343 
       [31merror[39m: [31mError editing the project projects[39m 
  
       instance: controllers 

       fn:undefined 

       trace: error updating the project with id 622f97f1b7e0827575b3415c
2022-03-15 12:53:43:5343 
       [31merror[39m: [31merror updating the project with id 622f97f1b7e0827575b3415c[39m 
  
       instance: services 

       fn:undefined 

       trace: the user cannot delete this proyect
2022-03-15 12:53:43:5343 
       [31merror[39m: [31mError editing the project projects[39m 
  
       instance: controllers 

       fn:undefined 

       trace: error updating the project with id 622f97f1b7e0827575b3415c
2022-03-15 12:54:21:5421 
       [31merror[39m: [31merror updating the project with id 622f97f1b7e0827575b3415c[39m 
  
       instance: services 

       fn:undefined 

       trace: the user cannot delete this proyect
2022-03-15 12:54:21:5421 
       [31merror[39m: [31mError editing the project projects[39m 
  
       instance: controllers 

       fn:undefined 

       trace: error updating the project with id 622f97f1b7e0827575b3415c
2022-03-15 12:54:27:5427 
       [31merror[39m: [31merror updating the project with id 622f97f1b7e0827575b3415c[39m 
  
       instance: services 

       fn:undefined 

       trace: the user cannot delete this proyect
2022-03-15 12:54:27:5427 
       [31merror[39m: [31mError editing the project projects[39m 
  
       instance: controllers 

       fn:undefined 

       trace: error updating the project with id 622f97f1b7e0827575b3415c
2022-03-15 13:26:01:261 
       [31merror[39m: [31muncaughtException: Cyclic dependency, node was:"name"[39m
[31mError: Cyclic dependency, node was:"name"[39m
[31m    at visit (/media/reynaldo/f8db0900-b42d-4b5d-971f-4716687f2a60/Make It Real/PROYECTO GRUPAL/foodapp-server/node_modules/toposort/index.js:45:13)[39m
[31m    at visit (/media/reynaldo/f8db0900-b42d-4b5d-971f-4716687f2a60/Make It Real/PROYECTO GRUPAL/foodapp-server/node_modules/toposort/index.js:62:9)[39m
[31m    at visit (/media/reynaldo/f8db0900-b42d-4b5d-971f-4716687f2a60/Make It Real/PROYECTO GRUPAL/foodapp-server/node_modules/toposort/index.js:62:9)[39m
[31m    at visit (/media/reynaldo/f8db0900-b42d-4b5d-971f-4716687f2a60/Make It Real/PROYECTO GRUPAL/foodapp-server/node_modules/toposort/index.js:62:9)[39m
[31m    at Function.toposort [as array] (/media/reynaldo/f8db0900-b42d-4b5d-971f-4716687f2a60/Make It Real/PROYECTO GRUPAL/foodapp-server/node_modules/toposort/index.js:32:22)[39m
[31m    at sortFields (/media/reynaldo/f8db0900-b42d-4b5d-971f-4716687f2a60/Make It Real/PROYECTO GRUPAL/foodapp-server/node_modules/yup/lib/util/sortFields.js:38:28)[39m
[31m    at ObjectSchema.shape (/media/reynaldo/f8db0900-b42d-4b5d-971f-4716687f2a60/Make It Real/PROYECTO GRUPAL/foodapp-server/node_modules/yup/lib/object.js:273:43)[39m
[31m    at Object.<anonymous> (/media/reynaldo/f8db0900-b42d-4b5d-971f-4716687f2a60/Make It Real/PROYECTO GRUPAL/foodapp-server/src/projects/utils/editProjectSchemaValidator.ts:3:18)[39m
[31m    at Module._compile (node:internal/modules/cjs/loader:1103:14)[39m
[31m    at Module._compile (/media/reynaldo/f8db0900-b42d-4b5d-971f-4716687f2a60/Make It Real/PROYECTO GRUPAL/foodapp-server/node_modules/source-map-support/source-map-support.js:568:25)[39m 
  
       instance: undefined 

       fn:undefined 

       trace: [object Object],[object Object],[object Object],[object Object],[object Object],[object Object],[object Object],[object Object],[object Object],[object Object]
2022-03-15 13:26:29:2629 
       [31merror[39m: [31muncaughtException: тип Unable to compile TypeScript:[39m
[31m[96msrc/projects/utils/editProjectSchemaValidator.ts[0m:[93m21[0m:[93m24[0m - [91merror[0m[90m TS2322: [0mType '[string]' is not assignable to type '[string, string]'.[39m
[31m  Source has 1 element(s) but target requires 2.[39m

[31m[7m21[0m     [['name', 'image'],['price']][39m
[31m[7m  [0m [91m                       ~~~~~~~~~[0m[39m

[31mError: тип Unable to compile TypeScript:[39m
[31m[96msrc/projects/utils/editProjectSchemaValidator.ts[0m:[93m21[0m:[93m24[0m - [91merror[0m[90m TS2322: [0mType '[string]' is not assignable to type '[string, string]'.[39m
[31m  Source has 1 element(s) but target requires 2.[39m

[31m[7m21[0m     [['name', 'image'],['price']][39m
[31m[7m  [0m [91m                       ~~~~~~~~~[0m[39m

[31m    at Object.<anonymous> (/media/reynaldo/f8db0900-b42d-4b5d-971f-4716687f2a60/Make It Real/PROYECTO GRUPAL/foodapp-server/src/projects/utils/editProjectSchemaValidator.ts:1:7)[39m
[31m    at Module._compile (node:internal/modules/cjs/loader:1103:14)[39m
[31m    at Module._compile (/media/reynaldo/f8db0900-b42d-4b5d-971f-4716687f2a60/Make It Real/PROYECTO GRUPAL/foodapp-server/node_modules/source-map-support/source-map-support.js:568:25)[39m
[31m    at Module.m._compile (/tmp/ts-node-dev-hook-42055796998036454.js:69:33)[39m
[31m    at Module._extensions..js (node:internal/modules/cjs/loader:1155:10)[39m
[31m    at require.extensions.<computed> (/tmp/ts-node-dev-hook-42055796998036454.js:71:20)[39m
[31m    at Object.nodeDevHook [as .ts] (/media/reynaldo/f8db0900-b42d-4b5d-971f-4716687f2a60/Make It Real/PROYECTO GRUPAL/foodapp-server/node_modules/ts-node-dev/lib/hook.js:63:13)[39m
[31m    at Module.load (node:internal/modules/cjs/loader:981:32)[39m
[31m    at Function.Module._load (node:internal/modules/cjs/loader:822:12)[39m
[31m    at Module.require (node:internal/modules/cjs/loader:1005:19)[39m 
  
       instance: undefined 

       fn:undefined 

       trace: [object Object],[object Object],[object Object],[object Object],[object Object],[object Object],[object Object],[object Object],[object Object],[object Object]
2022-03-15 13:29:10:2910 
       [31merror[39m: [31merror updating the project with id 622f97f1b7e0827575b3415c[39m 
  
       instance: services 

       fn:undefined 

       trace: the user cannot delete this proyect
2022-03-15 13:29:10:2910 
       [31merror[39m: [31mError editing the project projects[39m 
  
       instance: controllers 

       fn:undefined 

       trace: error updating the project with id 622f97f1b7e0827575b3415c
2022-03-15 13:29:12:2912 
       [31merror[39m: [31merror updating the project with id 622f97f1b7e0827575b3415c[39m 
  
       instance: services 

       fn:undefined 

       trace: the user cannot delete this proyect
2022-03-15 13:29:12:2912 
       [31merror[39m: [31mError editing the project projects[39m 
  
       instance: controllers 

       fn:undefined 

       trace: error updating the project with id 622f97f1b7e0827575b3415c
2022-03-15 13:29:50:2950 
       [31merror[39m: [31merror updating the project with id 622f97f1b7e0827575b3415c[39m 
  
       instance: services 

       fn:undefined 

       trace: the user cannot delete this proyect
2022-03-15 13:29:50:2950 
       [31merror[39m: [31mError editing the project projects[39m 
  
       instance: controllers 

       fn:undefined 

       trace: error updating the project with id 622f97f1b7e0827575b3415c
2022-03-15 13:30:28:3028 
       [31merror[39m: [31muncaughtException: тип Unable to compile TypeScript:[39m
[31m[96msrc/projects/utils/editProjectSchemaValidator.ts[0m:[93m6[0m:[93m56[0m - [91merror[0m[90m TS2362: [0mThe left-hand side of an arithmetic operation must be of type 'any', 'number', 'bigint' or an enum type.[39m

[31m[7m6[0m         is: (image: string, price:number) => !image || image.length === 0 &,[39m
[31m[7m [0m [91m                                                       ~~~~~~~~~~~~~~~~~~[0m[39m
[31m[96msrc/projects/utils/editProjectSchemaValidator.ts[0m:[93m6[0m:[93m76[0m - [91merror[0m[90m TS1109: [0mExpression expected.[39m

[31m[7m6[0m         is: (image: string, price:number) => !image || image.length === 0 &,[39m
[31m[7m [0m [91m                                                                           ~[0m[39m

[31mError: тип Unable to compile TypeScript:[39m
[31m[96msrc/projects/utils/editProjectSchemaValidator.ts[0m:[93m6[0m:[93m56[0m - [91merror[0m[90m TS2362: [0mThe left-hand side of an arithmetic operation must be of type 'any', 'number', 'bigint' or an enum type.[39m

[31m[7m6[0m         is: (image: string, price:number) => !image || image.length === 0 &,[39m
[31m[7m [0m [91m                                                       ~~~~~~~~~~~~~~~~~~[0m[39m
[31m[96msrc/projects/utils/editProjectSchemaValidator.ts[0m:[93m6[0m:[93m76[0m - [91merror[0m[90m TS1109: [0mExpression expected.[39m

[31m[7m6[0m         is: (image: string, price:number) => !image || image.length === 0 &,[39m
[31m[7m [0m [91m                                                                           ~[0m[39m

[31m    at Object.<anonymous> (/media/reynaldo/f8db0900-b42d-4b5d-971f-4716687f2a60/Make It Real/PROYECTO GRUPAL/foodapp-server/src/projects/utils/editProjectSchemaValidator.ts:1:7)[39m
[31m    at Module._compile (node:internal/modules/cjs/loader:1103:14)[39m
[31m    at Module._compile (/media/reynaldo/f8db0900-b42d-4b5d-971f-4716687f2a60/Make It Real/PROYECTO GRUPAL/foodapp-server/node_modules/source-map-support/source-map-support.js:568:25)[39m
[31m    at Module.m._compile (/tmp/ts-node-dev-hook-42055796998036454.js:69:33)[39m
[31m    at Module._extensions..js (node:internal/modules/cjs/loader:1155:10)[39m
[31m    at require.extensions.<computed> (/tmp/ts-node-dev-hook-42055796998036454.js:71:20)[39m
[31m    at Object.nodeDevHook [as .ts] (/media/reynaldo/f8db0900-b42d-4b5d-971f-4716687f2a60/Make It Real/PROYECTO GRUPAL/foodapp-server/node_modules/ts-node-dev/lib/hook.js:63:13)[39m
[31m    at Module.load (node:internal/modules/cjs/loader:981:32)[39m
[31m    at Function.Module._load (node:internal/modules/cjs/loader:822:12)[39m
[31m    at Module.require (node:internal/modules/cjs/loader:1005:19)[39m 
  
       instance: undefined 

       fn:undefined 

       trace: [object Object],[object Object],[object Object],[object Object],[object Object],[object Object],[object Object],[object Object],[object Object],[object Object]
2022-03-15 13:30:32:3032 
       [31merror[39m: [31muncaughtException: тип Unable to compile TypeScript:[39m
[31m[96msrc/projects/utils/editProjectSchemaValidator.ts[0m:[93m6[0m:[93m56[0m - [91merror[0m[90m TS2362: [0mThe left-hand side of an arithmetic operation must be of type 'any', 'number', 'bigint' or an enum type.[39m

[31m[7m6[0m         is: (image: string, price:number) => !image || image.length === 0 & price,[39m
[31m[7m [0m [91m                                                       ~~~~~~~~~~~~~~~~~~[0m[39m

[31mError: тип Unable to compile TypeScript:[39m
[31m[96msrc/projects/utils/editProjectSchemaValidator.ts[0m:[93m6[0m:[93m56[0m - [91merror[0m[90m TS2362: [0mThe left-hand side of an arithmetic operation must be of type 'any', 'number', 'bigint' or an enum type.[39m

[31m[7m6[0m         is: (image: string, price:number) => !image || image.length === 0 & price,[39m
[31m[7m [0m [91m                                                       ~~~~~~~~~~~~~~~~~~[0m[39m

[31m    at Object.<anonymous> (/media/reynaldo/f8db0900-b42d-4b5d-971f-4716687f2a60/Make It Real/PROYECTO GRUPAL/foodapp-server/src/projects/utils/editProjectSchemaValidator.ts:1:7)[39m
[31m    at Module._compile (node:internal/modules/cjs/loader:1103:14)[39m
[31m    at Module._compile (/media/reynaldo/f8db0900-b42d-4b5d-971f-4716687f2a60/Make It Real/PROYECTO GRUPAL/foodapp-server/node_modules/source-map-support/source-map-support.js:568:25)[39m
[31m    at Module.m._compile (/tmp/ts-node-dev-hook-42055796998036454.js:69:33)[39m
[31m    at Module._extensions..js (node:internal/modules/cjs/loader:1155:10)[39m
[31m    at require.extensions.<computed> (/tmp/ts-node-dev-hook-42055796998036454.js:71:20)[39m
[31m    at Object.nodeDevHook [as .ts] (/media/reynaldo/f8db0900-b42d-4b5d-971f-4716687f2a60/Make It Real/PROYECTO GRUPAL/foodapp-server/node_modules/ts-node-dev/lib/hook.js:63:13)[39m
[31m    at Module.load (node:internal/modules/cjs/loader:981:32)[39m
[31m    at Function.Module._load (node:internal/modules/cjs/loader:822:12)[39m
[31m    at Module.require (node:internal/modules/cjs/loader:1005:19)[39m 
  
       instance: undefined 

       fn:undefined 

       trace: [object Object],[object Object],[object Object],[object Object],[object Object],[object Object],[object Object],[object Object],[object Object],[object Object]
2022-03-15 13:30:47:3047 
       [31merror[39m: [31muncaughtException: тип Unable to compile TypeScript:[39m
[31m[96msrc/projects/utils/editProjectSchemaValidator.ts[0m:[93m6[0m:[93m87[0m - [91merror[0m[90m TS1109: [0mExpression expected.[39m

[31m[7m6[0m         is: (image: string, price:number) => !image || image.length === 0 && !price ||,[39m
[31m[7m [0m [91m                                                                                      ~[0m[39m

[31mError: тип Unable to compile TypeScript:[39m
[31m[96msrc/projects/utils/editProjectSchemaValidator.ts[0m:[93m6[0m:[93m87[0m - [91merror[0m[90m TS1109: [0mExpression expected.[39m

[31m[7m6[0m         is: (image: string, price:number) => !image || image.length === 0 && !price ||,[39m
[31m[7m [0m [91m                                                                                      ~[0m[39m

[31m    at Object.<anonymous> (/media/reynaldo/f8db0900-b42d-4b5d-971f-4716687f2a60/Make It Real/PROYECTO GRUPAL/foodapp-server/src/projects/utils/editProjectSchemaValidator.ts:1:7)[39m
[31m    at Module._compile (node:internal/modules/cjs/loader:1103:14)[39m
[31m    at Module._compile (/media/reynaldo/f8db0900-b42d-4b5d-971f-4716687f2a60/Make It Real/PROYECTO GRUPAL/foodapp-server/node_modules/source-map-support/source-map-support.js:568:25)[39m
[31m    at Module.m._compile (/tmp/ts-node-dev-hook-42055796998036454.js:69:33)[39m
[31m    at Module._extensions..js (node:internal/modules/cjs/loader:1155:10)[39m
[31m    at require.extensions.<computed> (/tmp/ts-node-dev-hook-42055796998036454.js:71:20)[39m
[31m    at Object.nodeDevHook [as .ts] (/media/reynaldo/f8db0900-b42d-4b5d-971f-4716687f2a60/Make It Real/PROYECTO GRUPAL/foodapp-server/node_modules/ts-node-dev/lib/hook.js:63:13)[39m
[31m    at Module.load (node:internal/modules/cjs/loader:981:32)[39m
[31m    at Function.Module._load (node:internal/modules/cjs/loader:822:12)[39m
[31m    at Module.require (node:internal/modules/cjs/loader:1005:19)[39m 
  
       instance: undefined 

       fn:undefined 

       trace: [object Object],[object Object],[object Object],[object Object],[object Object],[object Object],[object Object],[object Object],[object Object],[object Object]
2022-03-15 13:30:54:3054 
       [31merror[39m: [31muncaughtException: тип Unable to compile TypeScript:[39m
[31m[96msrc/projects/utils/editProjectSchemaValidator.ts[0m:[93m6[0m:[93m94[0m - [91merror[0m[90m TS1003: [0mIdentifier expected.[39m

[31m[7m6[0m         is: (image: string, price:number) => !image || image.length === 0 && !price || price.,[39m
[31m[7m [0m [91m                                                                                             ~[0m[39m

[31mError: тип Unable to compile TypeScript:[39m
[31m[96msrc/projects/utils/editProjectSchemaValidator.ts[0m:[93m6[0m:[93m94[0m - [91merror[0m[90m TS1003: [0mIdentifier expected.[39m

[31m[7m6[0m         is: (image: string, price:number) => !image || image.length === 0 && !price || price.,[39m
[31m[7m [0m [91m                                                                                             ~[0m[39m

[31m    at Object.<anonymous> (/media/reynaldo/f8db0900-b42d-4b5d-971f-4716687f2a60/Make It Real/PROYECTO GRUPAL/foodapp-server/src/projects/utils/editProjectSchemaValidator.ts:1:7)[39m
[31m    at Module._compile (node:internal/modules/cjs/loader:1103:14)[39m
[31m    at Module._compile (/media/reynaldo/f8db0900-b42d-4b5d-971f-4716687f2a60/Make It Real/PROYECTO GRUPAL/foodapp-server/node_modules/source-map-support/source-map-support.js:568:25)[39m
[31m    at Module.m._compile (/tmp/ts-node-dev-hook-42055796998036454.js:69:33)[39m
[31m    at Module._extensions..js (node:internal/modules/cjs/loader:1155:10)[39m
[31m    at require.extensions.<computed> (/tmp/ts-node-dev-hook-42055796998036454.js:71:20)[39m
[31m    at Object.nodeDevHook [as .ts] (/media/reynaldo/f8db0900-b42d-4b5d-971f-4716687f2a60/Make It Real/PROYECTO GRUPAL/foodapp-server/node_modules/ts-node-dev/lib/hook.js:63:13)[39m
[31m    at Module.load (node:internal/modules/cjs/loader:981:32)[39m
[31m    at Function.Module._load (node:internal/modules/cjs/loader:822:12)[39m
[31m    at Module.require (node:internal/modules/cjs/loader:1005:19)[39m 
  
       instance: undefined 

       fn:undefined 

       trace: [object Object],[object Object],[object Object],[object Object],[object Object],[object Object],[object Object],[object Object],[object Object],[object Object]
2022-03-15 13:31:02:312 
       [31merror[39m: [31muncaughtException: тип Unable to compile TypeScript:[39m
[31m[96msrc/projects/utils/editProjectSchemaValidator.ts[0m:[93m6[0m:[93m94[0m - [91merror[0m[90m TS1003: [0mIdentifier expected.[39m

[31m[7m6[0m         is: (image: string, price:number) => !image || image.length === 0 && !price || price.,[39m
[31m[7m [0m [91m                                                                                             ~[0m[39m

[31mError: тип Unable to compile TypeScript:[39m
[31m[96msrc/projects/utils/editProjectSchemaValidator.ts[0m:[93m6[0m:[93m94[0m - [91merror[0m[90m TS1003: [0mIdentifier expected.[39m

[31m[7m6[0m         is: (image: string, price:number) => !image || image.length === 0 && !price || price.,[39m
[31m[7m [0m [91m                                                                                             ~[0m[39m

[31m    at Object.<anonymous> (/media/reynaldo/f8db0900-b42d-4b5d-971f-4716687f2a60/Make It Real/PROYECTO GRUPAL/foodapp-server/src/projects/utils/editProjectSchemaValidator.ts:1:7)[39m
[31m    at Module._compile (node:internal/modules/cjs/loader:1103:14)[39m
[31m    at Module._compile (/media/reynaldo/f8db0900-b42d-4b5d-971f-4716687f2a60/Make It Real/PROYECTO GRUPAL/foodapp-server/node_modules/source-map-support/source-map-support.js:568:25)[39m
[31m    at Module.m._compile (/tmp/ts-node-dev-hook-42055796998036454.js:69:33)[39m
[31m    at Module._extensions..js (node:internal/modules/cjs/loader:1155:10)[39m
[31m    at require.extensions.<computed> (/tmp/ts-node-dev-hook-42055796998036454.js:71:20)[39m
[31m    at Object.nodeDevHook [as .ts] (/media/reynaldo/f8db0900-b42d-4b5d-971f-4716687f2a60/Make It Real/PROYECTO GRUPAL/foodapp-server/node_modules/ts-node-dev/lib/hook.js:63:13)[39m
[31m    at Module.load (node:internal/modules/cjs/loader:981:32)[39m
[31m    at Function.Module._load (node:internal/modules/cjs/loader:822:12)[39m
[31m    at Module.require (node:internal/modules/cjs/loader:1005:19)[39m 
  
       instance: undefined 

       fn:undefined 

       trace: [object Object],[object Object],[object Object],[object Object],[object Object],[object Object],[object Object],[object Object],[object Object],[object Object]
2022-03-15 13:31:51:3151 
       [31merror[39m: [31muncaughtException: тип Unable to compile TypeScript:[39m
[31m[96msrc/projects/utils/editProjectSchemaValidator.ts[0m:[93m10[0m:[93m62[0m - [91merror[0m[90m TS2304: [0mCannot find name 'price'.[39m

[31m[7m10[0m         is: (name: string) => !name || name.length === 0 && !price || price===0,[39m
[31m[7m  [0m [91m                                                             ~~~~~[0m[39m
[31m[96msrc/projects/utils/editProjectSchemaValidator.ts[0m:[93m10[0m:[93m71[0m - [91merror[0m[90m TS2304: [0mCannot find name 'price'.[39m

[31m[7m10[0m         is: (name: string) => !name || name.length === 0 && !price || price===0,[39m
[31m[7m  [0m [91m                                                                      ~~~~~[0m[39m

[31mError: тип Unable to compile TypeScript:[39m
[31m[96msrc/projects/utils/editProjectSchemaValidator.ts[0m:[93m10[0m:[93m62[0m - [91merror[0m[90m TS2304: [0mCannot find name 'price'.[39m

[31m[7m10[0m         is: (name: string) => !name || name.length === 0 && !price || price===0,[39m
[31m[7m  [0m [91m                                                             ~~~~~[0m[39m
[31m[96msrc/projects/utils/editProjectSchemaValidator.ts[0m:[93m10[0m:[93m71[0m - [91merror[0m[90m TS2304: [0mCannot find name 'price'.[39m

[31m[7m10[0m         is: (name: string) => !name || name.length === 0 && !price || price===0,[39m
[31m[7m  [0m [91m                                                                      ~~~~~[0m[39m

[31m    at Object.<anonymous> (/media/reynaldo/f8db0900-b42d-4b5d-971f-4716687f2a60/Make It Real/PROYECTO GRUPAL/foodapp-server/src/projects/utils/editProjectSchemaValidator.ts:1:7)[39m
[31m    at Module._compile (node:internal/modules/cjs/loader:1103:14)[39m
[31m    at Module._compile (/media/reynaldo/f8db0900-b42d-4b5d-971f-4716687f2a60/Make It Real/PROYECTO GRUPAL/foodapp-server/node_modules/source-map-support/source-map-support.js:568:25)[39m
[31m    at Module.m._compile (/tmp/ts-node-dev-hook-42055796998036454.js:69:33)[39m
[31m    at Module._extensions..js (node:internal/modules/cjs/loader:1155:10)[39m
[31m    at require.extensions.<computed> (/tmp/ts-node-dev-hook-42055796998036454.js:71:20)[39m
[31m    at Object.nodeDevHook [as .ts] (/media/reynaldo/f8db0900-b42d-4b5d-971f-4716687f2a60/Make It Real/PROYECTO GRUPAL/foodapp-server/node_modules/ts-node-dev/lib/hook.js:63:13)[39m
[31m    at Module.load (node:internal/modules/cjs/loader:981:32)[39m
[31m    at Function.Module._load (node:internal/modules/cjs/loader:822:12)[39m
[31m    at Module.require (node:internal/modules/cjs/loader:1005:19)[39m 
  
       instance: undefined 

       fn:undefined 

       trace: [object Object],[object Object],[object Object],[object Object],[object Object],[object Object],[object Object],[object Object],[object Object],[object Object]
2022-03-15 13:32:31:3231 
       [31merror[39m: [31muncaughtException: тип Unable to compile TypeScript:[39m
[31m[96msrc/projects/utils/editProjectSchemaValidator.ts[0m:[93m16[0m:[93m61[0m - [91merror[0m[90m TS2552: [0mCannot find name 'image'. Did you mean 'Image'?[39m

[31m[7m16[0m         is:(name: string) => !name || name.length === 0 && !image || image.length === 0,[39m
[31m[7m  [0m [91m                                                            ~~~~~[0m[39m

[31m  [96mnode_modules/typescript/lib/lib.dom.d.ts[0m:[93m17148[0m:[93m13[0m[39m
[31m    [7m17148[0m declare var Image: {[39m
[31m    [7m     [0m [96m            ~~~~~[0m[39m
[31m    'Image' is declared here.[39m
[31m[96msrc/projects/utils/editProjectSchemaValidator.ts[0m:[93m16[0m:[93m70[0m - [91merror[0m[90m TS2552: [0mCannot find name 'image'. Did you mean 'Image'?[39m

[31m[7m16[0m         is:(name: string) => !name || name.length === 0 && !image || image.length === 0,[39m
[31m[7m  [0m [91m                                                                     ~~~~~[0m[39m

[31m  [96mnode_modules/typescript/lib/lib.dom.d.ts[0m:[93m17148[0m:[93m13[0m[39m
[31m    [7m17148[0m declare var Image: {[39m
[31m    [7m     [0m [96m            ~~~~~[0m[39m
[31m    'Image' is declared here.[39m

[31mError: тип Unable to compile TypeScript:[39m
[31m[96msrc/projects/utils/editProjectSchemaValidator.ts[0m:[93m16[0m:[93m61[0m - [91merror[0m[90m TS2552: [0mCannot find name 'image'. Did you mean 'Image'?[39m

[31m[7m16[0m         is:(name: string) => !name || name.length === 0 && !image || image.length === 0,[39m
[31m[7m  [0m [91m                                                            ~~~~~[0m[39m

[31m  [96mnode_modules/typescript/lib/lib.dom.d.ts[0m:[93m17148[0m:[93m13[0m[39m
[31m    [7m17148[0m declare var Image: {[39m
[31m    [7m     [0m [96m            ~~~~~[0m[39m
[31m    'Image' is declared here.[39m
[31m[96msrc/projects/utils/editProjectSchemaValidator.ts[0m:[93m16[0m:[93m70[0m - [91merror[0m[90m TS2552: [0mCannot find name 'image'. Did you mean 'Image'?[39m

[31m[7m16[0m         is:(name: string) => !name || name.length === 0 && !image || image.length === 0,[39m
[31m[7m  [0m [91m                                                                     ~~~~~[0m[39m

[31m  [96mnode_modules/typescript/lib/lib.dom.d.ts[0m:[93m17148[0m:[93m13[0m[39m
[31m    [7m17148[0m declare var Image: {[39m
[31m    [7m     [0m [96m            ~~~~~[0m[39m
[31m    'Image' is declared here.[39m

[31m    at Object.<anonymous> (/media/reynaldo/f8db0900-b42d-4b5d-971f-4716687f2a60/Make It Real/PROYECTO GRUPAL/foodapp-server/src/projects/utils/editProjectSchemaValidator.ts:1:7)[39m
[31m    at Module._compile (node:internal/modules/cjs/loader:1103:14)[39m
[31m    at Module._compile (/media/reynaldo/f8db0900-b42d-4b5d-971f-4716687f2a60/Make It Real/PROYECTO GRUPAL/foodapp-server/node_modules/source-map-support/source-map-support.js:568:25)[39m
[31m    at Module.m._compile (/tmp/ts-node-dev-hook-42055796998036454.js:69:33)[39m
[31m    at Module._extensions..js (node:internal/modules/cjs/loader:1155:10)[39m
[31m    at require.extensions.<computed> (/tmp/ts-node-dev-hook-42055796998036454.js:71:20)[39m
[31m    at Object.nodeDevHook [as .ts] (/media/reynaldo/f8db0900-b42d-4b5d-971f-4716687f2a60/Make It Real/PROYECTO GRUPAL/foodapp-server/node_modules/ts-node-dev/lib/hook.js:63:13)[39m
[31m    at Module.load (node:internal/modules/cjs/loader:981:32)[39m
[31m    at Function.Module._load (node:internal/modules/cjs/loader:822:12)[39m
[31m    at Module.require (node:internal/modules/cjs/loader:1005:19)[39m 
  
       instance: undefined 

       fn:undefined 

       trace: [object Object],[object Object],[object Object],[object Object],[object Object],[object Object],[object Object],[object Object],[object Object],[object Object]
2022-03-15 13:33:09:339 
       [31merror[39m: [31muncaughtException: тип Unable to compile TypeScript:[39m
[31m[96msrc/projects/utils/editProjectSchemaValidator.ts[0m:[93m21[0m:[93m6[0m - [91merror[0m[90m TS2322: [0mType '[string, string, string]' is not assignable to type '[string, string]'.[39m
[31m  Source has 3 element(s) but target allows only 2.[39m

[31m[7m21[0m     [['name', 'image','']][39m
[31m[7m  [0m [91m     ~~~~~~~~~~~~~~~~~~~~[0m[39m

[31mError: тип Unable to compile TypeScript:[39m
[31m[96msrc/projects/utils/editProjectSchemaValidator.ts[0m:[93m21[0m:[93m6[0m - [91merror[0m[90m TS2322: [0mType '[string, string, string]' is not assignable to type '[string, string]'.[39m
[31m  Source has 3 element(s) but target allows only 2.[39m

[31m[7m21[0m     [['name', 'image','']][39m
[31m[7m  [0m [91m     ~~~~~~~~~~~~~~~~~~~~[0m[39m

[31m    at Object.<anonymous> (/media/reynaldo/f8db0900-b42d-4b5d-971f-4716687f2a60/Make It Real/PROYECTO GRUPAL/foodapp-server/src/projects/utils/editProjectSchemaValidator.ts:1:7)[39m
[31m    at Module._compile (node:internal/modules/cjs/loader:1103:14)[39m
[31m    at Module._compile (/media/reynaldo/f8db0900-b42d-4b5d-971f-4716687f2a60/Make It Real/PROYECTO GRUPAL/foodapp-server/node_modules/source-map-support/source-map-support.js:568:25)[39m
[31m    at Module.m._compile (/tmp/ts-node-dev-hook-42055796998036454.js:69:33)[39m
[31m    at Module._extensions..js (node:internal/modules/cjs/loader:1155:10)[39m
[31m    at require.extensions.<computed> (/tmp/ts-node-dev-hook-42055796998036454.js:71:20)[39m
[31m    at Object.nodeDevHook [as .ts] (/media/reynaldo/f8db0900-b42d-4b5d-971f-4716687f2a60/Make It Real/PROYECTO GRUPAL/foodapp-server/node_modules/ts-node-dev/lib/hook.js:63:13)[39m
[31m    at Module.load (node:internal/modules/cjs/loader:981:32)[39m
[31m    at Function.Module._load (node:internal/modules/cjs/loader:822:12)[39m
[31m    at Module.require (node:internal/modules/cjs/loader:1005:19)[39m 
  
       instance: undefined 

       fn:undefined 

       trace: [object Object],[object Object],[object Object],[object Object],[object Object],[object Object],[object Object],[object Object],[object Object],[object Object]
2022-03-15 13:33:13:3313 
       [31merror[39m: [31muncaughtException: тип Unable to compile TypeScript:[39m
[31m[96msrc/projects/utils/editProjectSchemaValidator.ts[0m:[93m21[0m:[93m6[0m - [91merror[0m[90m TS2322: [0mType '[string, string, string]' is not assignable to type '[string, string]'.[39m
[31m  Source has 3 element(s) but target allows only 2.[39m

[31m[7m21[0m     [['name', 'image','price']][39m
[31m[7m  [0m [91m     ~~~~~~~~~~~~~~~~~~~~~~~~~[0m[39m

[31mError: тип Unable to compile TypeScript:[39m
[31m[96msrc/projects/utils/editProjectSchemaValidator.ts[0m:[93m21[0m:[93m6[0m - [91merror[0m[90m TS2322: [0mType '[string, string, string]' is not assignable to type '[string, string]'.[39m
[31m  Source has 3 element(s) but target allows only 2.[39m

[31m[7m21[0m     [['name', 'image','price']][39m
[31m[7m  [0m [91m     ~~~~~~~~~~~~~~~~~~~~~~~~~[0m[39m

[31m    at Object.<anonymous> (/media/reynaldo/f8db0900-b42d-4b5d-971f-4716687f2a60/Make It Real/PROYECTO GRUPAL/foodapp-server/src/projects/utils/editProjectSchemaValidator.ts:1:7)[39m
[31m    at Module._compile (node:internal/modules/cjs/loader:1103:14)[39m
[31m    at Module._compile (/media/reynaldo/f8db0900-b42d-4b5d-971f-4716687f2a60/Make It Real/PROYECTO GRUPAL/foodapp-server/node_modules/source-map-support/source-map-support.js:568:25)[39m
[31m    at Module.m._compile (/tmp/ts-node-dev-hook-42055796998036454.js:69:33)[39m
[31m    at Module._extensions..js (node:internal/modules/cjs/loader:1155:10)[39m
[31m    at require.extensions.<computed> (/tmp/ts-node-dev-hook-42055796998036454.js:71:20)[39m
[31m    at Object.nodeDevHook [as .ts] (/media/reynaldo/f8db0900-b42d-4b5d-971f-4716687f2a60/Make It Real/PROYECTO GRUPAL/foodapp-server/node_modules/ts-node-dev/lib/hook.js:63:13)[39m
[31m    at Module.load (node:internal/modules/cjs/loader:981:32)[39m
[31m    at Function.Module._load (node:internal/modules/cjs/loader:822:12)[39m
[31m    at Module.require (node:internal/modules/cjs/loader:1005:19)[39m 
  
       instance: undefined 

       fn:undefined 

       trace: [object Object],[object Object],[object Object],[object Object],[object Object],[object Object],[object Object],[object Object],[object Object],[object Object]
2022-03-15 13:33:28:3328 
       [31merror[39m: [31muncaughtException: тип Unable to compile TypeScript:[39m
[31m[96msrc/projects/utils/editProjectSchemaValidator.ts[0m:[93m22[0m:[93m3[0m - [91merror[0m[90m TS1005: [0m',' expected.[39m

[31m[7m22[0m   ),[39m
[31m[7m  [0m [91m  ~[0m[39m

[31mError: тип Unable to compile TypeScript:[39m
[31m[96msrc/projects/utils/editProjectSchemaValidator.ts[0m:[93m22[0m:[93m3[0m - [91merror[0m[90m TS1005: [0m',' expected.[39m

[31m[7m22[0m   ),[39m
[31m[7m  [0m [91m  ~[0m[39m

[31m    at Object.<anonymous> (/media/reynaldo/f8db0900-b42d-4b5d-971f-4716687f2a60/Make It Real/PROYECTO GRUPAL/foodapp-server/src/projects/utils/editProjectSchemaValidator.ts:1:7)[39m
[31m    at Module._compile (node:internal/modules/cjs/loader:1103:14)[39m
[31m    at Module._compile (/media/reynaldo/f8db0900-b42d-4b5d-971f-4716687f2a60/Make It Real/PROYECTO GRUPAL/foodapp-server/node_modules/source-map-support/source-map-support.js:568:25)[39m
[31m    at Module.m._compile (/tmp/ts-node-dev-hook-42055796998036454.js:69:33)[39m
[31m    at Module._extensions..js (node:internal/modules/cjs/loader:1155:10)[39m
[31m    at require.extensions.<computed> (/tmp/ts-node-dev-hook-42055796998036454.js:71:20)[39m
[31m    at Object.nodeDevHook [as .ts] (/media/reynaldo/f8db0900-b42d-4b5d-971f-4716687f2a60/Make It Real/PROYECTO GRUPAL/foodapp-server/node_modules/ts-node-dev/lib/hook.js:63:13)[39m
[31m    at Module.load (node:internal/modules/cjs/loader:981:32)[39m
[31m    at Function.Module._load (node:internal/modules/cjs/loader:822:12)[39m
[31m    at Module.require (node:internal/modules/cjs/loader:1005:19)[39m 
  
       instance: undefined 

       fn:undefined 

       trace: [object Object],[object Object],[object Object],[object Object],[object Object],[object Object],[object Object],[object Object],[object Object],[object Object]
2022-03-15 13:33:36:3336 
       [31merror[39m: [31muncaughtException: тип Unable to compile TypeScript:[39m
[31m[96msrc/projects/utils/editProjectSchemaValidator.ts[0m:[93m21[0m:[93m6[0m - [91merror[0m[90m TS2796: [0mIt is likely that you are missing a comma to separate these two template expressions. They form a tagged template expression which cannot be invoked.[39m

[31m[7m21[0m     [['name', 'image',]`~`[39m
[31m[7m  [0m [91m     ~~~~~~~~~~~~~~~~~~[0m[39m
[31m[96msrc/projects/utils/editProjectSchemaValidator.ts[0m:[93m22[0m:[93m3[0m - [91merror[0m[90m TS1005: [0m',' expected.[39m

[31m[7m22[0m   ),[39m
[31m[7m  [0m [91m  ~[0m[39m

[31mError: тип Unable to compile TypeScript:[39m
[31m[96msrc/projects/utils/editProjectSchemaValidator.ts[0m:[93m21[0m:[93m6[0m - [91merror[0m[90m TS2796: [0mIt is likely that you are missing a comma to separate these two template expressions. They form a tagged template expression which cannot be invoked.[39m

[31m[7m21[0m     [['name', 'image',]`~`[39m
[31m[7m  [0m [91m     ~~~~~~~~~~~~~~~~~~[0m[39m
[31m[96msrc/projects/utils/editProjectSchemaValidator.ts[0m:[93m22[0m:[93m3[0m - [91merror[0m[90m TS1005: [0m',' expected.[39m

[31m[7m22[0m   ),[39m
[31m[7m  [0m [91m  ~[0m[39m

[31m    at Object.<anonymous> (/media/reynaldo/f8db0900-b42d-4b5d-971f-4716687f2a60/Make It Real/PROYECTO GRUPAL/foodapp-server/src/projects/utils/editProjectSchemaValidator.ts:1:7)[39m
[31m    at Module._compile (node:internal/modules/cjs/loader:1103:14)[39m
[31m    at Module._compile (/media/reynaldo/f8db0900-b42d-4b5d-971f-4716687f2a60/Make It Real/PROYECTO GRUPAL/foodapp-server/node_modules/source-map-support/source-map-support.js:568:25)[39m
[31m    at Module.m._compile (/tmp/ts-node-dev-hook-42055796998036454.js:69:33)[39m
[31m    at Module._extensions..js (node:internal/modules/cjs/loader:1155:10)[39m
[31m    at require.extensions.<computed> (/tmp/ts-node-dev-hook-42055796998036454.js:71:20)[39m
[31m    at Object.nodeDevHook [as .ts] (/media/reynaldo/f8db0900-b42d-4b5d-971f-4716687f2a60/Make It Real/PROYECTO GRUPAL/foodapp-server/node_modules/ts-node-dev/lib/hook.js:63:13)[39m
[31m    at Module.load (node:internal/modules/cjs/loader:981:32)[39m
[31m    at Function.Module._load (node:internal/modules/cjs/loader:822:12)[39m
[31m    at Module.require (node:internal/modules/cjs/loader:1005:19)[39m 
  
       instance: undefined 

       fn:undefined 

       trace: [object Object],[object Object],[object Object],[object Object],[object Object],[object Object],[object Object],[object Object],[object Object],[object Object],[object Object]
2022-03-15 13:34:56:3456 
       [31merror[39m: [31muncaughtException: тип Unable to compile TypeScript:[39m
[31m[96msrc/projects/utils/editProjectSchemaValidator.ts[0m:[93m5[0m:[93m38[0m - [91merror[0m[90m TS2554: [0mExpected 1-2 arguments, but got 3.[39m

[31m[7m5[0m       name: string().when('image','' {[39m
[31m[7m [0m [91m                                     ~[0m[39m
[31m[7m6[0m         is: (image: string, price:number) => !image || image.length === 0 && !price || price===0,[39m
[31m[7m [0m [91m~~~~~~~~~~~~~~~~~~~~~~~~~~~~~~~~~~~~~~~~~~~~~~~~~~~~~~~~~~~~~~~~~~~~~~~~~~~~~~~~~~~~~~~~~~~~~~~~~[0m[39m
[31m[7m7[0m         then: string().required('name or image  or price is required'),[39m
[31m[7m [0m [91m~~~~~~~~~~~~~~~~~~~~~~~~~~~~~~~~~~~~~~~~~~~~~~~~~~~~~~~~~~~~~~~~~~~~~~~[0m[39m
[31m[7m8[0m       }),[39m
[31m[7m [0m [91m~~~~~~~[0m[39m
[31m[96msrc/projects/utils/editProjectSchemaValidator.ts[0m:[93m5[0m:[93m38[0m - [91merror[0m[90m TS1005: [0m',' expected.[39m

[31m[7m5[0m       name: string().when('image','' {[39m
[31m[7m [0m [91m                                     ~[0m[39m

[31mError: тип Unable to compile TypeScript:[39m
[31m[96msrc/projects/utils/editProjectSchemaValidator.ts[0m:[93m5[0m:[93m38[0m - [91merror[0m[90m TS2554: [0mExpected 1-2 arguments, but got 3.[39m

[31m[7m5[0m       name: string().when('image','' {[39m
[31m[7m [0m [91m                                     ~[0m[39m
[31m[7m6[0m         is: (image: string, price:number) => !image || image.length === 0 && !price || price===0,[39m
[31m[7m [0m [91m~~~~~~~~~~~~~~~~~~~~~~~~~~~~~~~~~~~~~~~~~~~~~~~~~~~~~~~~~~~~~~~~~~~~~~~~~~~~~~~~~~~~~~~~~~~~~~~~~[0m[39m
[31m[7m7[0m         then: string().required('name or image  or price is required'),[39m
[31m[7m [0m [91m~~~~~~~~~~~~~~~~~~~~~~~~~~~~~~~~~~~~~~~~~~~~~~~~~~~~~~~~~~~~~~~~~~~~~~~[0m[39m
[31m[7m8[0m       }),[39m
[31m[7m [0m [91m~~~~~~~[0m[39m
[31m[96msrc/projects/utils/editProjectSchemaValidator.ts[0m:[93m5[0m:[93m38[0m - [91merror[0m[90m TS1005: [0m',' expected.[39m

[31m[7m5[0m       name: string().when('image','' {[39m
[31m[7m [0m [91m                                     ~[0m[39m

[31m    at Object.<anonymous> (/media/reynaldo/f8db0900-b42d-4b5d-971f-4716687f2a60/Make It Real/PROYECTO GRUPAL/foodapp-server/src/projects/utils/editProjectSchemaValidator.ts:1:7)[39m
[31m    at Module._compile (node:internal/modules/cjs/loader:1103:14)[39m
[31m    at Module._compile (/media/reynaldo/f8db0900-b42d-4b5d-971f-4716687f2a60/Make It Real/PROYECTO GRUPAL/foodapp-server/node_modules/source-map-support/source-map-support.js:568:25)[39m
[31m    at Module.m._compile (/tmp/ts-node-dev-hook-42055796998036454.js:69:33)[39m
[31m    at Module._extensions..js (node:internal/modules/cjs/loader:1155:10)[39m
[31m    at require.extensions.<computed> (/tmp/ts-node-dev-hook-42055796998036454.js:71:20)[39m
[31m    at Object.nodeDevHook [as .ts] (/media/reynaldo/f8db0900-b42d-4b5d-971f-4716687f2a60/Make It Real/PROYECTO GRUPAL/foodapp-server/node_modules/ts-node-dev/lib/hook.js:63:13)[39m
[31m    at Module.load (node:internal/modules/cjs/loader:981:32)[39m
[31m    at Function.Module._load (node:internal/modules/cjs/loader:822:12)[39m
[31m    at Module.require (node:internal/modules/cjs/loader:1005:19)[39m 
  
       instance: undefined 

       fn:undefined 

       trace: [object Object],[object Object],[object Object],[object Object],[object Object],[object Object],[object Object],[object Object],[object Object],[object Object]
2022-03-15 13:35:00:350 
       [31merror[39m: [31muncaughtException: тип Unable to compile TypeScript:[39m
[31m[96msrc/projects/utils/editProjectSchemaValidator.ts[0m:[93m5[0m:[93m43[0m - [91merror[0m[90m TS2554: [0mExpected 1-2 arguments, but got 3.[39m

[31m[7m5[0m       name: string().when('image','price' {[39m
[31m[7m [0m [91m                                          ~[0m[39m
[31m[7m6[0m         is: (image: string, price:number) => !image || image.length === 0 && !price || price===0,[39m
[31m[7m [0m [91m~~~~~~~~~~~~~~~~~~~~~~~~~~~~~~~~~~~~~~~~~~~~~~~~~~~~~~~~~~~~~~~~~~~~~~~~~~~~~~~~~~~~~~~~~~~~~~~~~[0m[39m
[31m[7m7[0m         then: string().required('name or image  or price is required'),[39m
[31m[7m [0m [91m~~~~~~~~~~~~~~~~~~~~~~~~~~~~~~~~~~~~~~~~~~~~~~~~~~~~~~~~~~~~~~~~~~~~~~~[0m[39m
[31m[7m8[0m       }),[39m
[31m[7m [0m [91m~~~~~~~[0m[39m
[31m[96msrc/projects/utils/editProjectSchemaValidator.ts[0m:[93m5[0m:[93m43[0m - [91merror[0m[90m TS1005: [0m',' expected.[39m

[31m[7m5[0m       name: string().when('image','price' {[39m
[31m[7m [0m [91m                                          ~[0m[39m

[31mError: тип Unable to compile TypeScript:[39m
[31m[96msrc/projects/utils/editProjectSchemaValidator.ts[0m:[93m5[0m:[93m43[0m - [91merror[0m[90m TS2554: [0mExpected 1-2 arguments, but got 3.[39m

[31m[7m5[0m       name: string().when('image','price' {[39m
[31m[7m [0m [91m                                          ~[0m[39m
[31m[7m6[0m         is: (image: string, price:number) => !image || image.length === 0 && !price || price===0,[39m
[31m[7m [0m [91m~~~~~~~~~~~~~~~~~~~~~~~~~~~~~~~~~~~~~~~~~~~~~~~~~~~~~~~~~~~~~~~~~~~~~~~~~~~~~~~~~~~~~~~~~~~~~~~~~[0m[39m
[31m[7m7[0m         then: string().required('name or image  or price is required'),[39m
[31m[7m [0m [91m~~~~~~~~~~~~~~~~~~~~~~~~~~~~~~~~~~~~~~~~~~~~~~~~~~~~~~~~~~~~~~~~~~~~~~~[0m[39m
[31m[7m8[0m       }),[39m
[31m[7m [0m [91m~~~~~~~[0m[39m
[31m[96msrc/projects/utils/editProjectSchemaValidator.ts[0m:[93m5[0m:[93m43[0m - [91merror[0m[90m TS1005: [0m',' expected.[39m

[31m[7m5[0m       name: string().when('image','price' {[39m
[31m[7m [0m [91m                                          ~[0m[39m

[31m    at Object.<anonymous> (/media/reynaldo/f8db0900-b42d-4b5d-971f-4716687f2a60/Make It Real/PROYECTO GRUPAL/foodapp-server/src/projects/utils/editProjectSchemaValidator.ts:1:7)[39m
[31m    at Module._compile (node:internal/modules/cjs/loader:1103:14)[39m
[31m    at Module._compile (/media/reynaldo/f8db0900-b42d-4b5d-971f-4716687f2a60/Make It Real/PROYECTO GRUPAL/foodapp-server/node_modules/source-map-support/source-map-support.js:568:25)[39m
[31m    at Module.m._compile (/tmp/ts-node-dev-hook-42055796998036454.js:69:33)[39m
[31m    at Module._extensions..js (node:internal/modules/cjs/loader:1155:10)[39m
[31m    at require.extensions.<computed> (/tmp/ts-node-dev-hook-42055796998036454.js:71:20)[39m
[31m    at Object.nodeDevHook [as .ts] (/media/reynaldo/f8db0900-b42d-4b5d-971f-4716687f2a60/Make It Real/PROYECTO GRUPAL/foodapp-server/node_modules/ts-node-dev/lib/hook.js:63:13)[39m
[31m    at Module.load (node:internal/modules/cjs/loader:981:32)[39m
[31m    at Function.Module._load (node:internal/modules/cjs/loader:822:12)[39m
[31m    at Module.require (node:internal/modules/cjs/loader:1005:19)[39m 
  
       instance: undefined 

       fn:undefined 

       trace: [object Object],[object Object],[object Object],[object Object],[object Object],[object Object],[object Object],[object Object],[object Object],[object Object]
2022-03-15 13:35:04:354 
       [31merror[39m: [31muncaughtException: тип Unable to compile TypeScript:[39m
[31m[96msrc/projects/utils/editProjectSchemaValidator.ts[0m:[93m5[0m:[93m44[0m - [91merror[0m[90m TS2554: [0mExpected 1-2 arguments, but got 3.[39m

[31m[7m5[0m       name: string().when('image','price', {[39m
[31m[7m [0m [91m                                           ~[0m[39m
[31m[7m6[0m         is: (image: string, price:number) => !image || image.length === 0 && !price || price===0,[39m
[31m[7m [0m [91m~~~~~~~~~~~~~~~~~~~~~~~~~~~~~~~~~~~~~~~~~~~~~~~~~~~~~~~~~~~~~~~~~~~~~~~~~~~~~~~~~~~~~~~~~~~~~~~~~[0m[39m
[31m[7m7[0m         then: string().required('name or image  or price is required'),[39m
[31m[7m [0m [91m~~~~~~~~~~~~~~~~~~~~~~~~~~~~~~~~~~~~~~~~~~~~~~~~~~~~~~~~~~~~~~~~~~~~~~~[0m[39m
[31m[7m8[0m       }),[39m
[31m[7m [0m [91m~~~~~~~[0m[39m

[31mError: тип Unable to compile TypeScript:[39m
[31m[96msrc/projects/utils/editProjectSchemaValidator.ts[0m:[93m5[0m:[93m44[0m - [91merror[0m[90m TS2554: [0mExpected 1-2 arguments, but got 3.[39m

[31m[7m5[0m       name: string().when('image','price', {[39m
[31m[7m [0m [91m                                           ~[0m[39m
[31m[7m6[0m         is: (image: string, price:number) => !image || image.length === 0 && !price || price===0,[39m
[31m[7m [0m [91m~~~~~~~~~~~~~~~~~~~~~~~~~~~~~~~~~~~~~~~~~~~~~~~~~~~~~~~~~~~~~~~~~~~~~~~~~~~~~~~~~~~~~~~~~~~~~~~~~[0m[39m
[31m[7m7[0m         then: string().required('name or image  or price is required'),[39m
[31m[7m [0m [91m~~~~~~~~~~~~~~~~~~~~~~~~~~~~~~~~~~~~~~~~~~~~~~~~~~~~~~~~~~~~~~~~~~~~~~~[0m[39m
[31m[7m8[0m       }),[39m
[31m[7m [0m [91m~~~~~~~[0m[39m

[31m    at Object.<anonymous> (/media/reynaldo/f8db0900-b42d-4b5d-971f-4716687f2a60/Make It Real/PROYECTO GRUPAL/foodapp-server/src/projects/utils/editProjectSchemaValidator.ts:1:7)[39m
[31m    at Module._compile (node:internal/modules/cjs/loader:1103:14)[39m
[31m    at Module._compile (/media/reynaldo/f8db0900-b42d-4b5d-971f-4716687f2a60/Make It Real/PROYECTO GRUPAL/foodapp-server/node_modules/source-map-support/source-map-support.js:568:25)[39m
[31m    at Module.m._compile (/tmp/ts-node-dev-hook-42055796998036454.js:69:33)[39m
[31m    at Module._extensions..js (node:internal/modules/cjs/loader:1155:10)[39m
[31m    at require.extensions.<computed> (/tmp/ts-node-dev-hook-42055796998036454.js:71:20)[39m
[31m    at Object.nodeDevHook [as .ts] (/media/reynaldo/f8db0900-b42d-4b5d-971f-4716687f2a60/Make It Real/PROYECTO GRUPAL/foodapp-server/node_modules/ts-node-dev/lib/hook.js:63:13)[39m
[31m    at Module.load (node:internal/modules/cjs/loader:981:32)[39m
[31m    at Function.Module._load (node:internal/modules/cjs/loader:822:12)[39m
[31m    at Module.require (node:internal/modules/cjs/loader:1005:19)[39m 
  
       instance: undefined 

       fn:undefined 

       trace: [object Object],[object Object],[object Object],[object Object],[object Object],[object Object],[object Object],[object Object],[object Object],[object Object]
2022-03-15 13:35:50:3550 
       [31merror[39m: [31muncaughtException: Cyclic dependency, node was:"price"[39m
[31mError: Cyclic dependency, node was:"price"[39m
[31m    at visit (/media/reynaldo/f8db0900-b42d-4b5d-971f-4716687f2a60/Make It Real/PROYECTO GRUPAL/foodapp-server/node_modules/toposort/index.js:45:13)[39m
[31m    at visit (/media/reynaldo/f8db0900-b42d-4b5d-971f-4716687f2a60/Make It Real/PROYECTO GRUPAL/foodapp-server/node_modules/toposort/index.js:62:9)[39m
[31m    at Function.toposort [as array] (/media/reynaldo/f8db0900-b42d-4b5d-971f-4716687f2a60/Make It Real/PROYECTO GRUPAL/foodapp-server/node_modules/toposort/index.js:32:22)[39m
[31m    at sortFields (/media/reynaldo/f8db0900-b42d-4b5d-971f-4716687f2a60/Make It Real/PROYECTO GRUPAL/foodapp-server/node_modules/yup/lib/util/sortFields.js:38:28)[39m
[31m    at ObjectSchema.shape (/media/reynaldo/f8db0900-b42d-4b5d-971f-4716687f2a60/Make It Real/PROYECTO GRUPAL/foodapp-server/node_modules/yup/lib/object.js:273:43)[39m
[31m    at Object.<anonymous> (/media/reynaldo/f8db0900-b42d-4b5d-971f-4716687f2a60/Make It Real/PROYECTO GRUPAL/foodapp-server/src/projects/utils/editProjectSchemaValidator.ts:3:18)[39m
[31m    at Module._compile (node:internal/modules/cjs/loader:1103:14)[39m
[31m    at Module._compile (/media/reynaldo/f8db0900-b42d-4b5d-971f-4716687f2a60/Make It Real/PROYECTO GRUPAL/foodapp-server/node_modules/source-map-support/source-map-support.js:568:25)[39m
[31m    at Module.m._compile (/tmp/ts-node-dev-hook-42055796998036454.js:69:33)[39m
[31m    at Module._extensions..js (node:internal/modules/cjs/loader:1155:10)[39m 
  
       instance: undefined 

       fn:undefined 

       trace: [object Object],[object Object],[object Object],[object Object],[object Object],[object Object],[object Object],[object Object],[object Object],[object Object]
2022-03-15 13:36:00:360 
       [31merror[39m: [31muncaughtException: тип Unable to compile TypeScript:[39m
[31m[96msrc/projects/utils/editProjectSchemaValidator.ts[0m:[93m21[0m:[93m6[0m - [91merror[0m[90m TS2322: [0mType '[string, string, string]' is not assignable to type '[string, string]'.[39m
[31m  Source has 3 element(s) but target allows only 2.[39m

[31m[7m21[0m     [['name', 'image','']][39m
[31m[7m  [0m [91m     ~~~~~~~~~~~~~~~~~~~~[0m[39m

[31mError: тип Unable to compile TypeScript:[39m
[31m[96msrc/projects/utils/editProjectSchemaValidator.ts[0m:[93m21[0m:[93m6[0m - [91merror[0m[90m TS2322: [0mType '[string, string, string]' is not assignable to type '[string, string]'.[39m
[31m  Source has 3 element(s) but target allows only 2.[39m

[31m[7m21[0m     [['name', 'image','']][39m
[31m[7m  [0m [91m     ~~~~~~~~~~~~~~~~~~~~[0m[39m

[31m    at Object.<anonymous> (/media/reynaldo/f8db0900-b42d-4b5d-971f-4716687f2a60/Make It Real/PROYECTO GRUPAL/foodapp-server/src/projects/utils/editProjectSchemaValidator.ts:1:7)[39m
[31m    at Module._compile (node:internal/modules/cjs/loader:1103:14)[39m
[31m    at Module._compile (/media/reynaldo/f8db0900-b42d-4b5d-971f-4716687f2a60/Make It Real/PROYECTO GRUPAL/foodapp-server/node_modules/source-map-support/source-map-support.js:568:25)[39m
[31m    at Module.m._compile (/tmp/ts-node-dev-hook-42055796998036454.js:69:33)[39m
[31m    at Module._extensions..js (node:internal/modules/cjs/loader:1155:10)[39m
[31m    at require.extensions.<computed> (/tmp/ts-node-dev-hook-42055796998036454.js:71:20)[39m
[31m    at Object.nodeDevHook [as .ts] (/media/reynaldo/f8db0900-b42d-4b5d-971f-4716687f2a60/Make It Real/PROYECTO GRUPAL/foodapp-server/node_modules/ts-node-dev/lib/hook.js:63:13)[39m
[31m    at Module.load (node:internal/modules/cjs/loader:981:32)[39m
[31m    at Function.Module._load (node:internal/modules/cjs/loader:822:12)[39m
[31m    at Module.require (node:internal/modules/cjs/loader:1005:19)[39m 
  
       instance: undefined 

       fn:undefined 

       trace: [object Object],[object Object],[object Object],[object Object],[object Object],[object Object],[object Object],[object Object],[object Object],[object Object]
2022-03-15 13:36:03:363 
       [31merror[39m: [31muncaughtException: тип Unable to compile TypeScript:[39m
[31m[96msrc/projects/utils/editProjectSchemaValidator.ts[0m:[93m21[0m:[93m6[0m - [91merror[0m[90m TS2322: [0mType '[string, string, string]' is not assignable to type '[string, string]'.[39m
[31m  Source has 3 element(s) but target allows only 2.[39m

[31m[7m21[0m     [['name', 'image','price']][39m
[31m[7m  [0m [91m     ~~~~~~~~~~~~~~~~~~~~~~~~~[0m[39m

[31mError: тип Unable to compile TypeScript:[39m
[31m[96msrc/projects/utils/editProjectSchemaValidator.ts[0m:[93m21[0m:[93m6[0m - [91merror[0m[90m TS2322: [0mType '[string, string, string]' is not assignable to type '[string, string]'.[39m
[31m  Source has 3 element(s) but target allows only 2.[39m

[31m[7m21[0m     [['name', 'image','price']][39m
[31m[7m  [0m [91m     ~~~~~~~~~~~~~~~~~~~~~~~~~[0m[39m

[31m    at Object.<anonymous> (/media/reynaldo/f8db0900-b42d-4b5d-971f-4716687f2a60/Make It Real/PROYECTO GRUPAL/foodapp-server/src/projects/utils/editProjectSchemaValidator.ts:1:7)[39m
[31m    at Module._compile (node:internal/modules/cjs/loader:1103:14)[39m
[31m    at Module._compile (/media/reynaldo/f8db0900-b42d-4b5d-971f-4716687f2a60/Make It Real/PROYECTO GRUPAL/foodapp-server/node_modules/source-map-support/source-map-support.js:568:25)[39m
[31m    at Module.m._compile (/tmp/ts-node-dev-hook-42055796998036454.js:69:33)[39m
[31m    at Module._extensions..js (node:internal/modules/cjs/loader:1155:10)[39m
[31m    at require.extensions.<computed> (/tmp/ts-node-dev-hook-42055796998036454.js:71:20)[39m
[31m    at Object.nodeDevHook [as .ts] (/media/reynaldo/f8db0900-b42d-4b5d-971f-4716687f2a60/Make It Real/PROYECTO GRUPAL/foodapp-server/node_modules/ts-node-dev/lib/hook.js:63:13)[39m
[31m    at Module.load (node:internal/modules/cjs/loader:981:32)[39m
[31m    at Function.Module._load (node:internal/modules/cjs/loader:822:12)[39m
[31m    at Module.require (node:internal/modules/cjs/loader:1005:19)[39m 
  
       instance: undefined 

       fn:undefined 

       trace: [object Object],[object Object],[object Object],[object Object],[object Object],[object Object],[object Object],[object Object],[object Object],[object Object]
2022-03-15 13:36:10:3610 
       [31merror[39m: [31muncaughtException: Cyclic dependency, node was:"price"[39m
[31mError: Cyclic dependency, node was:"price"[39m
[31m    at visit (/media/reynaldo/f8db0900-b42d-4b5d-971f-4716687f2a60/Make It Real/PROYECTO GRUPAL/foodapp-server/node_modules/toposort/index.js:45:13)[39m
[31m    at visit (/media/reynaldo/f8db0900-b42d-4b5d-971f-4716687f2a60/Make It Real/PROYECTO GRUPAL/foodapp-server/node_modules/toposort/index.js:62:9)[39m
[31m    at Function.toposort [as array] (/media/reynaldo/f8db0900-b42d-4b5d-971f-4716687f2a60/Make It Real/PROYECTO GRUPAL/foodapp-server/node_modules/toposort/index.js:32:22)[39m
[31m    at sortFields (/media/reynaldo/f8db0900-b42d-4b5d-971f-4716687f2a60/Make It Real/PROYECTO GRUPAL/foodapp-server/node_modules/yup/lib/util/sortFields.js:38:28)[39m
[31m    at ObjectSchema.shape (/media/reynaldo/f8db0900-b42d-4b5d-971f-4716687f2a60/Make It Real/PROYECTO GRUPAL/foodapp-server/node_modules/yup/lib/object.js:273:43)[39m
[31m    at Object.<anonymous> (/media/reynaldo/f8db0900-b42d-4b5d-971f-4716687f2a60/Make It Real/PROYECTO GRUPAL/foodapp-server/src/projects/utils/editProjectSchemaValidator.ts:3:18)[39m
[31m    at Module._compile (node:internal/modules/cjs/loader:1103:14)[39m
[31m    at Module._compile (/media/reynaldo/f8db0900-b42d-4b5d-971f-4716687f2a60/Make It Real/PROYECTO GRUPAL/foodapp-server/node_modules/source-map-support/source-map-support.js:568:25)[39m
[31m    at Module.m._compile (/tmp/ts-node-dev-hook-42055796998036454.js:69:33)[39m
[31m    at Module._extensions..js (node:internal/modules/cjs/loader:1155:10)[39m 
  
       instance: undefined 

       fn:undefined 

       trace: [object Object],[object Object],[object Object],[object Object],[object Object],[object Object],[object Object],[object Object],[object Object],[object Object]
2022-03-15 13:55:19:5519 
       [31merror[39m: [31merror updating the project with id 622f97f1b7e0827575b3415c[39m 
  
       instance: services 

       fn:undefined 

       trace: the user cannot delete this proyect
2022-03-15 13:55:19:5519 
       [31merror[39m: [31mError editing the project projects[39m 
  
       instance: controllers 

       fn:undefined 

       trace: error updating the project with id 622f97f1b7e0827575b3415c
2022-03-15 13:55:45:5545 
       [31merror[39m: [31merror updating the project with id 622f97f1b7e0827575b3415c[39m 
  
       instance: services 

       fn:undefined 

       trace: the user cannot delete this proyect
2022-03-15 13:55:45:5545 
       [31merror[39m: [31mError editing the project projects[39m 
  
       instance: controllers 

       fn:undefined 

       trace: error updating the project with id 622f97f1b7e0827575b3415c
2022-03-15 13:55:46:5546 
       [31merror[39m: [31merror updating the project with id 622f97f1b7e0827575b3415c[39m 
  
       instance: services 

       fn:undefined 

       trace: the user cannot delete this proyect
2022-03-15 13:55:46:5546 
       [31merror[39m: [31mError editing the project projects[39m 
  
       instance: controllers 

       fn:undefined 

       trace: error updating the project with id 622f97f1b7e0827575b3415c
2022-03-15 13:55:47:5547 
       [31merror[39m: [31merror updating the project with id 622f97f1b7e0827575b3415c[39m 
  
       instance: services 

       fn:undefined 

       trace: the user cannot delete this proyect
2022-03-15 13:55:47:5547 
       [31merror[39m: [31mError editing the project projects[39m 
  
       instance: controllers 

       fn:undefined 

       trace: error updating the project with id 622f97f1b7e0827575b3415c
2022-03-15 13:55:48:5548 
       [31merror[39m: [31merror updating the project with id 622f97f1b7e0827575b3415c[39m 
  
       instance: services 

       fn:undefined 

       trace: the user cannot delete this proyect
2022-03-15 13:55:48:5548 
       [31merror[39m: [31mError editing the project projects[39m 
  
       instance: controllers 

       fn:undefined 

       trace: error updating the project with id 622f97f1b7e0827575b3415c
2022-03-15 13:55:48:5548 
       [31merror[39m: [31merror updating the project with id 622f97f1b7e0827575b3415c[39m 
  
       instance: services 

       fn:undefined 

       trace: the user cannot delete this proyect
2022-03-15 13:55:48:5548 
       [31merror[39m: [31mError editing the project projects[39m 
  
       instance: controllers 

       fn:undefined 

       trace: error updating the project with id 622f97f1b7e0827575b3415c
2022-03-15 13:55:48:5548 
       [31merror[39m: [31merror updating the project with id 622f97f1b7e0827575b3415c[39m 
  
       instance: services 

       fn:undefined 

       trace: the user cannot delete this proyect
2022-03-15 13:55:48:5548 
       [31merror[39m: [31mError editing the project projects[39m 
  
       instance: controllers 

       fn:undefined 

       trace: error updating the project with id 622f97f1b7e0827575b3415c
2022-03-15 13:55:48:5548 
       [31merror[39m: [31merror updating the project with id 622f97f1b7e0827575b3415c[39m 
  
       instance: services 

       fn:undefined 

       trace: the user cannot delete this proyect
2022-03-15 13:55:48:5548 
       [31merror[39m: [31mError editing the project projects[39m 
  
       instance: controllers 

       fn:undefined 

       trace: error updating the project with id 622f97f1b7e0827575b3415c
2022-03-15 13:55:49:5549 
       [31merror[39m: [31merror updating the project with id 622f97f1b7e0827575b3415c[39m 
  
       instance: services 

       fn:undefined 

       trace: the user cannot delete this proyect
2022-03-15 13:55:49:5549 
       [31merror[39m: [31mError editing the project projects[39m 
  
       instance: controllers 

       fn:undefined 

       trace: error updating the project with id 622f97f1b7e0827575b3415c
2022-03-15 13:55:49:5549 
       [31merror[39m: [31merror updating the project with id 622f97f1b7e0827575b3415c[39m 
  
       instance: services 

       fn:undefined 

       trace: the user cannot delete this proyect
2022-03-15 13:55:49:5549 
       [31merror[39m: [31mError editing the project projects[39m 
  
       instance: controllers 

       fn:undefined 

       trace: error updating the project with id 622f97f1b7e0827575b3415c
2022-03-15 13:55:49:5549 
       [31merror[39m: [31merror updating the project with id 622f97f1b7e0827575b3415c[39m 
  
       instance: services 

       fn:undefined 

       trace: the user cannot delete this proyect
2022-03-15 13:55:49:5549 
       [31merror[39m: [31mError editing the project projects[39m 
  
       instance: controllers 

       fn:undefined 

       trace: error updating the project with id 622f97f1b7e0827575b3415c
2022-03-15 13:55:50:5550 
       [31merror[39m: [31merror updating the project with id 622f97f1b7e0827575b3415c[39m 
  
       instance: services 

       fn:undefined 

       trace: the user cannot delete this proyect
2022-03-15 13:55:50:5550 
       [31merror[39m: [31mError editing the project projects[39m 
  
       instance: controllers 

       fn:undefined 

       trace: error updating the project with id 622f97f1b7e0827575b3415c
2022-03-15 13:55:51:5551 
       [31merror[39m: [31merror updating the project with id 622f97f1b7e0827575b3415c[39m 
  
       instance: services 

       fn:undefined 

       trace: the user cannot delete this proyect
2022-03-15 13:55:51:5551 
       [31merror[39m: [31mError editing the project projects[39m 
  
       instance: controllers 

       fn:undefined 

       trace: error updating the project with id 622f97f1b7e0827575b3415c
2022-03-15 13:55:51:5551 
       [31merror[39m: [31merror updating the project with id 622f97f1b7e0827575b3415c[39m 
  
       instance: services 

       fn:undefined 

       trace: the user cannot delete this proyect
2022-03-15 13:55:51:5551 
       [31merror[39m: [31mError editing the project projects[39m 
  
       instance: controllers 

       fn:undefined 

       trace: error updating the project with id 622f97f1b7e0827575b3415c
2022-03-15 13:55:52:5552 
       [31merror[39m: [31merror updating the project with id 622f97f1b7e0827575b3415c[39m 
  
       instance: services 

       fn:undefined 

       trace: the user cannot delete this proyect
2022-03-15 13:55:52:5552 
       [31merror[39m: [31mError editing the project projects[39m 
  
       instance: controllers 

       fn:undefined 

       trace: error updating the project with id 622f97f1b7e0827575b3415c
2022-03-15 13:56:06:566 
       [31merror[39m: [31merror updating the project with id 622f97f1b7e0827575b3415c[39m 
  
       instance: services 

       fn:undefined 

       trace: the user cannot delete this proyect
2022-03-15 13:56:06:566 
       [31merror[39m: [31mError editing the project projects[39m 
  
       instance: controllers 

       fn:undefined 

       trace: error updating the project with id 622f97f1b7e0827575b3415c
2022-03-15 13:56:07:567 
       [31merror[39m: [31merror updating the project with id 622f97f1b7e0827575b3415c[39m 
  
       instance: services 

       fn:undefined 

       trace: the user cannot delete this proyect
2022-03-15 13:56:07:567 
       [31merror[39m: [31mError editing the project projects[39m 
  
       instance: controllers 

       fn:undefined 

       trace: error updating the project with id 622f97f1b7e0827575b3415c
2022-03-15 13:56:08:568 
       [31merror[39m: [31merror updating the project with id 622f97f1b7e0827575b3415c[39m 
  
       instance: services 

       fn:undefined 

       trace: the user cannot delete this proyect
2022-03-15 13:56:08:568 
       [31merror[39m: [31mError editing the project projects[39m 
  
       instance: controllers 

       fn:undefined 

       trace: error updating the project with id 622f97f1b7e0827575b3415c
2022-03-15 13:56:09:569 
       [31merror[39m: [31merror updating the project with id 622f97f1b7e0827575b3415c[39m 
  
       instance: services 

       fn:undefined 

       trace: the user cannot delete this proyect
2022-03-15 13:56:09:569 
       [31merror[39m: [31mError editing the project projects[39m 
  
       instance: controllers 

       fn:undefined 

       trace: error updating the project with id 622f97f1b7e0827575b3415c
2022-03-15 13:56:10:5610 
       [31merror[39m: [31merror updating the project with id 622f97f1b7e0827575b3415c[39m 
  
       instance: services 

       fn:undefined 

       trace: the user cannot delete this proyect
2022-03-15 13:56:10:5610 
       [31merror[39m: [31mError editing the project projects[39m 
  
       instance: controllers 

       fn:undefined 

       trace: error updating the project with id 622f97f1b7e0827575b3415c
2022-03-15 13:56:10:5610 
       [31merror[39m: [31merror updating the project with id 622f97f1b7e0827575b3415c[39m 
  
       instance: services 

       fn:undefined 

       trace: the user cannot delete this proyect
2022-03-15 13:56:10:5610 
       [31merror[39m: [31mError editing the project projects[39m 
  
       instance: controllers 

       fn:undefined 

       trace: error updating the project with id 622f97f1b7e0827575b3415c
2022-03-15 13:56:12:5612 
       [31merror[39m: [31merror updating the project with id 622f97f1b7e0827575b3415c[39m 
  
       instance: services 

       fn:undefined 

       trace: the user cannot delete this proyect
2022-03-15 13:56:12:5612 
       [31merror[39m: [31mError editing the project projects[39m 
  
       instance: controllers 

       fn:undefined 

       trace: error updating the project with id 622f97f1b7e0827575b3415c
2022-03-15 13:56:43:5643 
       [31merror[39m: [31merror updating the project with id 622f97f1b7e0827575b3415c[39m 
  
       instance: services 

       fn:undefined 

       trace: the user cannot delete this proyect
2022-03-15 13:56:43:5643 
       [31merror[39m: [31mError editing the project projects[39m 
  
       instance: controllers 

       fn:undefined 

       trace: error updating the project with id 622f97f1b7e0827575b3415c
2022-03-15 13:57:19:5719 
       [31merror[39m: [31muncaughtException: тип Unable to compile TypeScript:[39m
[31m[96msrc/projects/utils/editProjectSchemaValidator.ts[0m:[93m3[0m:[93m9[0m - [91merror[0m[90m TS2304: [0mCannot find name 'yup'.[39m

[31m[7m3[0m   body: yup.object({[39m
[31m[7m [0m [91m        ~~~[0m[39m
[31m[96msrc/projects/utils/editProjectSchemaValidator.ts[0m:[93m4[0m:[93m11[0m - [91merror[0m[90m TS2304: [0mCannot find name 'yup'.[39m

[31m[7m4[0m     name: yup[39m
[31m[7m [0m [91m          ~~~[0m[39m
[31m[96msrc/projects/utils/editProjectSchemaValidator.ts[0m:[93m9[0m:[93m12[0m - [91merror[0m[90m TS2304: [0mCannot find name 'yup'.[39m

[31m[7m9[0m     image: yup[39m
[31m[7m [0m [91m           ~~~[0m[39m
[31m[96msrc/projects/utils/editProjectSchemaValidator.ts[0m:[93m12[0m:[93m12[0m - [91merror[0m[90m TS2304: [0mCannot find name 'yup'.[39m

[31m[7m12[0m     price: yup[39m
[31m[7m  [0m [91m           ~~~[0m[39m
[31m[96msrc/projects/utils/editProjectSchemaValidator.ts[0m:[93m16[0m:[93m11[0m - [91merror[0m[90m TS2304: [0mCannot find name 'yup'.[39m

[31m[7m16[0m   params: yup.object({}),[39m
[31m[7m  [0m [91m          ~~~[0m[39m
[31m[96msrc/projects/utils/editProjectSchemaValidator.ts[0m:[93m19[0m:[93m1[0m - [91merror[0m[90m TS1128: [0mDeclaration or statement expected.[39m

[31m[7m19[0m });[39m
[31m[7m  [0m [91m~[0m[39m
[31m[96msrc/projects/utils/editProjectSchemaValidator.ts[0m:[93m19[0m:[93m2[0m - [91merror[0m[90m TS1128: [0mDeclaration or statement expected.[39m

[31m[7m19[0m });[39m
[31m[7m  [0m [91m ~[0m[39m

[31mError: тип Unable to compile TypeScript:[39m
[31m[96msrc/projects/utils/editProjectSchemaValidator.ts[0m:[93m3[0m:[93m9[0m - [91merror[0m[90m TS2304: [0mCannot find name 'yup'.[39m

[31m[7m3[0m   body: yup.object({[39m
[31m[7m [0m [91m        ~~~[0m[39m
[31m[96msrc/projects/utils/editProjectSchemaValidator.ts[0m:[93m4[0m:[93m11[0m - [91merror[0m[90m TS2304: [0mCannot find name 'yup'.[39m

[31m[7m4[0m     name: yup[39m
[31m[7m [0m [91m          ~~~[0m[39m
[31m[96msrc/projects/utils/editProjectSchemaValidator.ts[0m:[93m9[0m:[93m12[0m - [91merror[0m[90m TS2304: [0mCannot find name 'yup'.[39m

[31m[7m9[0m     image: yup[39m
[31m[7m [0m [91m           ~~~[0m[39m
[31m[96msrc/projects/utils/editProjectSchemaValidator.ts[0m:[93m12[0m:[93m12[0m - [91merror[0m[90m TS2304: [0mCannot find name 'yup'.[39m

[31m[7m12[0m     price: yup[39m
[31m[7m  [0m [91m           ~~~[0m[39m
[31m[96msrc/projects/utils/editProjectSchemaValidator.ts[0m:[93m16[0m:[93m11[0m - [91merror[0m[90m TS2304: [0mCannot find name 'yup'.[39m

[31m[7m16[0m   params: yup.object({}),[39m
[31m[7m  [0m [91m          ~~~[0m[39m
[31m[96msrc/projects/utils/editProjectSchemaValidator.ts[0m:[93m19[0m:[93m1[0m - [91merror[0m[90m TS1128: [0mDeclaration or statement expected.[39m

[31m[7m19[0m });[39m
[31m[7m  [0m [91m~[0m[39m
[31m[96msrc/projects/utils/editProjectSchemaValidator.ts[0m:[93m19[0m:[93m2[0m - [91merror[0m[90m TS1128: [0mDeclaration or statement expected.[39m

[31m[7m19[0m });[39m
[31m[7m  [0m [91m ~[0m[39m

[31m    at Object.<anonymous> (/media/reynaldo/f8db0900-b42d-4b5d-971f-4716687f2a60/Make It Real/PROYECTO GRUPAL/foodapp-server/src/projects/utils/editProjectSchemaValidator.ts:1:7)[39m
[31m    at Module._compile (node:internal/modules/cjs/loader:1103:14)[39m
[31m    at Module._compile (/media/reynaldo/f8db0900-b42d-4b5d-971f-4716687f2a60/Make It Real/PROYECTO GRUPAL/foodapp-server/node_modules/source-map-support/source-map-support.js:568:25)[39m
[31m    at Module.m._compile (/tmp/ts-node-dev-hook-6757700385746084.js:69:33)[39m
[31m    at Module._extensions..js (node:internal/modules/cjs/loader:1155:10)[39m
[31m    at require.extensions.<computed> (/tmp/ts-node-dev-hook-6757700385746084.js:71:20)[39m
[31m    at Object.nodeDevHook [as .ts] (/media/reynaldo/f8db0900-b42d-4b5d-971f-4716687f2a60/Make It Real/PROYECTO GRUPAL/foodapp-server/node_modules/ts-node-dev/lib/hook.js:63:13)[39m
[31m    at Module.load (node:internal/modules/cjs/loader:981:32)[39m
[31m    at Function.Module._load (node:internal/modules/cjs/loader:822:12)[39m
[31m    at Module.require (node:internal/modules/cjs/loader:1005:19)[39m 
  
       instance: undefined 

       fn:undefined 

       trace: [object Object],[object Object],[object Object],[object Object],[object Object],[object Object],[object Object],[object Object],[object Object],[object Object]
2022-03-15 13:57:32:5732 
       [31merror[39m: [31muncaughtException: тип Unable to compile TypeScript:[39m
[31m[96msrc/projects/utils/editProjectSchemaValidator.ts[0m:[93m2[0m:[93m42[0m - [91merror[0m[90m TS2304: [0mCannot find name 'yup'.[39m

[31m[7m2[0m export const editProjectValidateSchema = yup.object({[39m
[31m[7m [0m [91m                                         ~~~[0m[39m
[31m[96msrc/projects/utils/editProjectSchemaValidator.ts[0m:[93m3[0m:[93m9[0m - [91merror[0m[90m TS2304: [0mCannot find name 'yup'.[39m

[31m[7m3[0m   body: yup.object({[39m
[31m[7m [0m [91m        ~~~[0m[39m
[31m[96msrc/projects/utils/editProjectSchemaValidator.ts[0m:[93m4[0m:[93m11[0m - [91merror[0m[90m TS2304: [0mCannot find name 'yup'.[39m

[31m[7m4[0m     name: yup[39m
[31m[7m [0m [91m          ~~~[0m[39m
[31m[96msrc/projects/utils/editProjectSchemaValidator.ts[0m:[93m9[0m:[93m12[0m - [91merror[0m[90m TS2304: [0mCannot find name 'yup'.[39m

[31m[7m9[0m     image: yup[39m
[31m[7m [0m [91m           ~~~[0m[39m
[31m[96msrc/projects/utils/editProjectSchemaValidator.ts[0m:[93m12[0m:[93m12[0m - [91merror[0m[90m TS2304: [0mCannot find name 'yup'.[39m

[31m[7m12[0m     price: yup[39m
[31m[7m  [0m [91m           ~~~[0m[39m
[31m[96msrc/projects/utils/editProjectSchemaValidator.ts[0m:[93m16[0m:[93m11[0m - [91merror[0m[90m TS2304: [0mCannot find name 'yup'.[39m

[31m[7m16[0m   params: yup.object({}),[39m
[31m[7m  [0m [91m          ~~~[0m[39m
[31m[96msrc/projects/utils/editProjectSchemaValidator.ts[0m:[93m19[0m:[93m1[0m - [91merror[0m[90m TS1128: [0mDeclaration or statement expected.[39m

[31m[7m19[0m });[39m
[31m[7m  [0m [91m~[0m[39m
[31m[96msrc/projects/utils/editProjectSchemaValidator.ts[0m:[93m19[0m:[93m2[0m - [91merror[0m[90m TS1128: [0mDeclaration or statement expected.[39m

[31m[7m19[0m });[39m
[31m[7m  [0m [91m ~[0m[39m

[31mError: тип Unable to compile TypeScript:[39m
[31m[96msrc/projects/utils/editProjectSchemaValidator.ts[0m:[93m2[0m:[93m42[0m - [91merror[0m[90m TS2304: [0mCannot find name 'yup'.[39m

[31m[7m2[0m export const editProjectValidateSchema = yup.object({[39m
[31m[7m [0m [91m                                         ~~~[0m[39m
[31m[96msrc/projects/utils/editProjectSchemaValidator.ts[0m:[93m3[0m:[93m9[0m - [91merror[0m[90m TS2304: [0mCannot find name 'yup'.[39m

[31m[7m3[0m   body: yup.object({[39m
[31m[7m [0m [91m        ~~~[0m[39m
[31m[96msrc/projects/utils/editProjectSchemaValidator.ts[0m:[93m4[0m:[93m11[0m - [91merror[0m[90m TS2304: [0mCannot find name 'yup'.[39m

[31m[7m4[0m     name: yup[39m
[31m[7m [0m [91m          ~~~[0m[39m
[31m[96msrc/projects/utils/editProjectSchemaValidator.ts[0m:[93m9[0m:[93m12[0m - [91merror[0m[90m TS2304: [0mCannot find name 'yup'.[39m

[31m[7m9[0m     image: yup[39m
[31m[7m [0m [91m           ~~~[0m[39m
[31m[96msrc/projects/utils/editProjectSchemaValidator.ts[0m:[93m12[0m:[93m12[0m - [91merror[0m[90m TS2304: [0mCannot find name 'yup'.[39m

[31m[7m12[0m     price: yup[39m
[31m[7m  [0m [91m           ~~~[0m[39m
[31m[96msrc/projects/utils/editProjectSchemaValidator.ts[0m:[93m16[0m:[93m11[0m - [91merror[0m[90m TS2304: [0mCannot find name 'yup'.[39m

[31m[7m16[0m   params: yup.object({}),[39m
[31m[7m  [0m [91m          ~~~[0m[39m
[31m[96msrc/projects/utils/editProjectSchemaValidator.ts[0m:[93m19[0m:[93m1[0m - [91merror[0m[90m TS1128: [0mDeclaration or statement expected.[39m

[31m[7m19[0m });[39m
[31m[7m  [0m [91m~[0m[39m
[31m[96msrc/projects/utils/editProjectSchemaValidator.ts[0m:[93m19[0m:[93m2[0m - [91merror[0m[90m TS1128: [0mDeclaration or statement expected.[39m

[31m[7m19[0m });[39m
[31m[7m  [0m [91m ~[0m[39m

[31m    at Object.<anonymous> (/media/reynaldo/f8db0900-b42d-4b5d-971f-4716687f2a60/Make It Real/PROYECTO GRUPAL/foodapp-server/src/projects/utils/editProjectSchemaValidator.ts:1:7)[39m
[31m    at Module._compile (node:internal/modules/cjs/loader:1103:14)[39m
[31m    at Module._compile (/media/reynaldo/f8db0900-b42d-4b5d-971f-4716687f2a60/Make It Real/PROYECTO GRUPAL/foodapp-server/node_modules/source-map-support/source-map-support.js:568:25)[39m
[31m    at Module.m._compile (/tmp/ts-node-dev-hook-6757700385746084.js:69:33)[39m
[31m    at Module._extensions..js (node:internal/modules/cjs/loader:1155:10)[39m
[31m    at require.extensions.<computed> (/tmp/ts-node-dev-hook-6757700385746084.js:71:20)[39m
[31m    at Object.nodeDevHook [as .ts] (/media/reynaldo/f8db0900-b42d-4b5d-971f-4716687f2a60/Make It Real/PROYECTO GRUPAL/foodapp-server/node_modules/ts-node-dev/lib/hook.js:63:13)[39m
[31m    at Module.load (node:internal/modules/cjs/loader:981:32)[39m
[31m    at Function.Module._load (node:internal/modules/cjs/loader:822:12)[39m
[31m    at Module.require (node:internal/modules/cjs/loader:1005:19)[39m 
  
       instance: undefined 

       fn:undefined 

       trace: [object Object],[object Object],[object Object],[object Object],[object Object],[object Object],[object Object],[object Object],[object Object],[object Object]
2022-03-15 13:57:53:5753 
       [31merror[39m: [31muncaughtException: тип Unable to compile TypeScript:[39m
[31m[96msrc/projects/utils/editProjectSchemaValidator.ts[0m:[93m20[0m:[93m1[0m - [91merror[0m[90m TS1128: [0mDeclaration or statement expected.[39m

[31m[7m20[0m });[39m
[31m[7m  [0m [91m~[0m[39m
[31m[96msrc/projects/utils/editProjectSchemaValidator.ts[0m:[93m20[0m:[93m2[0m - [91merror[0m[90m TS1128: [0mDeclaration or statement expected.[39m

[31m[7m20[0m });[39m
[31m[7m  [0m [91m ~[0m[39m

[31mError: тип Unable to compile TypeScript:[39m
[31m[96msrc/projects/utils/editProjectSchemaValidator.ts[0m:[93m20[0m:[93m1[0m - [91merror[0m[90m TS1128: [0mDeclaration or statement expected.[39m

[31m[7m20[0m });[39m
[31m[7m  [0m [91m~[0m[39m
[31m[96msrc/projects/utils/editProjectSchemaValidator.ts[0m:[93m20[0m:[93m2[0m - [91merror[0m[90m TS1128: [0mDeclaration or statement expected.[39m

[31m[7m20[0m });[39m
[31m[7m  [0m [91m ~[0m[39m

[31m    at Object.<anonymous> (/media/reynaldo/f8db0900-b42d-4b5d-971f-4716687f2a60/Make It Real/PROYECTO GRUPAL/foodapp-server/src/projects/utils/editProjectSchemaValidator.ts:1:7)[39m
[31m    at Module._compile (node:internal/modules/cjs/loader:1103:14)[39m
[31m    at Module._compile (/media/reynaldo/f8db0900-b42d-4b5d-971f-4716687f2a60/Make It Real/PROYECTO GRUPAL/foodapp-server/node_modules/source-map-support/source-map-support.js:568:25)[39m
[31m    at Module.m._compile (/tmp/ts-node-dev-hook-6757700385746084.js:69:33)[39m
[31m    at Module._extensions..js (node:internal/modules/cjs/loader:1155:10)[39m
[31m    at require.extensions.<computed> (/tmp/ts-node-dev-hook-6757700385746084.js:71:20)[39m
[31m    at Object.nodeDevHook [as .ts] (/media/reynaldo/f8db0900-b42d-4b5d-971f-4716687f2a60/Make It Real/PROYECTO GRUPAL/foodapp-server/node_modules/ts-node-dev/lib/hook.js:63:13)[39m
[31m    at Module.load (node:internal/modules/cjs/loader:981:32)[39m
[31m    at Function.Module._load (node:internal/modules/cjs/loader:822:12)[39m
[31m    at Module.require (node:internal/modules/cjs/loader:1005:19)[39m 
  
       instance: undefined 

       fn:undefined 

       trace: [object Object],[object Object],[object Object],[object Object],[object Object],[object Object],[object Object],[object Object],[object Object],[object Object]
2022-03-15 13:57:57:5757 
       [31merror[39m: [31muncaughtException: тип Unable to compile TypeScript:[39m
[31m[96msrc/projects/utils/editProjectSchemaValidator.ts[0m:[93m20[0m:[93m1[0m - [91merror[0m[90m TS1128: [0mDeclaration or statement expected.[39m

[31m[7m20[0m });[39m
[31m[7m  [0m [91m~[0m[39m
[31m[96msrc/projects/utils/editProjectSchemaValidator.ts[0m:[93m20[0m:[93m2[0m - [91merror[0m[90m TS1128: [0mDeclaration or statement expected.[39m

[31m[7m20[0m });[39m
[31m[7m  [0m [91m ~[0m[39m

[31mError: тип Unable to compile TypeScript:[39m
[31m[96msrc/projects/utils/editProjectSchemaValidator.ts[0m:[93m20[0m:[93m1[0m - [91merror[0m[90m TS1128: [0mDeclaration or statement expected.[39m

[31m[7m20[0m });[39m
[31m[7m  [0m [91m~[0m[39m
[31m[96msrc/projects/utils/editProjectSchemaValidator.ts[0m:[93m20[0m:[93m2[0m - [91merror[0m[90m TS1128: [0mDeclaration or statement expected.[39m

[31m[7m20[0m });[39m
[31m[7m  [0m [91m ~[0m[39m

[31m    at Object.<anonymous> (/media/reynaldo/f8db0900-b42d-4b5d-971f-4716687f2a60/Make It Real/PROYECTO GRUPAL/foodapp-server/src/projects/utils/editProjectSchemaValidator.ts:1:7)[39m
[31m    at Module._compile (node:internal/modules/cjs/loader:1103:14)[39m
[31m    at Module._compile (/media/reynaldo/f8db0900-b42d-4b5d-971f-4716687f2a60/Make It Real/PROYECTO GRUPAL/foodapp-server/node_modules/source-map-support/source-map-support.js:568:25)[39m
[31m    at Module.m._compile (/tmp/ts-node-dev-hook-6757700385746084.js:69:33)[39m
[31m    at Module._extensions..js (node:internal/modules/cjs/loader:1155:10)[39m
[31m    at require.extensions.<computed> (/tmp/ts-node-dev-hook-6757700385746084.js:71:20)[39m
[31m    at Object.nodeDevHook [as .ts] (/media/reynaldo/f8db0900-b42d-4b5d-971f-4716687f2a60/Make It Real/PROYECTO GRUPAL/foodapp-server/node_modules/ts-node-dev/lib/hook.js:63:13)[39m
[31m    at Module.load (node:internal/modules/cjs/loader:981:32)[39m
[31m    at Function.Module._load (node:internal/modules/cjs/loader:822:12)[39m
[31m    at Module.require (node:internal/modules/cjs/loader:1005:19)[39m 
  
       instance: undefined 

       fn:undefined 

       trace: [object Object],[object Object],[object Object],[object Object],[object Object],[object Object],[object Object],[object Object],[object Object],[object Object]
2022-03-15 13:58:06:586 
       [31merror[39m: [31merror updating the project with id 622f97f1b7e0827575b3415c[39m 
  
       instance: services 

       fn:undefined 

       trace: the user cannot delete this proyect
2022-03-15 13:58:06:586 
       [31merror[39m: [31mError editing the project projects[39m 
  
       instance: controllers 

       fn:undefined 

       trace: error updating the project with id 622f97f1b7e0827575b3415c
2022-03-15 13:58:07:587 
       [31merror[39m: [31merror updating the project with id 622f97f1b7e0827575b3415c[39m 
  
       instance: services 

       fn:undefined 

       trace: the user cannot delete this proyect
2022-03-15 13:58:07:587 
       [31merror[39m: [31mError editing the project projects[39m 
  
       instance: controllers 

       fn:undefined 

       trace: error updating the project with id 622f97f1b7e0827575b3415c
2022-03-15 13:58:39:5839 
       [31merror[39m: [31muncaughtException: тип Unable to compile TypeScript:[39m
[31m[96msrc/projects/utils/editProjectSchemaValidator.ts[0m:[93m18[0m:[93m16[0m - [91merror[0m[90m TS2693: [0m'string' only refers to a type, but is being used as a value here.[39m

[31m[7m18[0m     projectId: string().required('project id is required'),[39m
[31m[7m  [0m [91m               ~~~~~~[0m[39m

[31mError: тип Unable to compile TypeScript:[39m
[31m[96msrc/projects/utils/editProjectSchemaValidator.ts[0m:[93m18[0m:[93m16[0m - [91merror[0m[90m TS2693: [0m'string' only refers to a type, but is being used as a value here.[39m

[31m[7m18[0m     projectId: string().required('project id is required'),[39m
[31m[7m  [0m [91m               ~~~~~~[0m[39m

[31m    at Object.<anonymous> (/media/reynaldo/f8db0900-b42d-4b5d-971f-4716687f2a60/Make It Real/PROYECTO GRUPAL/foodapp-server/src/projects/utils/editProjectSchemaValidator.ts:1:7)[39m
[31m    at Module._compile (node:internal/modules/cjs/loader:1103:14)[39m
[31m    at Module._compile (/media/reynaldo/f8db0900-b42d-4b5d-971f-4716687f2a60/Make It Real/PROYECTO GRUPAL/foodapp-server/node_modules/source-map-support/source-map-support.js:568:25)[39m
[31m    at Module.m._compile (/tmp/ts-node-dev-hook-6757700385746084.js:69:33)[39m
[31m    at Module._extensions..js (node:internal/modules/cjs/loader:1155:10)[39m
[31m    at require.extensions.<computed> (/tmp/ts-node-dev-hook-6757700385746084.js:71:20)[39m
[31m    at Object.nodeDevHook [as .ts] (/media/reynaldo/f8db0900-b42d-4b5d-971f-4716687f2a60/Make It Real/PROYECTO GRUPAL/foodapp-server/node_modules/ts-node-dev/lib/hook.js:63:13)[39m
[31m    at Module.load (node:internal/modules/cjs/loader:981:32)[39m
[31m    at Function.Module._load (node:internal/modules/cjs/loader:822:12)[39m
[31m    at Module.require (node:internal/modules/cjs/loader:1005:19)[39m 
  
       instance: undefined 

       fn:undefined 

       trace: [object Object],[object Object],[object Object],[object Object],[object Object],[object Object],[object Object],[object Object],[object Object],[object Object]
2022-03-15 13:58:51:5851 
       [31merror[39m: [31merror updating the project with id 622f97f1b7e0827575b3415c[39m 
  
       instance: services 

       fn:undefined 

       trace: the user cannot delete this proyect
2022-03-15 13:58:51:5851 
       [31merror[39m: [31mError editing the project projects[39m 
  
       instance: controllers 

       fn:undefined 

       trace: error updating the project with id 622f97f1b7e0827575b3415c
2022-03-15 13:58:53:5853 
       [31merror[39m: [31merror updating the project with id 622f97f1b7e0827575b3415c[39m 
  
       instance: services 

       fn:undefined 

       trace: the user cannot delete this proyect
2022-03-15 13:58:53:5853 
       [31merror[39m: [31mError editing the project projects[39m 
  
       instance: controllers 

       fn:undefined 

       trace: error updating the project with id 622f97f1b7e0827575b3415c
2022-03-15 13:59:07:597 
       [31merror[39m: [31merror updating the project with id 622f97f1b7e0827575b3415c[39m 
  
       instance: services 

       fn:undefined 

       trace: the user cannot delete this proyect
2022-03-15 13:59:07:597 
       [31merror[39m: [31mError editing the project projects[39m 
  
       instance: controllers 

       fn:undefined 

       trace: error updating the project with id 622f97f1b7e0827575b3415c
2022-03-15 14:01:55:155 
       [31merror[39m: [31merror updating the project with id 622f97f1b7e0827575b3415c[39m 
  
       instance: services 

       fn:undefined 

       trace: the user cannot delete this proyect
2022-03-15 14:01:55:155 
       [31merror[39m: [31mError editing the project projects[39m 
  
       instance: controllers 

       fn:undefined 

       trace: error updating the project with id 622f97f1b7e0827575b3415c
