{"/media/reynaldo/f8db0900-b42d-4b5d-971f-4716687f2a60/Make It Real/PROYECTO GRUPAL/foodapp-server/jest.config.ts": {"path":"/media/reynaldo/f8db0900-b42d-4b5d-971f-4716687f2a60/Make It Real/PROYECTO GRUPAL/foodapp-server/jest.config.ts","statementMap":{"0":{"start":{"line":2,"column":0},"end":{"line":13,"column":2}}},"fnMap":{},"branchMap":{},"s":{"0":0},"f":{},"b":{}}
,"/media/reynaldo/f8db0900-b42d-4b5d-971f-4716687f2a60/Make It Real/PROYECTO GRUPAL/foodapp-server/@types/express/index.d.ts": {"path":"/media/reynaldo/f8db0900-b42d-4b5d-971f-4716687f2a60/Make It Real/PROYECTO GRUPAL/foodapp-server/@types/express/index.d.ts","statementMap":{},"fnMap":{},"branchMap":{},"s":{},"f":{},"b":{},"inputSourceMap":null}
,"/media/reynaldo/f8db0900-b42d-4b5d-971f-4716687f2a60/Make It Real/PROYECTO GRUPAL/foodapp-server/@types/jwt/index.d.ts": {"path":"/media/reynaldo/f8db0900-b42d-4b5d-971f-4716687f2a60/Make It Real/PROYECTO GRUPAL/foodapp-server/@types/jwt/index.d.ts","statementMap":{},"fnMap":{},"branchMap":{},"s":{},"f":{},"b":{},"inputSourceMap":null}
,"/media/reynaldo/f8db0900-b42d-4b5d-971f-4716687f2a60/Make It Real/PROYECTO GRUPAL/foodapp-server/src/app.ts": {"path":"/media/reynaldo/f8db0900-b42d-4b5d-971f-4716687f2a60/Make It Real/PROYECTO GRUPAL/foodapp-server/src/app.ts","statementMap":{"0":{"start":{"line":1,"column":0},"end":{"line":1,"column":null}},"1":{"start":{"line":7,"column":0},"end":{"line":7,"column":28}},"2":{"start":{"line":8,"column":0},"end":{"line":8,"column":28}},"3":{"start":{"line":10,"column":0},"end":{"line":10,"column":59}},"4":{"start":{"line":11,"column":0},"end":{"line":11,"column":59}},"5":{"start":{"line":12,"column":0},"end":{"line":12,"column":58}},"6":{"start":{"line":13,"column":0},"end":{"line":13,"column":63}},"7":{"start":{"line":14,"column":0},"end":{"line":14,"column":64}},"8":{"start":{"line":15,"column":0},"end":{"line":15,"column":55}},"9":{"start":{"line":16,"column":0},"end":{"line":16,"column":62}},"10":{"start":{"line":18,"column":0},"end":{"line":18,"column":16}},"11":{"start":{"line":20,"column":25},"end":{"line":20,"column":34}},"12":{"start":{"line":22,"column":0},"end":{"line":22,"column":23}},"13":{"start":{"line":23,"column":0},"end":{"line":23,"column":24}},"14":{"start":{"line":25,"column":0},"end":{"line":25,"column":24}},"15":{"start":{"line":26,"column":0},"end":{"line":26,"column":20}},"16":{"start":{"line":27,"column":0},"end":{"line":27,"column":24}},"17":{"start":{"line":28,"column":0},"end":{"line":28,"column":20}},"18":{"start":{"line":29,"column":0},"end":{"line":29,"column":26}},"19":{"start":{"line":30,"column":0},"end":{"line":30,"column":26}},"20":{"start":{"line":31,"column":0},"end":{"line":31,"column":20}},"21":{"start":{"line":33,"column":0},"end":{"line":37,"column":3}},"22":{"start":{"line":34,"column":2},"end":{"line":36,"column":57}},"23":{"start":{"line":39,"column":0},"end":{"line":39,"column":19}}},"fnMap":{"0":{"name":"(anonymous_1)","decl":{"start":{"line":33,"column":8},"end":{"line":33,"column":18}},"loc":{"start":{"line":33,"column":75},"end":{"line":37,"column":1}}}},"branchMap":{"0":{"loc":{"start":{"line":35,"column":12},"end":{"line":35,"column":49}},"type":"cond-expr","locations":[{"start":{"line":35,"column":29},"end":{"line":35,"column":43}},{"start":{"line":35,"column":46},"end":{"line":35,"column":49}}]}},"s":{"0":0,"1":0,"2":0,"3":0,"4":0,"5":0,"6":0,"7":0,"8":0,"9":0,"10":0,"11":0,"12":0,"13":0,"14":0,"15":0,"16":0,"17":0,"18":0,"19":0,"20":0,"21":0,"22":0,"23":0},"f":{"0":0},"b":{"0":[0,0]}}
,"/media/reynaldo/f8db0900-b42d-4b5d-971f-4716687f2a60/Make It Real/PROYECTO GRUPAL/foodapp-server/src/index.ts": {"path":"/media/reynaldo/f8db0900-b42d-4b5d-971f-4716687f2a60/Make It Real/PROYECTO GRUPAL/foodapp-server/src/index.ts","statementMap":{"0":{"start":{"line":1,"column":0},"end":{"line":1,"column":55}},"1":{"start":{"line":2,"column":0},"end":{"line":2,"column":28}},"2":{"start":{"line":3,"column":0},"end":{"line":3,"column":24}},"3":{"start":{"line":4,"column":0},"end":{"line":4,"column":16}},"4":{"start":{"line":6,"column":0},"end":{"line":6,"column":47}},"5":{"start":{"line":10,"column":0},"end":{"line":10,"column":null}},"6":{"start":{"line":10,"column":35},"end":{"line":10,"column":92}}},"fnMap":{"0":{"name":"(anonymous_1)","decl":{"start":{"line":10,"column":29},"end":{"line":10,"column":32}},"loc":{"start":{"line":10,"column":35},"end":{"line":10,"column":92}}}},"branchMap":{},"s":{"0":0,"1":0,"2":0,"3":0,"4":0,"5":0,"6":0},"f":{"0":0},"b":{}}
,"/media/reynaldo/f8db0900-b42d-4b5d-971f-4716687f2a60/Make It Real/PROYECTO GRUPAL/foodapp-server/src/auth/controllers/authLoginController.ts": {"path":"/media/reynaldo/f8db0900-b42d-4b5d-971f-4716687f2a60/Make It Real/PROYECTO GRUPAL/foodapp-server/src/auth/controllers/authLoginController.ts","statementMap":{"0":{"start":{"line":2,"column":0},"end":{"line":2,"column":47}},"1":{"start":{"line":5,"column":25},"end":{"line":18,"column":2}},"2":{"start":{"line":9,"column":4},"end":{"line":18,"column":2}},"3":{"start":{"line":10,"column":2},"end":{"line":17,"column":null}},"4":{"start":{"line":11,"column":18},"end":{"line":11,"column":50}},"5":{"start":{"line":12,"column":4},"end":{"line":14,"column":7}},"6":{"start":{"line":16,"column":4},"end":{"line":16,"column":16}},"7":{"start":{"line":5,"column":13},"end":{"line":5,"column":25}}},"fnMap":{"0":{"name":"(anonymous_7)","decl":{"start":{"line":5,"column":25},"end":{"line":5,"column":null}},"loc":{"start":{"line":9,"column":4},"end":{"line":18,"column":2}}},"1":{"name":"(anonymous_8)","decl":{"start":{"line":9,"column":4},"end":{"line":9,"column":null}},"loc":{"start":{"line":9,"column":4},"end":{"line":18,"column":1}}}},"branchMap":{},"s":{"0":0,"1":0,"2":0,"3":0,"4":0,"5":0,"6":0,"7":0},"f":{"0":0,"1":0},"b":{}}
,"/media/reynaldo/f8db0900-b42d-4b5d-971f-4716687f2a60/Make It Real/PROYECTO GRUPAL/foodapp-server/src/auth/controllers/authSignupController.ts": {"path":"/media/reynaldo/f8db0900-b42d-4b5d-971f-4716687f2a60/Make It Real/PROYECTO GRUPAL/foodapp-server/src/auth/controllers/authSignupController.ts","statementMap":{"0":{"start":{"line":2,"column":0},"end":{"line":2,"column":78}},"1":{"start":{"line":3,"column":0},"end":{"line":3,"column":76}},"2":{"start":{"line":4,"column":0},"end":{"line":4,"column":52}},"3":{"start":{"line":7,"column":26},"end":{"line":20,"column":2}},"4":{"start":{"line":11,"column":4},"end":{"line":20,"column":2}},"5":{"start":{"line":12,"column":2},"end":{"line":19,"column":null}},"6":{"start":{"line":13,"column":4},"end":{"line":13,"column":26}},"7":{"start":{"line":14,"column":20},"end":{"line":14,"column":57}},"8":{"start":{"line":15,"column":18},"end":{"line":15,"column":52}},"9":{"start":{"line":16,"column":4},"end":{"line":16,"column":41}},"10":{"start":{"line":18,"column":4},"end":{"line":18,"column":51}},"11":{"start":{"line":7,"column":13},"end":{"line":7,"column":26}}},"fnMap":{"0":{"name":"(anonymous_7)","decl":{"start":{"line":7,"column":26},"end":{"line":7,"column":null}},"loc":{"start":{"line":11,"column":4},"end":{"line":20,"column":2}}},"1":{"name":"(anonymous_8)","decl":{"start":{"line":11,"column":4},"end":{"line":11,"column":null}},"loc":{"start":{"line":11,"column":4},"end":{"line":20,"column":1}}}},"branchMap":{},"s":{"0":0,"1":0,"2":0,"3":0,"4":0,"5":0,"6":0,"7":0,"8":0,"9":0,"10":0,"11":0},"f":{"0":0,"1":0},"b":{}}
,"/media/reynaldo/f8db0900-b42d-4b5d-971f-4716687f2a60/Make It Real/PROYECTO GRUPAL/foodapp-server/src/auth/controllers/index.ts": {"path":"/media/reynaldo/f8db0900-b42d-4b5d-971f-4716687f2a60/Make It Real/PROYECTO GRUPAL/foodapp-server/src/auth/controllers/index.ts","statementMap":{"0":{"start":{"line":1,"column":0},"end":{"line":1,"column":38}},"1":{"start":{"line":2,"column":0},"end":{"line":2,"column":39}},"2":{"start":{"line":3,"column":0},"end":{"line":3,"column":41}}},"fnMap":{},"branchMap":{},"s":{"0":0,"1":0,"2":0},"f":{},"b":{}}
,"/media/reynaldo/f8db0900-b42d-4b5d-971f-4716687f2a60/Make It Real/PROYECTO GRUPAL/foodapp-server/src/auth/controllers/refreshTokenController.ts": {"path":"/media/reynaldo/f8db0900-b42d-4b5d-971f-4716687f2a60/Make It Real/PROYECTO GRUPAL/foodapp-server/src/auth/controllers/refreshTokenController.ts","statementMap":{"0":{"start":{"line":2,"column":0},"end":{"line":2,"column":78}},"1":{"start":{"line":4,"column":28},"end":{"line":19,"column":2}},"2":{"start":{"line":8,"column":4},"end":{"line":19,"column":2}},"3":{"start":{"line":9,"column":2},"end":{"line":18,"column":null}},"4":{"start":{"line":10,"column":30},"end":{"line":10,"column":41}},"5":{"start":{"line":12,"column":18},"end":{"line":12,"column":75}},"6":{"start":{"line":13,"column":4},"end":{"line":15,"column":7}},"7":{"start":{"line":17,"column":4},"end":{"line":17,"column":16}},"8":{"start":{"line":4,"column":13},"end":{"line":4,"column":28}}},"fnMap":{"0":{"name":"(anonymous_7)","decl":{"start":{"line":4,"column":28},"end":{"line":4,"column":null}},"loc":{"start":{"line":8,"column":4},"end":{"line":19,"column":2}}},"1":{"name":"(anonymous_8)","decl":{"start":{"line":8,"column":4},"end":{"line":8,"column":null}},"loc":{"start":{"line":8,"column":4},"end":{"line":19,"column":1}}}},"branchMap":{},"s":{"0":0,"1":0,"2":0,"3":0,"4":0,"5":0,"6":0,"7":0,"8":0},"f":{"0":0,"1":0},"b":{}}
,"/media/reynaldo/f8db0900-b42d-4b5d-971f-4716687f2a60/Make It Real/PROYECTO GRUPAL/foodapp-server/src/auth/entity/model/authTokenModel.ts": {"path":"/media/reynaldo/f8db0900-b42d-4b5d-971f-4716687f2a60/Make It Real/PROYECTO GRUPAL/foodapp-server/src/auth/entity/model/authTokenModel.ts","statementMap":{"0":{"start":{"line":1,"column":0},"end":{"line":1,"column":33}},"1":{"start":{"line":2,"column":0},"end":{"line":2,"column":68}},"2":{"start":{"line":3,"column":13},"end":{"line":3,"column":66}}},"fnMap":{},"branchMap":{},"s":{"0":0,"1":0,"2":0},"f":{},"b":{}}
,"/media/reynaldo/f8db0900-b42d-4b5d-971f-4716687f2a60/Make It Real/PROYECTO GRUPAL/foodapp-server/src/auth/entity/schema/authTokenSchema.ts": {"path":"/media/reynaldo/f8db0900-b42d-4b5d-971f-4716687f2a60/Make It Real/PROYECTO GRUPAL/foodapp-server/src/auth/entity/schema/authTokenSchema.ts","statementMap":{"0":{"start":{"line":1,"column":0},"end":{"line":1,"column":41}},"1":{"start":{"line":10,"column":13},"end":{"line":29,"column":3}}},"fnMap":{},"branchMap":{},"s":{"0":0,"1":0},"f":{},"b":{}}
,"/media/reynaldo/f8db0900-b42d-4b5d-971f-4716687f2a60/Make It Real/PROYECTO GRUPAL/foodapp-server/src/auth/middleware/index.ts": {"path":"/media/reynaldo/f8db0900-b42d-4b5d-971f-4716687f2a60/Make It Real/PROYECTO GRUPAL/foodapp-server/src/auth/middleware/index.ts","statementMap":{"0":{"start":{"line":1,"column":0},"end":{"line":1,"column":38}},"1":{"start":{"line":2,"column":0},"end":{"line":2,"column":41}}},"fnMap":{},"branchMap":{},"s":{"0":0,"1":0},"f":{},"b":{}}
,"/media/reynaldo/f8db0900-b42d-4b5d-971f-4716687f2a60/Make It Real/PROYECTO GRUPAL/foodapp-server/src/auth/middleware/refreshTokenValidation.ts": {"path":"/media/reynaldo/f8db0900-b42d-4b5d-971f-4716687f2a60/Make It Real/PROYECTO GRUPAL/foodapp-server/src/auth/middleware/refreshTokenValidation.ts","statementMap":{"0":{"start":{"line":2,"column":0},"end":{"line":2,"column":78}},"1":{"start":{"line":3,"column":0},"end":{"line":3,"column":61}},"2":{"start":{"line":5,"column":38},"end":{"line":26,"column":1}},"3":{"start":{"line":10,"column":2},"end":{"line":25,"column":null}},"4":{"start":{"line":11,"column":30},"end":{"line":11,"column":41}},"5":{"start":{"line":12,"column":4},"end":{"line":13,"column":66}},"6":{"start":{"line":13,"column":6},"end":{"line":13,"column":66}},"7":{"start":{"line":14,"column":19},"end":{"line":14,"column":54}},"8":{"start":{"line":16,"column":4},"end":{"line":16,"column":69}},"9":{"start":{"line":16,"column":13},"end":{"line":16,"column":69}},"10":{"start":{"line":18,"column":4},"end":{"line":18,"column":20}},"11":{"start":{"line":20,"column":4},"end":{"line":20,"column":11}},"12":{"start":{"line":22,"column":4},"end":{"line":23,"column":60}},"13":{"start":{"line":23,"column":6},"end":{"line":23,"column":60}},"14":{"start":{"line":24,"column":4},"end":{"line":24,"column":16}},"15":{"start":{"line":5,"column":13},"end":{"line":5,"column":38}}},"fnMap":{"0":{"name":"(anonymous_0)","decl":{"start":{"line":5,"column":38},"end":{"line":5,"column":null}},"loc":{"start":{"line":9,"column":4},"end":{"line":26,"column":1}}}},"branchMap":{"0":{"loc":{"start":{"line":12,"column":4},"end":{"line":13,"column":66}},"type":"if","locations":[{"start":{"line":12,"column":4},"end":{"line":13,"column":66}}]},"1":{"loc":{"start":{"line":16,"column":4},"end":{"line":16,"column":69}},"type":"if","locations":[{"start":{"line":16,"column":4},"end":{"line":16,"column":69}}]},"2":{"loc":{"start":{"line":22,"column":4},"end":{"line":23,"column":60}},"type":"if","locations":[{"start":{"line":22,"column":4},"end":{"line":23,"column":60}}]}},"s":{"0":0,"1":0,"2":0,"3":0,"4":0,"5":0,"6":0,"7":0,"8":0,"9":0,"10":0,"11":0,"12":0,"13":0,"14":0,"15":0},"f":{"0":0},"b":{"0":[0],"1":[0],"2":[0]}}
,"/media/reynaldo/f8db0900-b42d-4b5d-971f-4716687f2a60/Make It Real/PROYECTO GRUPAL/foodapp-server/src/auth/middleware/userTokenValidation.ts": {"path":"/media/reynaldo/f8db0900-b42d-4b5d-971f-4716687f2a60/Make It Real/PROYECTO GRUPAL/foodapp-server/src/auth/middleware/userTokenValidation.ts","statementMap":{"0":{"start":{"line":2,"column":0},"end":{"line":2,"column":78}},"1":{"start":{"line":3,"column":0},"end":{"line":3,"column":62}},"2":{"start":{"line":5,"column":35},"end":{"line":27,"column":1}},"3":{"start":{"line":10,"column":2},"end":{"line":26,"column":null}},"4":{"start":{"line":11,"column":30},"end":{"line":11,"column":41}},"5":{"start":{"line":12,"column":4},"end":{"line":13,"column":66}},"6":{"start":{"line":13,"column":6},"end":{"line":13,"column":66}},"7":{"start":{"line":15,"column":19},"end":{"line":15,"column":47}},"8":{"start":{"line":17,"column":4},"end":{"line":17,"column":69}},"9":{"start":{"line":17,"column":13},"end":{"line":17,"column":69}},"10":{"start":{"line":19,"column":4},"end":{"line":19,"column":20}},"11":{"start":{"line":21,"column":4},"end":{"line":21,"column":11}},"12":{"start":{"line":23,"column":4},"end":{"line":24,"column":60}},"13":{"start":{"line":24,"column":6},"end":{"line":24,"column":60}},"14":{"start":{"line":25,"column":4},"end":{"line":25,"column":16}},"15":{"start":{"line":5,"column":13},"end":{"line":5,"column":35}}},"fnMap":{"0":{"name":"(anonymous_0)","decl":{"start":{"line":5,"column":35},"end":{"line":5,"column":null}},"loc":{"start":{"line":9,"column":4},"end":{"line":27,"column":1}}}},"branchMap":{"0":{"loc":{"start":{"line":12,"column":4},"end":{"line":13,"column":66}},"type":"if","locations":[{"start":{"line":12,"column":4},"end":{"line":13,"column":66}}]},"1":{"loc":{"start":{"line":17,"column":4},"end":{"line":17,"column":69}},"type":"if","locations":[{"start":{"line":17,"column":4},"end":{"line":17,"column":69}}]},"2":{"loc":{"start":{"line":23,"column":4},"end":{"line":24,"column":60}},"type":"if","locations":[{"start":{"line":23,"column":4},"end":{"line":24,"column":60}}]}},"s":{"0":0,"1":0,"2":0,"3":0,"4":0,"5":0,"6":0,"7":0,"8":0,"9":0,"10":0,"11":0,"12":0,"13":0,"14":0,"15":0},"f":{"0":0},"b":{"0":[0],"1":[0],"2":[0]}}
,"/media/reynaldo/f8db0900-b42d-4b5d-971f-4716687f2a60/Make It Real/PROYECTO GRUPAL/foodapp-server/src/auth/router/authRouter.ts": {"path":"/media/reynaldo/f8db0900-b42d-4b5d-971f-4716687f2a60/Make It Real/PROYECTO GRUPAL/foodapp-server/src/auth/router/authRouter.ts","statementMap":{"0":{"start":{"line":1,"column":0},"end":{"line":1,"column":33}},"1":{"start":{"line":2,"column":0},"end":{"line":2,"column":85}},"2":{"start":{"line":3,"column":0},"end":{"line":3,"column":69}},"3":{"start":{"line":4,"column":0},"end":{"line":4,"column":78}},"4":{"start":{"line":5,"column":0},"end":{"line":5,"column":null}},"5":{"start":{"line":10,"column":23},"end":{"line":10,"column":31}},"6":{"start":{"line":12,"column":0},"end":{"line":14,"column":60}},"7":{"start":{"line":15,"column":0},"end":{"line":15,"column":78}},"8":{"start":{"line":16,"column":0},"end":{"line":16,"column":73}},"9":{"start":{"line":17,"column":0},"end":{"line":17,"column":22}}},"fnMap":{},"branchMap":{},"s":{"0":0,"1":0,"2":0,"3":0,"4":0,"5":0,"6":0,"7":0,"8":0,"9":0},"f":{},"b":{}}
,"/media/reynaldo/f8db0900-b42d-4b5d-971f-4716687f2a60/Make It Real/PROYECTO GRUPAL/foodapp-server/src/auth/services/authCreateRefreshToken.ts": {"path":"/media/reynaldo/f8db0900-b42d-4b5d-971f-4716687f2a60/Make It Real/PROYECTO GRUPAL/foodapp-server/src/auth/services/authCreateRefreshToken.ts","statementMap":{"0":{"start":{"line":2,"column":0},"end":{"line":2,"column":59}},"1":{"start":{"line":3,"column":0},"end":{"line":3,"column":60}},"2":{"start":{"line":5,"column":38},"end":{"line":19,"column":2}},"3":{"start":{"line":7,"column":21},"end":{"line":19,"column":2}},"4":{"start":{"line":8,"column":2},"end":{"line":18,"column":null}},"5":{"start":{"line":9,"column":25},"end":{"line":9,"column":59}},"6":{"start":{"line":10,"column":18},"end":{"line":13,"column":6}},"7":{"start":{"line":14,"column":21},"end":{"line":14,"column":39}},"8":{"start":{"line":15,"column":4},"end":{"line":15,"column":26}},"9":{"start":{"line":17,"column":4},"end":{"line":17,"column":69}},"10":{"start":{"line":5,"column":13},"end":{"line":5,"column":38}}},"fnMap":{"0":{"name":"(anonymous_7)","decl":{"start":{"line":5,"column":38},"end":{"line":5,"column":null}},"loc":{"start":{"line":7,"column":21},"end":{"line":19,"column":2}}},"1":{"name":"(anonymous_8)","decl":{"start":{"line":7,"column":21},"end":{"line":7,"column":null}},"loc":{"start":{"line":7,"column":21},"end":{"line":19,"column":1}}}},"branchMap":{},"s":{"0":0,"1":0,"2":0,"3":0,"4":0,"5":0,"6":0,"7":0,"8":0,"9":0,"10":0},"f":{"0":0,"1":0},"b":{}}
,"/media/reynaldo/f8db0900-b42d-4b5d-971f-4716687f2a60/Make It Real/PROYECTO GRUPAL/foodapp-server/src/auth/services/authCreateTokenService.ts": {"path":"/media/reynaldo/f8db0900-b42d-4b5d-971f-4716687f2a60/Make It Real/PROYECTO GRUPAL/foodapp-server/src/auth/services/authCreateTokenService.ts","statementMap":{"0":{"start":{"line":2,"column":0},"end":{"line":2,"column":76}},"1":{"start":{"line":4,"column":38},"end":{"line":15,"column":1}},"2":{"start":{"line":7,"column":2},"end":{"line":14,"column":null}},"3":{"start":{"line":8,"column":4},"end":{"line":11,"column":6}},"4":{"start":{"line":13,"column":4},"end":{"line":13,"column":75}},"5":{"start":{"line":4,"column":13},"end":{"line":4,"column":38}}},"fnMap":{"0":{"name":"(anonymous_0)","decl":{"start":{"line":4,"column":38},"end":{"line":4,"column":null}},"loc":{"start":{"line":6,"column":49},"end":{"line":15,"column":1}}}},"branchMap":{},"s":{"0":0,"1":0,"2":0,"3":0,"4":0,"5":0},"f":{"0":0},"b":{}}
,"/media/reynaldo/f8db0900-b42d-4b5d-971f-4716687f2a60/Make It Real/PROYECTO GRUPAL/foodapp-server/src/auth/services/authCreateUserService.ts": {"path":"/media/reynaldo/f8db0900-b42d-4b5d-971f-4716687f2a60/Make It Real/PROYECTO GRUPAL/foodapp-server/src/auth/services/authCreateUserService.ts","statementMap":{"0":{"start":{"line":2,"column":0},"end":{"line":2,"column":69}},"1":{"start":{"line":3,"column":0},"end":{"line":3,"column":59}},"2":{"start":{"line":4,"column":0},"end":{"line":4,"column":72}},"3":{"start":{"line":7,"column":37},"end":{"line":18,"column":2}},"4":{"start":{"line":9,"column":20},"end":{"line":18,"column":2}},"5":{"start":{"line":10,"column":2},"end":{"line":17,"column":null}},"6":{"start":{"line":11,"column":4},"end":{"line":11,"column":74}},"7":{"start":{"line":12,"column":17},"end":{"line":12,"column":61}},"8":{"start":{"line":13,"column":4},"end":{"line":13,"column":25}},"9":{"start":{"line":15,"column":4},"end":{"line":15,"column":23}},"10":{"start":{"line":16,"column":4},"end":{"line":16,"column":75}},"11":{"start":{"line":7,"column":13},"end":{"line":7,"column":37}}},"fnMap":{"0":{"name":"(anonymous_7)","decl":{"start":{"line":7,"column":37},"end":{"line":7,"column":null}},"loc":{"start":{"line":9,"column":20},"end":{"line":18,"column":2}}},"1":{"name":"(anonymous_8)","decl":{"start":{"line":9,"column":20},"end":{"line":9,"column":null}},"loc":{"start":{"line":9,"column":20},"end":{"line":18,"column":1}}}},"branchMap":{},"s":{"0":0,"1":0,"2":0,"3":0,"4":0,"5":0,"6":0,"7":0,"8":0,"9":0,"10":0,"11":0},"f":{"0":0,"1":0},"b":{}}
,"/media/reynaldo/f8db0900-b42d-4b5d-971f-4716687f2a60/Make It Real/PROYECTO GRUPAL/foodapp-server/src/auth/services/authLoginService.ts": {"path":"/media/reynaldo/f8db0900-b42d-4b5d-971f-4716687f2a60/Make It Real/PROYECTO GRUPAL/foodapp-server/src/auth/services/authLoginService.ts","statementMap":{"0":{"start":{"line":3,"column":0},"end":{"line":3,"column":56}},"1":{"start":{"line":4,"column":0},"end":{"line":4,"column":60}},"2":{"start":{"line":5,"column":0},"end":{"line":5,"column":66}},"3":{"start":{"line":6,"column":0},"end":{"line":6,"column":87}},"4":{"start":{"line":13,"column":32},"end":{"line":34,"column":2}},"5":{"start":{"line":15,"column":28},"end":{"line":34,"column":2}},"6":{"start":{"line":16,"column":2},"end":{"line":33,"column":null}},"7":{"start":{"line":17,"column":17},"end":{"line":17,"column":59}},"8":{"start":{"line":19,"column":4},"end":{"line":19,"column":70}},"9":{"start":{"line":19,"column":15},"end":{"line":19,"column":70}},"10":{"start":{"line":21,"column":17},"end":{"line":21,"column":76}},"11":{"start":{"line":23,"column":4},"end":{"line":23,"column":70}},"12":{"start":{"line":23,"column":15},"end":{"line":23,"column":70}},"13":{"start":{"line":24,"column":22},"end":{"line":24,"column":54}},"14":{"start":{"line":25,"column":25},"end":{"line":25,"column":62}},"15":{"start":{"line":27,"column":4},"end":{"line":30,"column":6}},"16":{"start":{"line":32,"column":4},"end":{"line":32,"column":27}},"17":{"start":{"line":13,"column":13},"end":{"line":13,"column":32}}},"fnMap":{"0":{"name":"(anonymous_7)","decl":{"start":{"line":13,"column":32},"end":{"line":13,"column":null}},"loc":{"start":{"line":15,"column":28},"end":{"line":34,"column":2}}},"1":{"name":"(anonymous_8)","decl":{"start":{"line":15,"column":28},"end":{"line":15,"column":null}},"loc":{"start":{"line":15,"column":28},"end":{"line":34,"column":1}}}},"branchMap":{"0":{"loc":{"start":{"line":19,"column":4},"end":{"line":19,"column":70}},"type":"if","locations":[{"start":{"line":19,"column":4},"end":{"line":19,"column":70}}]},"1":{"loc":{"start":{"line":23,"column":4},"end":{"line":23,"column":70}},"type":"if","locations":[{"start":{"line":23,"column":4},"end":{"line":23,"column":70}}]}},"s":{"0":0,"1":0,"2":0,"3":0,"4":0,"5":0,"6":0,"7":0,"8":0,"9":0,"10":0,"11":0,"12":0,"13":0,"14":0,"15":0,"16":0,"17":0},"f":{"0":0,"1":0},"b":{"0":[0],"1":[0]}}
,"/media/reynaldo/f8db0900-b42d-4b5d-971f-4716687f2a60/Make It Real/PROYECTO GRUPAL/foodapp-server/src/auth/services/authRefreshTokenService.ts": {"path":"/media/reynaldo/f8db0900-b42d-4b5d-971f-4716687f2a60/Make It Real/PROYECTO GRUPAL/foodapp-server/src/auth/services/authRefreshTokenService.ts","statementMap":{"0":{"start":{"line":1,"column":0},"end":{"line":1,"column":56}},"1":{"start":{"line":2,"column":0},"end":{"line":2,"column":null}},"2":{"start":{"line":6,"column":0},"end":{"line":6,"column":60}},"3":{"start":{"line":7,"column":0},"end":{"line":7,"column":72}},"4":{"start":{"line":8,"column":0},"end":{"line":8,"column":51}},"5":{"start":{"line":11,"column":39},"end":{"line":38,"column":2}},"6":{"start":{"line":14,"column":36},"end":{"line":38,"column":2}},"7":{"start":{"line":17,"column":15},"end":{"line":17,"column":59}},"8":{"start":{"line":19,"column":2},"end":{"line":19,"column":48}},"9":{"start":{"line":19,"column":13},"end":{"line":19,"column":48}},"10":{"start":{"line":21,"column":23},"end":{"line":23,"column":4}},"11":{"start":{"line":24,"column":2},"end":{"line":24,"column":54}},"12":{"start":{"line":24,"column":21},"end":{"line":24,"column":54}},"13":{"start":{"line":26,"column":2},"end":{"line":37,"column":null}},"14":{"start":{"line":27,"column":4},"end":{"line":29,"column":6}},"15":{"start":{"line":31,"column":4},"end":{"line":35,"column":7}},"16":{"start":{"line":36,"column":4},"end":{"line":36,"column":27}},"17":{"start":{"line":11,"column":13},"end":{"line":11,"column":39}}},"fnMap":{"0":{"name":"(anonymous_8)","decl":{"start":{"line":11,"column":39},"end":{"line":11,"column":null}},"loc":{"start":{"line":14,"column":36},"end":{"line":38,"column":2}}},"1":{"name":"(anonymous_9)","decl":{"start":{"line":14,"column":36},"end":{"line":14,"column":null}},"loc":{"start":{"line":14,"column":36},"end":{"line":38,"column":1}}}},"branchMap":{"0":{"loc":{"start":{"line":19,"column":2},"end":{"line":19,"column":48}},"type":"if","locations":[{"start":{"line":19,"column":2},"end":{"line":19,"column":48}}]},"1":{"loc":{"start":{"line":24,"column":2},"end":{"line":24,"column":54}},"type":"if","locations":[{"start":{"line":24,"column":2},"end":{"line":24,"column":54}}]}},"s":{"0":0,"1":0,"2":0,"3":0,"4":0,"5":0,"6":0,"7":0,"8":0,"9":0,"10":0,"11":0,"12":0,"13":0,"14":0,"15":0,"16":0,"17":0},"f":{"0":0,"1":0},"b":{"0":[0],"1":[0]}}
,"/media/reynaldo/f8db0900-b42d-4b5d-971f-4716687f2a60/Make It Real/PROYECTO GRUPAL/foodapp-server/src/auth/services/index.ts": {"path":"/media/reynaldo/f8db0900-b42d-4b5d-971f-4716687f2a60/Make It Real/PROYECTO GRUPAL/foodapp-server/src/auth/services/index.ts","statementMap":{"0":{"start":{"line":1,"column":0},"end":{"line":1,"column":41}},"1":{"start":{"line":2,"column":0},"end":{"line":2,"column":35}},"2":{"start":{"line":3,"column":0},"end":{"line":3,"column":42}},"3":{"start":{"line":4,"column":0},"end":{"line":4,"column":40}}},"fnMap":{},"branchMap":{},"s":{"0":0,"1":0,"2":0,"3":0},"f":{},"b":{}}
,"/media/reynaldo/f8db0900-b42d-4b5d-971f-4716687f2a60/Make It Real/PROYECTO GRUPAL/foodapp-server/src/auth/utils/passwordManager.ts": {"path":"/media/reynaldo/f8db0900-b42d-4b5d-971f-4716687f2a60/Make It Real/PROYECTO GRUPAL/foodapp-server/src/auth/utils/passwordManager.ts","statementMap":{"0":{"start":{"line":1,"column":0},"end":{"line":1,"column":28}},"1":{"start":{"line":3,"column":31},"end":{"line":7,"column":2}},"2":{"start":{"line":3,"column":72},"end":{"line":7,"column":2}},"3":{"start":{"line":4,"column":15},"end":{"line":4,"column":39}},"4":{"start":{"line":5,"column":23},"end":{"line":5,"column":53}},"5":{"start":{"line":6,"column":2},"end":{"line":6,"column":22}},"6":{"start":{"line":3,"column":13},"end":{"line":3,"column":31}},"7":{"start":{"line":9,"column":32},"end":{"line":14,"column":2}},"8":{"start":{"line":12,"column":22},"end":{"line":14,"column":2}},"9":{"start":{"line":13,"column":2},"end":{"line":13,"column":59}},"10":{"start":{"line":9,"column":13},"end":{"line":9,"column":32}}},"fnMap":{"0":{"name":"(anonymous_8)","decl":{"start":{"line":3,"column":31},"end":{"line":3,"column":38}},"loc":{"start":{"line":3,"column":72},"end":{"line":7,"column":2}}},"1":{"name":"(anonymous_9)","decl":{"start":{"line":3,"column":72},"end":{"line":3,"column":null}},"loc":{"start":{"line":3,"column":72},"end":{"line":7,"column":1}}},"2":{"name":"(anonymous_10)","decl":{"start":{"line":9,"column":32},"end":{"line":9,"column":null}},"loc":{"start":{"line":12,"column":22},"end":{"line":14,"column":2}}},"3":{"name":"(anonymous_11)","decl":{"start":{"line":12,"column":22},"end":{"line":12,"column":null}},"loc":{"start":{"line":12,"column":22},"end":{"line":14,"column":1}}}},"branchMap":{},"s":{"0":0,"1":0,"2":0,"3":0,"4":0,"5":0,"6":0,"7":0,"8":0,"9":0,"10":0},"f":{"0":0,"1":0,"2":0,"3":0},"b":{}}
,"/media/reynaldo/f8db0900-b42d-4b5d-971f-4716687f2a60/Make It Real/PROYECTO GRUPAL/foodapp-server/src/auth/utils/tokenManager.ts": {"path":"/media/reynaldo/f8db0900-b42d-4b5d-971f-4716687f2a60/Make It Real/PROYECTO GRUPAL/foodapp-server/src/auth/utils/tokenManager.ts","statementMap":{"0":{"start":{"line":1,"column":0},"end":{"line":1,"column":31}},"1":{"start":{"line":3,"column":31},"end":{"line":7,"column":1}},"2":{"start":{"line":4,"column":2},"end":{"line":6,"column":5}},"3":{"start":{"line":3,"column":13},"end":{"line":3,"column":31}},"4":{"start":{"line":8,"column":34},"end":{"line":12,"column":1}},"5":{"start":{"line":9,"column":2},"end":{"line":11,"column":5}},"6":{"start":{"line":8,"column":13},"end":{"line":8,"column":34}},"7":{"start":{"line":14,"column":29},"end":{"line":18,"column":1}},"8":{"start":{"line":15,"column":2},"end":{"line":17,"column":4}},"9":{"start":{"line":14,"column":13},"end":{"line":14,"column":29}},"10":{"start":{"line":20,"column":36},"end":{"line":24,"column":1}},"11":{"start":{"line":21,"column":2},"end":{"line":23,"column":4}},"12":{"start":{"line":20,"column":13},"end":{"line":20,"column":36}}},"fnMap":{"0":{"name":"(anonymous_1)","decl":{"start":{"line":3,"column":31},"end":{"line":3,"column":32}},"loc":{"start":{"line":3,"column":55},"end":{"line":7,"column":1}}},"1":{"name":"(anonymous_2)","decl":{"start":{"line":8,"column":34},"end":{"line":8,"column":35}},"loc":{"start":{"line":8,"column":58},"end":{"line":12,"column":1}}},"2":{"name":"(anonymous_3)","decl":{"start":{"line":14,"column":29},"end":{"line":14,"column":30}},"loc":{"start":{"line":14,"column":47},"end":{"line":18,"column":1}}},"3":{"name":"(anonymous_4)","decl":{"start":{"line":20,"column":36},"end":{"line":20,"column":37}},"loc":{"start":{"line":20,"column":54},"end":{"line":24,"column":1}}}},"branchMap":{},"s":{"0":0,"1":0,"2":0,"3":0,"4":0,"5":0,"6":0,"7":0,"8":0,"9":0,"10":0,"11":0,"12":0},"f":{"0":0,"1":0,"2":0,"3":0},"b":{}}
,"/media/reynaldo/f8db0900-b42d-4b5d-971f-4716687f2a60/Make It Real/PROYECTO GRUPAL/foodapp-server/src/auth/utils/userSchemaValidator.ts": {"path":"/media/reynaldo/f8db0900-b42d-4b5d-971f-4716687f2a60/Make It Real/PROYECTO GRUPAL/foodapp-server/src/auth/utils/userSchemaValidator.ts","statementMap":{"0":{"start":{"line":1,"column":0},"end":{"line":1,"column":27}},"1":{"start":{"line":3,"column":13},"end":{"line":14,"column":3}},"2":{"start":{"line":16,"column":13},"end":{"line":27,"column":3}}},"fnMap":{},"branchMap":{},"s":{"0":0,"1":0,"2":0},"f":{},"b":{}}
,"/media/reynaldo/f8db0900-b42d-4b5d-971f-4716687f2a60/Make It Real/PROYECTO GRUPAL/foodapp-server/src/collections/Coordinate/model.ts": {"path":"/media/reynaldo/f8db0900-b42d-4b5d-971f-4716687f2a60/Make It Real/PROYECTO GRUPAL/foodapp-server/src/collections/Coordinate/model.ts","statementMap":{"0":{"start":{"line":1,"column":0},"end":{"line":1,"column":33}},"1":{"start":{"line":2,"column":0},"end":{"line":2,"column":44}},"2":{"start":{"line":5,"column":13},"end":{"line":5,"column":82}}},"fnMap":{},"branchMap":{},"s":{"0":0,"1":0,"2":0},"f":{},"b":{}}
,"/media/reynaldo/f8db0900-b42d-4b5d-971f-4716687f2a60/Make It Real/PROYECTO GRUPAL/foodapp-server/src/collections/Coordinate/routes.ts": {"path":"/media/reynaldo/f8db0900-b42d-4b5d-971f-4716687f2a60/Make It Real/PROYECTO GRUPAL/foodapp-server/src/collections/Coordinate/routes.ts","statementMap":{"0":{"start":{"line":1,"column":0},"end":{"line":1,"column":33}},"1":{"start":{"line":2,"column":0},"end":{"line":2,"column":63}},"2":{"start":{"line":3,"column":0},"end":{"line":3,"column":66}},"3":{"start":{"line":4,"column":0},"end":{"line":4,"column":62}},"4":{"start":{"line":5,"column":0},"end":{"line":5,"column":66}},"5":{"start":{"line":10,"column":32},"end":{"line":10,"column":40}},"6":{"start":{"line":12,"column":0},"end":{"line":12,"column":52}},"7":{"start":{"line":14,"column":0},"end":{"line":14,"column":55}},"8":{"start":{"line":16,"column":0},"end":{"line":16,"column":58}},"9":{"start":{"line":18,"column":0},"end":{"line":18,"column":61}},"10":{"start":{"line":20,"column":0},"end":{"line":20,"column":32}}},"fnMap":{},"branchMap":{},"s":{"0":0,"1":0,"2":0,"3":0,"4":0,"5":0,"6":0,"7":0,"8":0,"9":0,"10":0},"f":{},"b":{}}
,"/media/reynaldo/f8db0900-b42d-4b5d-971f-4716687f2a60/Make It Real/PROYECTO GRUPAL/foodapp-server/src/collections/Coordinate/schema.ts": {"path":"/media/reynaldo/f8db0900-b42d-4b5d-971f-4716687f2a60/Make It Real/PROYECTO GRUPAL/foodapp-server/src/collections/Coordinate/schema.ts","statementMap":{"0":{"start":{"line":1,"column":0},"end":{"line":1,"column":34}},"1":{"start":{"line":4,"column":13},"end":{"line":13,"column":3}},"2":{"start":{"line":15,"column":0},"end":{"line":15,"column":51}},"3":{"start":{"line":16,"column":0},"end":{"line":16,"column":53}}},"fnMap":{},"branchMap":{},"s":{"0":0,"1":0,"2":0,"3":0},"f":{},"b":{}}
,"/media/reynaldo/f8db0900-b42d-4b5d-971f-4716687f2a60/Make It Real/PROYECTO GRUPAL/foodapp-server/src/collections/Coordinate/controllers/addCoordinate.ts": {"path":"/media/reynaldo/f8db0900-b42d-4b5d-971f-4716687f2a60/Make It Real/PROYECTO GRUPAL/foodapp-server/src/collections/Coordinate/controllers/addCoordinate.ts","statementMap":{"0":{"start":{"line":2,"column":0},"end":{"line":2,"column":42}},"1":{"start":{"line":5,"column":31},"end":{"line":16,"column":null}},"2":{"start":{"line":5,"column":65},"end":{"line":16,"column":null}},"3":{"start":{"line":7,"column":4},"end":{"line":15,"column":null}},"4":{"start":{"line":8,"column":34},"end":{"line":8,"column":42}},"5":{"start":{"line":9,"column":30},"end":{"line":9,"column":77}},"6":{"start":{"line":10,"column":8},"end":{"line":10,"column":null}},"7":{"start":{"line":13,"column":8},"end":{"line":13,"column":null}},"8":{"start":{"line":14,"column":8},"end":{"line":14,"column":27}},"9":{"start":{"line":5,"column":13},"end":{"line":5,"column":31}}},"fnMap":{"0":{"name":"(anonymous_7)","decl":{"start":{"line":5,"column":31},"end":{"line":5,"column":37}},"loc":{"start":{"line":5,"column":65},"end":{"line":16,"column":null}}},"1":{"name":"(anonymous_8)","decl":{"start":{"line":5,"column":65},"end":{"line":5,"column":null}},"loc":{"start":{"line":5,"column":65},"end":{"line":16,"column":1}}}},"branchMap":{},"s":{"0":0,"1":0,"2":0,"3":0,"4":0,"5":0,"6":0,"7":0,"8":0,"9":0},"f":{"0":0,"1":0},"b":{}}
,"/media/reynaldo/f8db0900-b42d-4b5d-971f-4716687f2a60/Make It Real/PROYECTO GRUPAL/foodapp-server/src/collections/Coordinate/controllers/deleteCoordinate.ts": {"path":"/media/reynaldo/f8db0900-b42d-4b5d-971f-4716687f2a60/Make It Real/PROYECTO GRUPAL/foodapp-server/src/collections/Coordinate/controllers/deleteCoordinate.ts","statementMap":{"0":{"start":{"line":2,"column":0},"end":{"line":2,"column":42}},"1":{"start":{"line":5,"column":32},"end":{"line":13,"column":null}},"2":{"start":{"line":5,"column":69},"end":{"line":13,"column":null}},"3":{"start":{"line":6,"column":4},"end":{"line":12,"column":null}},"4":{"start":{"line":7,"column":28},"end":{"line":7,"column":41}},"5":{"start":{"line":8,"column":27},"end":{"line":8,"column":79}},"6":{"start":{"line":9,"column":8},"end":{"line":9,"column":64}},"7":{"start":{"line":11,"column":8},"end":{"line":11,"column":null}},"8":{"start":{"line":5,"column":13},"end":{"line":5,"column":32}}},"fnMap":{"0":{"name":"(anonymous_7)","decl":{"start":{"line":5,"column":32},"end":{"line":5,"column":39}},"loc":{"start":{"line":5,"column":69},"end":{"line":13,"column":null}}},"1":{"name":"(anonymous_8)","decl":{"start":{"line":5,"column":69},"end":{"line":5,"column":null}},"loc":{"start":{"line":5,"column":69},"end":{"line":13,"column":1}}}},"branchMap":{},"s":{"0":0,"1":0,"2":0,"3":0,"4":0,"5":0,"6":0,"7":0,"8":0},"f":{"0":0,"1":0},"b":{}}
,"/media/reynaldo/f8db0900-b42d-4b5d-971f-4716687f2a60/Make It Real/PROYECTO GRUPAL/foodapp-server/src/collections/Coordinate/controllers/getCoordinates.ts": {"path":"/media/reynaldo/f8db0900-b42d-4b5d-971f-4716687f2a60/Make It Real/PROYECTO GRUPAL/foodapp-server/src/collections/Coordinate/controllers/getCoordinates.ts","statementMap":{"0":{"start":{"line":2,"column":0},"end":{"line":2,"column":42}},"1":{"start":{"line":5,"column":28},"end":{"line":8,"column":null}},"2":{"start":{"line":5,"column":61},"end":{"line":8,"column":null}},"3":{"start":{"line":6,"column":22},"end":{"line":6,"column":52}},"4":{"start":{"line":7,"column":4},"end":{"line":7,"column":40}},"5":{"start":{"line":5,"column":13},"end":{"line":5,"column":28}}},"fnMap":{"0":{"name":"(anonymous_7)","decl":{"start":{"line":5,"column":28},"end":{"line":5,"column":34}},"loc":{"start":{"line":5,"column":61},"end":{"line":8,"column":null}}},"1":{"name":"(anonymous_8)","decl":{"start":{"line":5,"column":61},"end":{"line":5,"column":null}},"loc":{"start":{"line":5,"column":61},"end":{"line":8,"column":1}}}},"branchMap":{},"s":{"0":0,"1":0,"2":0,"3":0,"4":0,"5":0},"f":{"0":0,"1":0},"b":{}}
,"/media/reynaldo/f8db0900-b42d-4b5d-971f-4716687f2a60/Make It Real/PROYECTO GRUPAL/foodapp-server/src/collections/Coordinate/controllers/updateCoordinate.ts": {"path":"/media/reynaldo/f8db0900-b42d-4b5d-971f-4716687f2a60/Make It Real/PROYECTO GRUPAL/foodapp-server/src/collections/Coordinate/controllers/updateCoordinate.ts","statementMap":{"0":{"start":{"line":2,"column":0},"end":{"line":2,"column":42}},"1":{"start":{"line":5,"column":32},"end":{"line":14,"column":null}},"2":{"start":{"line":5,"column":69},"end":{"line":14,"column":null}},"3":{"start":{"line":6,"column":4},"end":{"line":13,"column":null}},"4":{"start":{"line":7,"column":28},"end":{"line":7,"column":41}},"5":{"start":{"line":8,"column":33},"end":{"line":8,"column":41}},"6":{"start":{"line":9,"column":26},"end":{"line":9,"column":103}},"7":{"start":{"line":10,"column":8},"end":{"line":10,"column":null}},"8":{"start":{"line":12,"column":8},"end":{"line":12,"column":null}},"9":{"start":{"line":5,"column":13},"end":{"line":5,"column":32}}},"fnMap":{"0":{"name":"(anonymous_7)","decl":{"start":{"line":5,"column":32},"end":{"line":5,"column":39}},"loc":{"start":{"line":5,"column":69},"end":{"line":14,"column":null}}},"1":{"name":"(anonymous_8)","decl":{"start":{"line":5,"column":69},"end":{"line":5,"column":null}},"loc":{"start":{"line":5,"column":69},"end":{"line":14,"column":1}}}},"branchMap":{},"s":{"0":0,"1":0,"2":0,"3":0,"4":0,"5":0,"6":0,"7":0,"8":0,"9":0},"f":{"0":0,"1":0},"b":{}}
,"/media/reynaldo/f8db0900-b42d-4b5d-971f-4716687f2a60/Make It Real/PROYECTO GRUPAL/foodapp-server/src/collections/Food/controllers/addFood.ts": {"path":"/media/reynaldo/f8db0900-b42d-4b5d-971f-4716687f2a60/Make It Real/PROYECTO GRUPAL/foodapp-server/src/collections/Food/controllers/addFood.ts","statementMap":{"0":{"start":{"line":2,"column":0},"end":{"line":2,"column":49}},"1":{"start":{"line":5,"column":25},"end":{"line":16,"column":null}},"2":{"start":{"line":5,"column":59},"end":{"line":16,"column":null}},"3":{"start":{"line":7,"column":4},"end":{"line":15,"column":null}},"4":{"start":{"line":8,"column":28},"end":{"line":8,"column":36}},"5":{"start":{"line":9,"column":24},"end":{"line":9,"column":59}},"6":{"start":{"line":10,"column":8},"end":{"line":10,"column":null}},"7":{"start":{"line":13,"column":8},"end":{"line":13,"column":null}},"8":{"start":{"line":14,"column":8},"end":{"line":14,"column":27}},"9":{"start":{"line":5,"column":13},"end":{"line":5,"column":25}}},"fnMap":{"0":{"name":"(anonymous_7)","decl":{"start":{"line":5,"column":25},"end":{"line":5,"column":31}},"loc":{"start":{"line":5,"column":59},"end":{"line":16,"column":null}}},"1":{"name":"(anonymous_8)","decl":{"start":{"line":5,"column":59},"end":{"line":5,"column":null}},"loc":{"start":{"line":5,"column":59},"end":{"line":16,"column":1}}}},"branchMap":{},"s":{"0":0,"1":0,"2":0,"3":0,"4":0,"5":0,"6":0,"7":0,"8":0,"9":0},"f":{"0":0,"1":0},"b":{}}
,"/media/reynaldo/f8db0900-b42d-4b5d-971f-4716687f2a60/Make It Real/PROYECTO GRUPAL/foodapp-server/src/collections/Food/controllers/deleteFood.ts": {"path":"/media/reynaldo/f8db0900-b42d-4b5d-971f-4716687f2a60/Make It Real/PROYECTO GRUPAL/foodapp-server/src/collections/Food/controllers/deleteFood.ts","statementMap":{"0":{"start":{"line":2,"column":0},"end":{"line":2,"column":49}},"1":{"start":{"line":5,"column":26},"end":{"line":13,"column":null}},"2":{"start":{"line":5,"column":63},"end":{"line":13,"column":null}},"3":{"start":{"line":6,"column":4},"end":{"line":12,"column":null}},"4":{"start":{"line":7,"column":22},"end":{"line":7,"column":35}},"5":{"start":{"line":8,"column":21},"end":{"line":8,"column":61}},"6":{"start":{"line":9,"column":8},"end":{"line":9,"column":58}},"7":{"start":{"line":11,"column":8},"end":{"line":11,"column":null}},"8":{"start":{"line":5,"column":13},"end":{"line":5,"column":26}}},"fnMap":{"0":{"name":"(anonymous_7)","decl":{"start":{"line":5,"column":26},"end":{"line":5,"column":33}},"loc":{"start":{"line":5,"column":63},"end":{"line":13,"column":null}}},"1":{"name":"(anonymous_8)","decl":{"start":{"line":5,"column":63},"end":{"line":5,"column":null}},"loc":{"start":{"line":5,"column":63},"end":{"line":13,"column":1}}}},"branchMap":{},"s":{"0":0,"1":0,"2":0,"3":0,"4":0,"5":0,"6":0,"7":0,"8":0},"f":{"0":0,"1":0},"b":{}}
,"/media/reynaldo/f8db0900-b42d-4b5d-971f-4716687f2a60/Make It Real/PROYECTO GRUPAL/foodapp-server/src/collections/Food/controllers/getFood.ts": {"path":"/media/reynaldo/f8db0900-b42d-4b5d-971f-4716687f2a60/Make It Real/PROYECTO GRUPAL/foodapp-server/src/collections/Food/controllers/getFood.ts","statementMap":{"0":{"start":{"line":2,"column":0},"end":{"line":2,"column":49}},"1":{"start":{"line":5,"column":22},"end":{"line":8,"column":null}},"2":{"start":{"line":5,"column":55},"end":{"line":8,"column":null}},"3":{"start":{"line":6,"column":16},"end":{"line":6,"column":40}},"4":{"start":{"line":7,"column":4},"end":{"line":7,"column":42}},"5":{"start":{"line":5,"column":13},"end":{"line":5,"column":22}}},"fnMap":{"0":{"name":"(anonymous_7)","decl":{"start":{"line":5,"column":22},"end":{"line":5,"column":28}},"loc":{"start":{"line":5,"column":55},"end":{"line":8,"column":null}}},"1":{"name":"(anonymous_8)","decl":{"start":{"line":5,"column":55},"end":{"line":5,"column":null}},"loc":{"start":{"line":5,"column":55},"end":{"line":8,"column":1}}}},"branchMap":{},"s":{"0":0,"1":0,"2":0,"3":0,"4":0,"5":0},"f":{"0":0,"1":0},"b":{}}
,"/media/reynaldo/f8db0900-b42d-4b5d-971f-4716687f2a60/Make It Real/PROYECTO GRUPAL/foodapp-server/src/collections/Food/controllers/updateFood.ts": {"path":"/media/reynaldo/f8db0900-b42d-4b5d-971f-4716687f2a60/Make It Real/PROYECTO GRUPAL/foodapp-server/src/collections/Food/controllers/updateFood.ts","statementMap":{"0":{"start":{"line":2,"column":0},"end":{"line":2,"column":49}},"1":{"start":{"line":9,"column":26},"end":{"line":18,"column":null}},"2":{"start":{"line":9,"column":63},"end":{"line":18,"column":null}},"3":{"start":{"line":10,"column":4},"end":{"line":17,"column":null}},"4":{"start":{"line":11,"column":22},"end":{"line":11,"column":35}},"5":{"start":{"line":12,"column":28},"end":{"line":12,"column":36}},"6":{"start":{"line":13,"column":25},"end":{"line":13,"column":85}},"7":{"start":{"line":14,"column":8},"end":{"line":14,"column":null}},"8":{"start":{"line":16,"column":8},"end":{"line":16,"column":null}},"9":{"start":{"line":9,"column":13},"end":{"line":9,"column":26}}},"fnMap":{"0":{"name":"(anonymous_7)","decl":{"start":{"line":9,"column":26},"end":{"line":9,"column":33}},"loc":{"start":{"line":9,"column":63},"end":{"line":18,"column":null}}},"1":{"name":"(anonymous_8)","decl":{"start":{"line":9,"column":63},"end":{"line":9,"column":null}},"loc":{"start":{"line":9,"column":63},"end":{"line":18,"column":1}}}},"branchMap":{},"s":{"0":0,"1":0,"2":0,"3":0,"4":0,"5":0,"6":0,"7":0,"8":0,"9":0},"f":{"0":0,"1":0},"b":{}}
,"/media/reynaldo/f8db0900-b42d-4b5d-971f-4716687f2a60/Make It Real/PROYECTO GRUPAL/foodapp-server/src/collections/Food/entity/model/model.ts": {"path":"/media/reynaldo/f8db0900-b42d-4b5d-971f-4716687f2a60/Make It Real/PROYECTO GRUPAL/foodapp-server/src/collections/Food/entity/model/model.ts","statementMap":{"0":{"start":{"line":1,"column":0},"end":{"line":1,"column":33}},"1":{"start":{"line":2,"column":0},"end":{"line":2,"column":46}},"2":{"start":{"line":5,"column":13},"end":{"line":5,"column":58}}},"fnMap":{},"branchMap":{},"s":{"0":1,"1":1,"2":1},"f":{},"b":{}}
,"/media/reynaldo/f8db0900-b42d-4b5d-971f-4716687f2a60/Make It Real/PROYECTO GRUPAL/foodapp-server/src/collections/Food/entity/schema/schema.ts": {"path":"/media/reynaldo/f8db0900-b42d-4b5d-971f-4716687f2a60/Make It Real/PROYECTO GRUPAL/foodapp-server/src/collections/Food/entity/schema/schema.ts","statementMap":{"0":{"start":{"line":1,"column":0},"end":{"line":1,"column":34}},"1":{"start":{"line":4,"column":13},"end":{"line":24,"column":3}},"2":{"start":{"line":26,"column":0},"end":{"line":26,"column":45}},"3":{"start":{"line":27,"column":0},"end":{"line":27,"column":47}}},"fnMap":{},"branchMap":{},"s":{"0":1,"1":1,"2":1,"3":1},"f":{},"b":{}}
,"/media/reynaldo/f8db0900-b42d-4b5d-971f-4716687f2a60/Make It Real/PROYECTO GRUPAL/foodapp-server/src/collections/Food/routes/routes.ts": {"path":"/media/reynaldo/f8db0900-b42d-4b5d-971f-4716687f2a60/Make It Real/PROYECTO GRUPAL/foodapp-server/src/collections/Food/routes/routes.ts","statementMap":{"0":{"start":{"line":1,"column":0},"end":{"line":1,"column":33}},"1":{"start":{"line":2,"column":0},"end":{"line":2,"column":52}},"2":{"start":{"line":3,"column":0},"end":{"line":3,"column":55}},"3":{"start":{"line":4,"column":0},"end":{"line":4,"column":50}},"4":{"start":{"line":5,"column":0},"end":{"line":5,"column":55}},"5":{"start":{"line":9,"column":26},"end":{"line":9,"column":34}},"6":{"start":{"line":11,"column":0},"end":{"line":11,"column":34}},"7":{"start":{"line":13,"column":0},"end":{"line":13,"column":37}},"8":{"start":{"line":15,"column":0},"end":{"line":15,"column":40}},"9":{"start":{"line":17,"column":0},"end":{"line":17,"column":43}},"10":{"start":{"line":19,"column":0},"end":{"line":19,"column":26}}},"fnMap":{},"branchMap":{},"s":{"0":0,"1":0,"2":0,"3":0,"4":0,"5":0,"6":0,"7":0,"8":0,"9":0,"10":0},"f":{},"b":{}}
,"/media/reynaldo/f8db0900-b42d-4b5d-971f-4716687f2a60/Make It Real/PROYECTO GRUPAL/foodapp-server/src/collections/Menu/model.ts": {"path":"/media/reynaldo/f8db0900-b42d-4b5d-971f-4716687f2a60/Make It Real/PROYECTO GRUPAL/foodapp-server/src/collections/Menu/model.ts","statementMap":{"0":{"start":{"line":1,"column":0},"end":{"line":1,"column":33}},"1":{"start":{"line":2,"column":0},"end":{"line":2,"column":38}},"2":{"start":{"line":5,"column":13},"end":{"line":5,"column":58}}},"fnMap":{},"branchMap":{},"s":{"0":0,"1":0,"2":0},"f":{},"b":{}}
,"/media/reynaldo/f8db0900-b42d-4b5d-971f-4716687f2a60/Make It Real/PROYECTO GRUPAL/foodapp-server/src/collections/Menu/schema.ts": {"path":"/media/reynaldo/f8db0900-b42d-4b5d-971f-4716687f2a60/Make It Real/PROYECTO GRUPAL/foodapp-server/src/collections/Menu/schema.ts","statementMap":{"0":{"start":{"line":1,"column":0},"end":{"line":1,"column":41}},"1":{"start":{"line":4,"column":13},"end":{"line":20,"column":3}},"2":{"start":{"line":22,"column":0},"end":{"line":22,"column":45}},"3":{"start":{"line":23,"column":0},"end":{"line":23,"column":47}}},"fnMap":{},"branchMap":{},"s":{"0":0,"1":0,"2":0,"3":0},"f":{},"b":{}}
,"/media/reynaldo/f8db0900-b42d-4b5d-971f-4716687f2a60/Make It Real/PROYECTO GRUPAL/foodapp-server/src/collections/MenuFood/model.ts": {"path":"/media/reynaldo/f8db0900-b42d-4b5d-971f-4716687f2a60/Make It Real/PROYECTO GRUPAL/foodapp-server/src/collections/MenuFood/model.ts","statementMap":{"0":{"start":{"line":1,"column":0},"end":{"line":1,"column":33}},"1":{"start":{"line":2,"column":0},"end":{"line":2,"column":42}},"2":{"start":{"line":5,"column":13},"end":{"line":5,"column":74}}},"fnMap":{},"branchMap":{},"s":{"0":0,"1":0,"2":0},"f":{},"b":{}}
,"/media/reynaldo/f8db0900-b42d-4b5d-971f-4716687f2a60/Make It Real/PROYECTO GRUPAL/foodapp-server/src/collections/MenuFood/schema.ts": {"path":"/media/reynaldo/f8db0900-b42d-4b5d-971f-4716687f2a60/Make It Real/PROYECTO GRUPAL/foodapp-server/src/collections/MenuFood/schema.ts","statementMap":{"0":{"start":{"line":1,"column":0},"end":{"line":1,"column":34}},"1":{"start":{"line":4,"column":13},"end":{"line":24,"column":3}},"2":{"start":{"line":26,"column":0},"end":{"line":26,"column":49}},"3":{"start":{"line":27,"column":0},"end":{"line":27,"column":51}}},"fnMap":{},"branchMap":{},"s":{"0":0,"1":0,"2":0,"3":0},"f":{},"b":{}}
,"/media/reynaldo/f8db0900-b42d-4b5d-971f-4716687f2a60/Make It Real/PROYECTO GRUPAL/foodapp-server/src/collections/Restaurants/model.ts": {"path":"/media/reynaldo/f8db0900-b42d-4b5d-971f-4716687f2a60/Make It Real/PROYECTO GRUPAL/foodapp-server/src/collections/Restaurants/model.ts","statementMap":{"0":{"start":{"line":1,"column":0},"end":{"line":1,"column":33}},"1":{"start":{"line":2,"column":0},"end":{"line":2,"column":44}},"2":{"start":{"line":5,"column":13},"end":{"line":5,"column":82}}},"fnMap":{},"branchMap":{},"s":{"0":0,"1":0,"2":0},"f":{},"b":{}}
,"/media/reynaldo/f8db0900-b42d-4b5d-971f-4716687f2a60/Make It Real/PROYECTO GRUPAL/foodapp-server/src/collections/Restaurants/routes.ts": {"path":"/media/reynaldo/f8db0900-b42d-4b5d-971f-4716687f2a60/Make It Real/PROYECTO GRUPAL/foodapp-server/src/collections/Restaurants/routes.ts","statementMap":{"0":{"start":{"line":1,"column":0},"end":{"line":1,"column":33}},"1":{"start":{"line":2,"column":0},"end":{"line":2,"column":63}},"2":{"start":{"line":3,"column":0},"end":{"line":3,"column":66}},"3":{"start":{"line":4,"column":0},"end":{"line":4,"column":61}},"4":{"start":{"line":5,"column":0},"end":{"line":5,"column":66}},"5":{"start":{"line":9,"column":32},"end":{"line":9,"column":40}},"6":{"start":{"line":11,"column":0},"end":{"line":11,"column":52}},"7":{"start":{"line":13,"column":0},"end":{"line":13,"column":55}},"8":{"start":{"line":15,"column":0},"end":{"line":15,"column":58}},"9":{"start":{"line":17,"column":0},"end":{"line":17,"column":61}},"10":{"start":{"line":19,"column":0},"end":{"line":19,"column":32}}},"fnMap":{},"branchMap":{},"s":{"0":0,"1":0,"2":0,"3":0,"4":0,"5":0,"6":0,"7":0,"8":0,"9":0,"10":0},"f":{},"b":{}}
,"/media/reynaldo/f8db0900-b42d-4b5d-971f-4716687f2a60/Make It Real/PROYECTO GRUPAL/foodapp-server/src/collections/Restaurants/schema.ts": {"path":"/media/reynaldo/f8db0900-b42d-4b5d-971f-4716687f2a60/Make It Real/PROYECTO GRUPAL/foodapp-server/src/collections/Restaurants/schema.ts","statementMap":{"0":{"start":{"line":1,"column":0},"end":{"line":1,"column":34}},"1":{"start":{"line":4,"column":13},"end":{"line":44,"column":3}},"2":{"start":{"line":46,"column":0},"end":{"line":46,"column":51}},"3":{"start":{"line":47,"column":0},"end":{"line":47,"column":53}}},"fnMap":{},"branchMap":{},"s":{"0":0,"1":0,"2":0,"3":0},"f":{},"b":{}}
,"/media/reynaldo/f8db0900-b42d-4b5d-971f-4716687f2a60/Make It Real/PROYECTO GRUPAL/foodapp-server/src/collections/Restaurants/controllers/addRestaurant.ts": {"path":"/media/reynaldo/f8db0900-b42d-4b5d-971f-4716687f2a60/Make It Real/PROYECTO GRUPAL/foodapp-server/src/collections/Restaurants/controllers/addRestaurant.ts","statementMap":{"0":{"start":{"line":2,"column":0},"end":{"line":2,"column":42}},"1":{"start":{"line":5,"column":31},"end":{"line":16,"column":null}},"2":{"start":{"line":5,"column":65},"end":{"line":16,"column":null}},"3":{"start":{"line":7,"column":4},"end":{"line":15,"column":null}},"4":{"start":{"line":8,"column":34},"end":{"line":8,"column":42}},"5":{"start":{"line":9,"column":30},"end":{"line":9,"column":77}},"6":{"start":{"line":10,"column":8},"end":{"line":10,"column":null}},"7":{"start":{"line":13,"column":8},"end":{"line":13,"column":null}},"8":{"start":{"line":14,"column":8},"end":{"line":14,"column":27}},"9":{"start":{"line":5,"column":13},"end":{"line":5,"column":31}}},"fnMap":{"0":{"name":"(anonymous_7)","decl":{"start":{"line":5,"column":31},"end":{"line":5,"column":37}},"loc":{"start":{"line":5,"column":65},"end":{"line":16,"column":null}}},"1":{"name":"(anonymous_8)","decl":{"start":{"line":5,"column":65},"end":{"line":5,"column":null}},"loc":{"start":{"line":5,"column":65},"end":{"line":16,"column":1}}}},"branchMap":{},"s":{"0":0,"1":0,"2":0,"3":0,"4":0,"5":0,"6":0,"7":0,"8":0,"9":0},"f":{"0":0,"1":0},"b":{}}
,"/media/reynaldo/f8db0900-b42d-4b5d-971f-4716687f2a60/Make It Real/PROYECTO GRUPAL/foodapp-server/src/collections/Restaurants/controllers/deleteRestaurant.ts": {"path":"/media/reynaldo/f8db0900-b42d-4b5d-971f-4716687f2a60/Make It Real/PROYECTO GRUPAL/foodapp-server/src/collections/Restaurants/controllers/deleteRestaurant.ts","statementMap":{"0":{"start":{"line":2,"column":0},"end":{"line":2,"column":42}},"1":{"start":{"line":5,"column":31},"end":{"line":13,"column":null}},"2":{"start":{"line":5,"column":68},"end":{"line":13,"column":null}},"3":{"start":{"line":6,"column":4},"end":{"line":12,"column":null}},"4":{"start":{"line":7,"column":28},"end":{"line":7,"column":41}},"5":{"start":{"line":8,"column":27},"end":{"line":8,"column":79}},"6":{"start":{"line":9,"column":8},"end":{"line":9,"column":64}},"7":{"start":{"line":11,"column":8},"end":{"line":11,"column":null}},"8":{"start":{"line":5,"column":13},"end":{"line":5,"column":31}}},"fnMap":{"0":{"name":"(anonymous_7)","decl":{"start":{"line":5,"column":31},"end":{"line":5,"column":38}},"loc":{"start":{"line":5,"column":68},"end":{"line":13,"column":null}}},"1":{"name":"(anonymous_8)","decl":{"start":{"line":5,"column":68},"end":{"line":5,"column":null}},"loc":{"start":{"line":5,"column":68},"end":{"line":13,"column":1}}}},"branchMap":{},"s":{"0":0,"1":0,"2":0,"3":0,"4":0,"5":0,"6":0,"7":0,"8":0},"f":{"0":0,"1":0},"b":{}}
,"/media/reynaldo/f8db0900-b42d-4b5d-971f-4716687f2a60/Make It Real/PROYECTO GRUPAL/foodapp-server/src/collections/Restaurants/controllers/getRestaurant.ts": {"path":"/media/reynaldo/f8db0900-b42d-4b5d-971f-4716687f2a60/Make It Real/PROYECTO GRUPAL/foodapp-server/src/collections/Restaurants/controllers/getRestaurant.ts","statementMap":{"0":{"start":{"line":2,"column":0},"end":{"line":2,"column":42}},"1":{"start":{"line":5,"column":28},"end":{"line":8,"column":null}},"2":{"start":{"line":5,"column":61},"end":{"line":8,"column":null}},"3":{"start":{"line":6,"column":22},"end":{"line":6,"column":52}},"4":{"start":{"line":7,"column":4},"end":{"line":7,"column":40}},"5":{"start":{"line":5,"column":13},"end":{"line":5,"column":28}}},"fnMap":{"0":{"name":"(anonymous_7)","decl":{"start":{"line":5,"column":28},"end":{"line":5,"column":34}},"loc":{"start":{"line":5,"column":61},"end":{"line":8,"column":null}}},"1":{"name":"(anonymous_8)","decl":{"start":{"line":5,"column":61},"end":{"line":5,"column":null}},"loc":{"start":{"line":5,"column":61},"end":{"line":8,"column":1}}}},"branchMap":{},"s":{"0":0,"1":0,"2":0,"3":0,"4":0,"5":0},"f":{"0":0,"1":0},"b":{}}
,"/media/reynaldo/f8db0900-b42d-4b5d-971f-4716687f2a60/Make It Real/PROYECTO GRUPAL/foodapp-server/src/collections/Restaurants/controllers/updateRestaurant.ts": {"path":"/media/reynaldo/f8db0900-b42d-4b5d-971f-4716687f2a60/Make It Real/PROYECTO GRUPAL/foodapp-server/src/collections/Restaurants/controllers/updateRestaurant.ts","statementMap":{"0":{"start":{"line":2,"column":0},"end":{"line":2,"column":42}},"1":{"start":{"line":6,"column":32},"end":{"line":15,"column":null}},"2":{"start":{"line":6,"column":69},"end":{"line":15,"column":null}},"3":{"start":{"line":7,"column":4},"end":{"line":14,"column":null}},"4":{"start":{"line":8,"column":28},"end":{"line":8,"column":41}},"5":{"start":{"line":9,"column":34},"end":{"line":9,"column":42}},"6":{"start":{"line":10,"column":27},"end":{"line":10,"column":105}},"7":{"start":{"line":11,"column":8},"end":{"line":11,"column":null}},"8":{"start":{"line":13,"column":8},"end":{"line":13,"column":null}},"9":{"start":{"line":6,"column":13},"end":{"line":6,"column":32}}},"fnMap":{"0":{"name":"(anonymous_7)","decl":{"start":{"line":6,"column":32},"end":{"line":6,"column":39}},"loc":{"start":{"line":6,"column":69},"end":{"line":15,"column":null}}},"1":{"name":"(anonymous_8)","decl":{"start":{"line":6,"column":69},"end":{"line":6,"column":null}},"loc":{"start":{"line":6,"column":69},"end":{"line":15,"column":1}}}},"branchMap":{},"s":{"0":0,"1":0,"2":0,"3":0,"4":0,"5":0,"6":0,"7":0,"8":0,"9":0},"f":{"0":0,"1":0},"b":{}}
,"/media/reynaldo/f8db0900-b42d-4b5d-971f-4716687f2a60/Make It Real/PROYECTO GRUPAL/foodapp-server/src/collections/UserRole/model.ts": {"path":"/media/reynaldo/f8db0900-b42d-4b5d-971f-4716687f2a60/Make It Real/PROYECTO GRUPAL/foodapp-server/src/collections/UserRole/model.ts","statementMap":{"0":{"start":{"line":1,"column":0},"end":{"line":1,"column":33}},"1":{"start":{"line":2,"column":0},"end":{"line":2,"column":42}},"2":{"start":{"line":5,"column":13},"end":{"line":5,"column":74}}},"fnMap":{},"branchMap":{},"s":{"0":0,"1":0,"2":0},"f":{},"b":{}}
,"/media/reynaldo/f8db0900-b42d-4b5d-971f-4716687f2a60/Make It Real/PROYECTO GRUPAL/foodapp-server/src/collections/UserRole/routes.ts": {"path":"/media/reynaldo/f8db0900-b42d-4b5d-971f-4716687f2a60/Make It Real/PROYECTO GRUPAL/foodapp-server/src/collections/UserRole/routes.ts","statementMap":{"0":{"start":{"line":1,"column":0},"end":{"line":1,"column":33}},"1":{"start":{"line":2,"column":0},"end":{"line":2,"column":59}},"2":{"start":{"line":3,"column":0},"end":{"line":3,"column":62}},"3":{"start":{"line":4,"column":0},"end":{"line":4,"column":57}},"4":{"start":{"line":5,"column":0},"end":{"line":5,"column":62}},"5":{"start":{"line":8,"column":30},"end":{"line":8,"column":38}},"6":{"start":{"line":10,"column":0},"end":{"line":10,"column":46}},"7":{"start":{"line":12,"column":0},"end":{"line":12,"column":49}},"8":{"start":{"line":14,"column":0},"end":{"line":14,"column":52}},"9":{"start":{"line":16,"column":0},"end":{"line":16,"column":55}},"10":{"start":{"line":18,"column":0},"end":{"line":18,"column":30}}},"fnMap":{},"branchMap":{},"s":{"0":0,"1":0,"2":0,"3":0,"4":0,"5":0,"6":0,"7":0,"8":0,"9":0,"10":0},"f":{},"b":{}}
,"/media/reynaldo/f8db0900-b42d-4b5d-971f-4716687f2a60/Make It Real/PROYECTO GRUPAL/foodapp-server/src/collections/UserRole/schema.ts": {"path":"/media/reynaldo/f8db0900-b42d-4b5d-971f-4716687f2a60/Make It Real/PROYECTO GRUPAL/foodapp-server/src/collections/UserRole/schema.ts","statementMap":{"0":{"start":{"line":1,"column":0},"end":{"line":1,"column":34}},"1":{"start":{"line":4,"column":13},"end":{"line":6,"column":3}},"2":{"start":{"line":8,"column":0},"end":{"line":12,"column":3}},"3":{"start":{"line":14,"column":0},"end":{"line":14,"column":49}},"4":{"start":{"line":15,"column":0},"end":{"line":15,"column":51}}},"fnMap":{},"branchMap":{},"s":{"0":0,"1":0,"2":0,"3":0,"4":0},"f":{},"b":{}}
,"/media/reynaldo/f8db0900-b42d-4b5d-971f-4716687f2a60/Make It Real/PROYECTO GRUPAL/foodapp-server/src/collections/UserRole/controllers/addUserRole.ts": {"path":"/media/reynaldo/f8db0900-b42d-4b5d-971f-4716687f2a60/Make It Real/PROYECTO GRUPAL/foodapp-server/src/collections/UserRole/controllers/addUserRole.ts","statementMap":{"0":{"start":{"line":2,"column":0},"end":{"line":2,"column":40}},"1":{"start":{"line":5,"column":29},"end":{"line":16,"column":null}},"2":{"start":{"line":5,"column":63},"end":{"line":16,"column":null}},"3":{"start":{"line":7,"column":4},"end":{"line":15,"column":null}},"4":{"start":{"line":8,"column":32},"end":{"line":8,"column":40}},"5":{"start":{"line":9,"column":28},"end":{"line":9,"column":71}},"6":{"start":{"line":10,"column":8},"end":{"line":10,"column":null}},"7":{"start":{"line":13,"column":8},"end":{"line":13,"column":null}},"8":{"start":{"line":14,"column":8},"end":{"line":14,"column":27}},"9":{"start":{"line":5,"column":13},"end":{"line":5,"column":29}}},"fnMap":{"0":{"name":"(anonymous_7)","decl":{"start":{"line":5,"column":29},"end":{"line":5,"column":35}},"loc":{"start":{"line":5,"column":63},"end":{"line":16,"column":null}}},"1":{"name":"(anonymous_8)","decl":{"start":{"line":5,"column":63},"end":{"line":5,"column":null}},"loc":{"start":{"line":5,"column":63},"end":{"line":16,"column":1}}}},"branchMap":{},"s":{"0":0,"1":0,"2":0,"3":0,"4":0,"5":0,"6":0,"7":0,"8":0,"9":0},"f":{"0":0,"1":0},"b":{}}
,"/media/reynaldo/f8db0900-b42d-4b5d-971f-4716687f2a60/Make It Real/PROYECTO GRUPAL/foodapp-server/src/collections/UserRole/controllers/deleteUserRole.ts": {"path":"/media/reynaldo/f8db0900-b42d-4b5d-971f-4716687f2a60/Make It Real/PROYECTO GRUPAL/foodapp-server/src/collections/UserRole/controllers/deleteUserRole.ts","statementMap":{"0":{"start":{"line":2,"column":0},"end":{"line":2,"column":40}},"1":{"start":{"line":5,"column":30},"end":{"line":13,"column":null}},"2":{"start":{"line":5,"column":67},"end":{"line":13,"column":null}},"3":{"start":{"line":6,"column":4},"end":{"line":12,"column":null}},"4":{"start":{"line":7,"column":26},"end":{"line":7,"column":39}},"5":{"start":{"line":8,"column":25},"end":{"line":8,"column":73}},"6":{"start":{"line":9,"column":8},"end":{"line":9,"column":62}},"7":{"start":{"line":11,"column":8},"end":{"line":11,"column":null}},"8":{"start":{"line":5,"column":13},"end":{"line":5,"column":30}}},"fnMap":{"0":{"name":"(anonymous_7)","decl":{"start":{"line":5,"column":30},"end":{"line":5,"column":37}},"loc":{"start":{"line":5,"column":67},"end":{"line":13,"column":null}}},"1":{"name":"(anonymous_8)","decl":{"start":{"line":5,"column":67},"end":{"line":5,"column":null}},"loc":{"start":{"line":5,"column":67},"end":{"line":13,"column":1}}}},"branchMap":{},"s":{"0":0,"1":0,"2":0,"3":0,"4":0,"5":0,"6":0,"7":0,"8":0},"f":{"0":0,"1":0},"b":{}}
,"/media/reynaldo/f8db0900-b42d-4b5d-971f-4716687f2a60/Make It Real/PROYECTO GRUPAL/foodapp-server/src/collections/UserRole/controllers/getUserRole.ts": {"path":"/media/reynaldo/f8db0900-b42d-4b5d-971f-4716687f2a60/Make It Real/PROYECTO GRUPAL/foodapp-server/src/collections/UserRole/controllers/getUserRole.ts","statementMap":{"0":{"start":{"line":2,"column":0},"end":{"line":2,"column":40}},"1":{"start":{"line":5,"column":26},"end":{"line":8,"column":null}},"2":{"start":{"line":5,"column":59},"end":{"line":8,"column":null}},"3":{"start":{"line":6,"column":20},"end":{"line":6,"column":48}},"4":{"start":{"line":7,"column":4},"end":{"line":7,"column":38}},"5":{"start":{"line":5,"column":13},"end":{"line":5,"column":26}}},"fnMap":{"0":{"name":"(anonymous_7)","decl":{"start":{"line":5,"column":26},"end":{"line":5,"column":32}},"loc":{"start":{"line":5,"column":59},"end":{"line":8,"column":null}}},"1":{"name":"(anonymous_8)","decl":{"start":{"line":5,"column":59},"end":{"line":5,"column":null}},"loc":{"start":{"line":5,"column":59},"end":{"line":8,"column":1}}}},"branchMap":{},"s":{"0":0,"1":0,"2":0,"3":0,"4":0,"5":0},"f":{"0":0,"1":0},"b":{}}
,"/media/reynaldo/f8db0900-b42d-4b5d-971f-4716687f2a60/Make It Real/PROYECTO GRUPAL/foodapp-server/src/collections/UserRole/controllers/updateUserRole.ts": {"path":"/media/reynaldo/f8db0900-b42d-4b5d-971f-4716687f2a60/Make It Real/PROYECTO GRUPAL/foodapp-server/src/collections/UserRole/controllers/updateUserRole.ts","statementMap":{"0":{"start":{"line":2,"column":0},"end":{"line":2,"column":40}},"1":{"start":{"line":9,"column":30},"end":{"line":18,"column":null}},"2":{"start":{"line":9,"column":67},"end":{"line":18,"column":null}},"3":{"start":{"line":10,"column":4},"end":{"line":17,"column":null}},"4":{"start":{"line":11,"column":26},"end":{"line":11,"column":39}},"5":{"start":{"line":12,"column":32},"end":{"line":12,"column":40}},"6":{"start":{"line":13,"column":25},"end":{"line":13,"column":97}},"7":{"start":{"line":14,"column":8},"end":{"line":14,"column":null}},"8":{"start":{"line":16,"column":8},"end":{"line":16,"column":null}},"9":{"start":{"line":9,"column":13},"end":{"line":9,"column":30}}},"fnMap":{"0":{"name":"(anonymous_7)","decl":{"start":{"line":9,"column":30},"end":{"line":9,"column":37}},"loc":{"start":{"line":9,"column":67},"end":{"line":18,"column":null}}},"1":{"name":"(anonymous_8)","decl":{"start":{"line":9,"column":67},"end":{"line":9,"column":null}},"loc":{"start":{"line":9,"column":67},"end":{"line":18,"column":1}}}},"branchMap":{},"s":{"0":0,"1":0,"2":0,"3":0,"4":0,"5":0,"6":0,"7":0,"8":0,"9":0},"f":{"0":0,"1":0},"b":{}}
,"/media/reynaldo/f8db0900-b42d-4b5d-971f-4716687f2a60/Make It Real/PROYECTO GRUPAL/foodapp-server/src/collections/Users/controllers/addUsers.ts": {"path":"/media/reynaldo/f8db0900-b42d-4b5d-971f-4716687f2a60/Make It Real/PROYECTO GRUPAL/foodapp-server/src/collections/Users/controllers/addUsers.ts","statementMap":{"0":{"start":{"line":3,"column":0},"end":{"line":3,"column":50}},"1":{"start":{"line":6,"column":25},"end":{"line":17,"column":null}},"2":{"start":{"line":6,"column":59},"end":{"line":17,"column":null}},"3":{"start":{"line":8,"column":4},"end":{"line":16,"column":null}},"4":{"start":{"line":9,"column":28},"end":{"line":9,"column":36}},"5":{"start":{"line":10,"column":24},"end":{"line":10,"column":59}},"6":{"start":{"line":11,"column":8},"end":{"line":11,"column":null}},"7":{"start":{"line":14,"column":8},"end":{"line":14,"column":null}},"8":{"start":{"line":15,"column":8},"end":{"line":15,"column":27}},"9":{"start":{"line":6,"column":13},"end":{"line":6,"column":25}}},"fnMap":{"0":{"name":"(anonymous_7)","decl":{"start":{"line":6,"column":25},"end":{"line":6,"column":31}},"loc":{"start":{"line":6,"column":59},"end":{"line":17,"column":null}}},"1":{"name":"(anonymous_8)","decl":{"start":{"line":6,"column":59},"end":{"line":6,"column":null}},"loc":{"start":{"line":6,"column":59},"end":{"line":17,"column":1}}}},"branchMap":{},"s":{"0":0,"1":0,"2":0,"3":0,"4":0,"5":0,"6":0,"7":0,"8":0,"9":0},"f":{"0":0,"1":0},"b":{}}
,"/media/reynaldo/f8db0900-b42d-4b5d-971f-4716687f2a60/Make It Real/PROYECTO GRUPAL/foodapp-server/src/collections/Users/controllers/deleteUser.ts": {"path":"/media/reynaldo/f8db0900-b42d-4b5d-971f-4716687f2a60/Make It Real/PROYECTO GRUPAL/foodapp-server/src/collections/Users/controllers/deleteUser.ts","statementMap":{"0":{"start":{"line":2,"column":0},"end":{"line":2,"column":50}},"1":{"start":{"line":5,"column":26},"end":{"line":13,"column":null}},"2":{"start":{"line":5,"column":63},"end":{"line":13,"column":null}},"3":{"start":{"line":6,"column":4},"end":{"line":12,"column":null}},"4":{"start":{"line":7,"column":26},"end":{"line":7,"column":39}},"5":{"start":{"line":8,"column":25},"end":{"line":8,"column":69}},"6":{"start":{"line":9,"column":8},"end":{"line":9,"column":58}},"7":{"start":{"line":11,"column":8},"end":{"line":11,"column":null}},"8":{"start":{"line":5,"column":13},"end":{"line":5,"column":26}}},"fnMap":{"0":{"name":"(anonymous_7)","decl":{"start":{"line":5,"column":26},"end":{"line":5,"column":33}},"loc":{"start":{"line":5,"column":63},"end":{"line":13,"column":null}}},"1":{"name":"(anonymous_8)","decl":{"start":{"line":5,"column":63},"end":{"line":5,"column":null}},"loc":{"start":{"line":5,"column":63},"end":{"line":13,"column":1}}}},"branchMap":{},"s":{"0":0,"1":0,"2":0,"3":0,"4":0,"5":0,"6":0,"7":0,"8":0},"f":{"0":0,"1":0},"b":{}}
,"/media/reynaldo/f8db0900-b42d-4b5d-971f-4716687f2a60/Make It Real/PROYECTO GRUPAL/foodapp-server/src/collections/Users/controllers/getUserById.ts": {"path":"/media/reynaldo/f8db0900-b42d-4b5d-971f-4716687f2a60/Make It Real/PROYECTO GRUPAL/foodapp-server/src/collections/Users/controllers/getUserById.ts","statementMap":{"0":{"start":{"line":2,"column":0},"end":{"line":2,"column":74}},"1":{"start":{"line":3,"column":0},"end":{"line":3,"column":100}},"2":{"start":{"line":5,"column":27},"end":{"line":19,"column":4}},"3":{"start":{"line":9,"column":6},"end":{"line":19,"column":4}},"4":{"start":{"line":10,"column":19},"end":{"line":10,"column":29}},"5":{"start":{"line":11,"column":4},"end":{"line":18,"column":null}},"6":{"start":{"line":12,"column":18},"end":{"line":12,"column":62}},"7":{"start":{"line":14,"column":19},"end":{"line":14,"column":50}},"8":{"start":{"line":15,"column":6},"end":{"line":15,"column":42}},"9":{"start":{"line":17,"column":6},"end":{"line":17,"column":18}},"10":{"start":{"line":5,"column":13},"end":{"line":5,"column":27}}},"fnMap":{"0":{"name":"(anonymous_7)","decl":{"start":{"line":5,"column":27},"end":{"line":5,"column":null}},"loc":{"start":{"line":9,"column":6},"end":{"line":19,"column":4}}},"1":{"name":"(anonymous_8)","decl":{"start":{"line":9,"column":6},"end":{"line":9,"column":null}},"loc":{"start":{"line":9,"column":6},"end":{"line":19,"column":3}}}},"branchMap":{},"s":{"0":0,"1":0,"2":0,"3":0,"4":0,"5":0,"6":0,"7":0,"8":0,"9":0,"10":0},"f":{"0":0,"1":0},"b":{}}
,"/media/reynaldo/f8db0900-b42d-4b5d-971f-4716687f2a60/Make It Real/PROYECTO GRUPAL/foodapp-server/src/collections/Users/controllers/getUsers.ts": {"path":"/media/reynaldo/f8db0900-b42d-4b5d-971f-4716687f2a60/Make It Real/PROYECTO GRUPAL/foodapp-server/src/collections/Users/controllers/getUsers.ts","statementMap":{"0":{"start":{"line":2,"column":0},"end":{"line":2,"column":50}},"1":{"start":{"line":5,"column":22},"end":{"line":8,"column":null}},"2":{"start":{"line":5,"column":55},"end":{"line":8,"column":null}},"3":{"start":{"line":6,"column":16},"end":{"line":6,"column":40}},"4":{"start":{"line":7,"column":4},"end":{"line":7,"column":34}},"5":{"start":{"line":5,"column":13},"end":{"line":5,"column":22}}},"fnMap":{"0":{"name":"(anonymous_7)","decl":{"start":{"line":5,"column":22},"end":{"line":5,"column":28}},"loc":{"start":{"line":5,"column":55},"end":{"line":8,"column":null}}},"1":{"name":"(anonymous_8)","decl":{"start":{"line":5,"column":55},"end":{"line":5,"column":null}},"loc":{"start":{"line":5,"column":55},"end":{"line":8,"column":1}}}},"branchMap":{},"s":{"0":0,"1":0,"2":0,"3":0,"4":0,"5":0},"f":{"0":0,"1":0},"b":{}}
,"/media/reynaldo/f8db0900-b42d-4b5d-971f-4716687f2a60/Make It Real/PROYECTO GRUPAL/foodapp-server/src/collections/Users/controllers/updateUser.ts": {"path":"/media/reynaldo/f8db0900-b42d-4b5d-971f-4716687f2a60/Make It Real/PROYECTO GRUPAL/foodapp-server/src/collections/Users/controllers/updateUser.ts","statementMap":{"0":{"start":{"line":2,"column":0},"end":{"line":2,"column":50}},"1":{"start":{"line":5,"column":26},"end":{"line":14,"column":null}},"2":{"start":{"line":5,"column":63},"end":{"line":14,"column":null}},"3":{"start":{"line":6,"column":4},"end":{"line":13,"column":null}},"4":{"start":{"line":7,"column":22},"end":{"line":7,"column":35}},"5":{"start":{"line":8,"column":28},"end":{"line":8,"column":36}},"6":{"start":{"line":9,"column":25},"end":{"line":9,"column":85}},"7":{"start":{"line":10,"column":8},"end":{"line":10,"column":null}},"8":{"start":{"line":12,"column":8},"end":{"line":12,"column":null}},"9":{"start":{"line":5,"column":13},"end":{"line":5,"column":26}}},"fnMap":{"0":{"name":"(anonymous_7)","decl":{"start":{"line":5,"column":26},"end":{"line":5,"column":33}},"loc":{"start":{"line":5,"column":63},"end":{"line":14,"column":null}}},"1":{"name":"(anonymous_8)","decl":{"start":{"line":5,"column":63},"end":{"line":5,"column":null}},"loc":{"start":{"line":5,"column":63},"end":{"line":14,"column":1}}}},"branchMap":{},"s":{"0":0,"1":0,"2":0,"3":0,"4":0,"5":0,"6":0,"7":0,"8":0,"9":0},"f":{"0":0,"1":0},"b":{}}
,"/media/reynaldo/f8db0900-b42d-4b5d-971f-4716687f2a60/Make It Real/PROYECTO GRUPAL/foodapp-server/src/collections/Users/entity/models/model.ts": {"path":"/media/reynaldo/f8db0900-b42d-4b5d-971f-4716687f2a60/Make It Real/PROYECTO GRUPAL/foodapp-server/src/collections/Users/entity/models/model.ts","statementMap":{"0":{"start":{"line":1,"column":0},"end":{"line":1,"column":33}},"1":{"start":{"line":2,"column":0},"end":{"line":2,"column":46}},"2":{"start":{"line":5,"column":13},"end":{"line":5,"column":58}}},"fnMap":{},"branchMap":{},"s":{"0":0,"1":0,"2":0},"f":{},"b":{}}
,"/media/reynaldo/f8db0900-b42d-4b5d-971f-4716687f2a60/Make It Real/PROYECTO GRUPAL/foodapp-server/src/collections/Users/entity/schema/schema.ts": {"path":"/media/reynaldo/f8db0900-b42d-4b5d-971f-4716687f2a60/Make It Real/PROYECTO GRUPAL/foodapp-server/src/collections/Users/entity/schema/schema.ts","statementMap":{"0":{"start":{"line":1,"column":0},"end":{"line":1,"column":34}},"1":{"start":{"line":3,"column":0},"end":{"line":3,"column":79}},"2":{"start":{"line":5,"column":13},"end":{"line":35,"column":3}},"3":{"start":{"line":37,"column":0},"end":{"line":41,"column":3}},"4":{"start":{"line":45,"column":0},"end":{"line":49,"column":3}},"5":{"start":{"line":46,"column":15},"end":{"line":46,"column":31}},"6":{"start":{"line":47,"column":2},"end":{"line":47,"column":52}},"7":{"start":{"line":48,"column":2},"end":{"line":48,"column":9}},"8":{"start":{"line":51,"column":0},"end":{"line":51,"column":45}},"9":{"start":{"line":52,"column":0},"end":{"line":52,"column":47}}},"fnMap":{"0":{"name":"(anonymous_7)","decl":{"start":{"line":45,"column":28},"end":{"line":45,"column":44}},"loc":{"start":{"line":45,"column":48},"end":{"line":49,"column":2}}}},"branchMap":{},"s":{"0":0,"1":0,"2":0,"3":0,"4":0,"5":0,"6":0,"7":0,"8":0,"9":0},"f":{"0":0},"b":{}}
,"/media/reynaldo/f8db0900-b42d-4b5d-971f-4716687f2a60/Make It Real/PROYECTO GRUPAL/foodapp-server/src/collections/Users/entity/types/type.d.ts": {"path":"/media/reynaldo/f8db0900-b42d-4b5d-971f-4716687f2a60/Make It Real/PROYECTO GRUPAL/foodapp-server/src/collections/Users/entity/types/type.d.ts","statementMap":{},"fnMap":{},"branchMap":{},"s":{},"f":{},"b":{},"inputSourceMap":null}
,"/media/reynaldo/f8db0900-b42d-4b5d-971f-4716687f2a60/Make It Real/PROYECTO GRUPAL/foodapp-server/src/collections/Users/routes/routes.ts": {"path":"/media/reynaldo/f8db0900-b42d-4b5d-971f-4716687f2a60/Make It Real/PROYECTO GRUPAL/foodapp-server/src/collections/Users/routes/routes.ts","statementMap":{"0":{"start":{"line":1,"column":0},"end":{"line":1,"column":33}},"1":{"start":{"line":2,"column":0},"end":{"line":2,"column":53}},"2":{"start":{"line":3,"column":0},"end":{"line":3,"column":55}},"3":{"start":{"line":4,"column":0},"end":{"line":4,"column":51}},"4":{"start":{"line":5,"column":0},"end":{"line":5,"column":55}},"5":{"start":{"line":7,"column":26},"end":{"line":7,"column":34}},"6":{"start":{"line":9,"column":0},"end":{"line":9,"column":34}},"7":{"start":{"line":11,"column":0},"end":{"line":11,"column":37}},"8":{"start":{"line":13,"column":0},"end":{"line":13,"column":40}},"9":{"start":{"line":15,"column":0},"end":{"line":15,"column":44}},"10":{"start":{"line":17,"column":0},"end":{"line":17,"column":26}}},"fnMap":{},"branchMap":{},"s":{"0":0,"1":0,"2":0,"3":0,"4":0,"5":0,"6":0,"7":0,"8":0,"9":0,"10":0},"f":{},"b":{}}
,"/media/reynaldo/f8db0900-b42d-4b5d-971f-4716687f2a60/Make It Real/PROYECTO GRUPAL/foodapp-server/src/collections/Users/services/getOneUserByEmail.ts": {"path":"/media/reynaldo/f8db0900-b42d-4b5d-971f-4716687f2a60/Make It Real/PROYECTO GRUPAL/foodapp-server/src/collections/Users/services/getOneUserByEmail.ts","statementMap":{"0":{"start":{"line":1,"column":0},"end":{"line":1,"column":88}},"1":{"start":{"line":2,"column":0},"end":{"line":2,"column":51}},"2":{"start":{"line":5,"column":33},"end":{"line":17,"column":2}},"3":{"start":{"line":7,"column":27},"end":{"line":17,"column":2}},"4":{"start":{"line":8,"column":2},"end":{"line":16,"column":null}},"5":{"start":{"line":9,"column":31},"end":{"line":11,"column":6}},"6":{"start":{"line":13,"column":4},"end":{"line":13,"column":16}},"7":{"start":{"line":15,"column":4},"end":{"line":15,"column":65}},"8":{"start":{"line":5,"column":13},"end":{"line":5,"column":33}}},"fnMap":{"0":{"name":"(anonymous_7)","decl":{"start":{"line":5,"column":33},"end":{"line":5,"column":null}},"loc":{"start":{"line":7,"column":27},"end":{"line":17,"column":2}}},"1":{"name":"(anonymous_8)","decl":{"start":{"line":7,"column":27},"end":{"line":7,"column":null}},"loc":{"start":{"line":7,"column":27},"end":{"line":17,"column":1}}}},"branchMap":{},"s":{"0":0,"1":0,"2":0,"3":0,"4":0,"5":0,"6":0,"7":0,"8":0},"f":{"0":0,"1":0},"b":{}}
,"/media/reynaldo/f8db0900-b42d-4b5d-971f-4716687f2a60/Make It Real/PROYECTO GRUPAL/foodapp-server/src/collections/Users/services/getOneUserByIdService.ts": {"path":"/media/reynaldo/f8db0900-b42d-4b5d-971f-4716687f2a60/Make It Real/PROYECTO GRUPAL/foodapp-server/src/collections/Users/services/getOneUserByIdService.ts","statementMap":{"0":{"start":{"line":1,"column":0},"end":{"line":1,"column":54}},"1":{"start":{"line":2,"column":0},"end":{"line":2,"column":51}},"2":{"start":{"line":4,"column":0},"end":{"line":4,"column":82}},"3":{"start":{"line":6,"column":37},"end":{"line":19,"column":2}},"4":{"start":{"line":8,"column":27},"end":{"line":19,"column":2}},"5":{"start":{"line":9,"column":2},"end":{"line":18,"column":null}},"6":{"start":{"line":10,"column":26},"end":{"line":10,"column":66}},"7":{"start":{"line":11,"column":4},"end":{"line":11,"column":19}},"8":{"start":{"line":13,"column":4},"end":{"line":16,"column":7}},"9":{"start":{"line":17,"column":4},"end":{"line":17,"column":35}},"10":{"start":{"line":6,"column":13},"end":{"line":6,"column":37}}},"fnMap":{"0":{"name":"(anonymous_8)","decl":{"start":{"line":6,"column":37},"end":{"line":6,"column":null}},"loc":{"start":{"line":8,"column":27},"end":{"line":19,"column":2}}},"1":{"name":"(anonymous_9)","decl":{"start":{"line":8,"column":27},"end":{"line":8,"column":null}},"loc":{"start":{"line":8,"column":27},"end":{"line":19,"column":1}}}},"branchMap":{},"s":{"0":0,"1":0,"2":0,"3":0,"4":0,"5":0,"6":0,"7":0,"8":0,"9":0,"10":0},"f":{"0":0,"1":0},"b":{}}
,"/media/reynaldo/f8db0900-b42d-4b5d-971f-4716687f2a60/Make It Real/PROYECTO GRUPAL/foodapp-server/src/collections/Users/services/getUserWithProjectsAndTasksService.ts": {"path":"/media/reynaldo/f8db0900-b42d-4b5d-971f-4716687f2a60/Make It Real/PROYECTO GRUPAL/foodapp-server/src/collections/Users/services/getUserWithProjectsAndTasksService.ts","statementMap":{"0":{"start":{"line":1,"column":0},"end":{"line":1,"column":54}},"1":{"start":{"line":2,"column":0},"end":{"line":2,"column":75}},"2":{"start":{"line":5,"column":0},"end":{"line":5,"column":82}},"3":{"start":{"line":6,"column":0},"end":{"line":6,"column":76}},"4":{"start":{"line":7,"column":0},"end":{"line":7,"column":58}},"5":{"start":{"line":9,"column":50},"end":{"line":46,"column":2}},"6":{"start":{"line":11,"column":27},"end":{"line":46,"column":2}},"7":{"start":{"line":25,"column":18},"end":{"line":34,"column":4}},"8":{"start":{"line":36,"column":2},"end":{"line":45,"column":null}},"9":{"start":{"line":37,"column":26},"end":{"line":37,"column":75}},"10":{"start":{"line":38,"column":4},"end":{"line":38,"column":19}},"11":{"start":{"line":40,"column":4},"end":{"line":43,"column":7}},"12":{"start":{"line":44,"column":4},"end":{"line":44,"column":35}},"13":{"start":{"line":9,"column":13},"end":{"line":9,"column":50}}},"fnMap":{"0":{"name":"(anonymous_8)","decl":{"start":{"line":9,"column":50},"end":{"line":9,"column":null}},"loc":{"start":{"line":11,"column":27},"end":{"line":46,"column":2}}},"1":{"name":"(anonymous_9)","decl":{"start":{"line":11,"column":27},"end":{"line":11,"column":null}},"loc":{"start":{"line":11,"column":27},"end":{"line":46,"column":1}}}},"branchMap":{},"s":{"0":0,"1":0,"2":0,"3":0,"4":0,"5":0,"6":0,"7":0,"8":0,"9":0,"10":0,"11":0,"12":0,"13":0},"f":{"0":0,"1":0},"b":{}}
[...]
,"/media/reynaldo/f8db0900-b42d-4b5d-971f-4716687f2a60/Make It Real/PROYECTO GRUPAL/foodapp-server/src/shared/factory/createResource.ts": {"path":"/media/reynaldo/f8db0900-b42d-4b5d-971f-4716687f2a60/Make It Real/PROYECTO GRUPAL/foodapp-server/src/shared/factory/createResource.ts","statementMap":{"0":{"start":{"line":13,"column":2},"end":{"line":40,"column":4}},"1":{"start":{"line":27,"column":2},"end":{"line":40,"column":4}},"2":{"start":{"line":37,"column":6},"end":{"line":40,"column":4}},"3":{"start":{"line":38,"column":24},"end":{"line":38,"column":43}},"4":{"start":{"line":39,"column":4},"end":{"line":39,"column":36}},"5":{"start":{"line":12,"column":13},"end":{"line":12,"column":null}}},"fnMap":{"0":{"name":"(anonymous_7)","decl":{"start":{"line":13,"column":2},"end":{"line":13,"column":null}},"loc":{"start":{"line":27,"column":2},"end":{"line":40,"column":4}}},"1":{"name":"(anonymous_8)","decl":{"start":{"line":27,"column":2},"end":{"line":27,"column":12}},"loc":{"start":{"line":37,"column":6},"end":{"line":40,"column":4}}},"2":{"name":"(anonymous_9)","decl":{"start":{"line":37,"column":6},"end":{"line":37,"column":null}},"loc":{"start":{"line":37,"column":6},"end":{"line":40,"column":3}}}},"branchMap":{},"s":{"0":1,"1":0,"2":0,"3":0,"4":0,"5":1},"f":{"0":0,"1":0,"2":0},"b":{}}
,"/media/reynaldo/f8db0900-b42d-4b5d-971f-4716687f2a60/Make It Real/PROYECTO GRUPAL/foodapp-server/src/shared/factory/deleteOneResourceById.ts": {"path":"/media/reynaldo/f8db0900-b42d-4b5d-971f-4716687f2a60/Make It Real/PROYECTO GRUPAL/foodapp-server/src/shared/factory/deleteOneResourceById.ts","statementMap":{"0":{"start":{"line":4,"column":2},"end":{"line":7,"column":4}},"1":{"start":{"line":5,"column":2},"end":{"line":7,"column":4}},"2":{"start":{"line":5,"column":76},"end":{"line":7,"column":4}},"3":{"start":{"line":6,"column":4},"end":{"line":6,"column":46}},"4":{"start":{"line":3,"column":13},"end":{"line":3,"column":null}}},"fnMap":{"0":{"name":"(anonymous_7)","decl":{"start":{"line":4,"column":2},"end":{"line":4,"column":6}},"loc":{"start":{"line":5,"column":2},"end":{"line":7,"column":4}}},"1":{"name":"(anonymous_8)","decl":{"start":{"line":5,"column":2},"end":{"line":5,"column":9}},"loc":{"start":{"line":5,"column":76},"end":{"line":7,"column":4}}},"2":{"name":"(anonymous_9)","decl":{"start":{"line":5,"column":76},"end":{"line":5,"column":null}},"loc":{"start":{"line":5,"column":76},"end":{"line":7,"column":3}}}},"branchMap":{},"s":{"0":1,"1":0,"2":0,"3":0,"4":1},"f":{"0":0,"1":0,"2":0},"b":{}}
,"/media/reynaldo/f8db0900-b42d-4b5d-971f-4716687f2a60/Make It Real/PROYECTO GRUPAL/foodapp-server/src/shared/factory/findAllResources.ts": {"path":"/media/reynaldo/f8db0900-b42d-4b5d-971f-4716687f2a60/Make It Real/PROYECTO GRUPAL/foodapp-server/src/shared/factory/findAllResources.ts","statementMap":{"0":{"start":{"line":4,"column":2},"end":{"line":6,"column":35}},"1":{"start":{"line":5,"column":2},"end":{"line":6,"column":35}},"2":{"start":{"line":5,"column":39},"end":{"line":6,"column":35}},"3":{"start":{"line":6,"column":4},"end":{"line":6,"column":35}},"4":{"start":{"line":3,"column":13},"end":{"line":3,"column":null}}},"fnMap":{"0":{"name":"(anonymous_7)","decl":{"start":{"line":4,"column":2},"end":{"line":4,"column":6}},"loc":{"start":{"line":5,"column":2},"end":{"line":6,"column":35}}},"1":{"name":"(anonymous_8)","decl":{"start":{"line":5,"column":2},"end":{"line":5,"column":12}},"loc":{"start":{"line":5,"column":39},"end":{"line":6,"column":35}}},"2":{"name":"(anonymous_9)","decl":{"start":{"line":5,"column":39},"end":{"line":5,"column":null}},"loc":{"start":{"line":5,"column":39},"end":{"line":6,"column":35}}}},"branchMap":{},"s":{"0":1,"1":0,"2":0,"3":0,"4":1},"f":{"0":0,"1":0,"2":0},"b":{}}
,"/media/reynaldo/f8db0900-b42d-4b5d-971f-4716687f2a60/Make It Real/PROYECTO GRUPAL/foodapp-server/src/shared/factory/findOneResourceByField.ts": {"path":"/media/reynaldo/f8db0900-b42d-4b5d-971f-4716687f2a60/Make It Real/PROYECTO GRUPAL/foodapp-server/src/shared/factory/findOneResourceByField.ts","statementMap":{"0":{"start":{"line":4,"column":2},"end":{"line":7,"column":4}},"1":{"start":{"line":5,"column":2},"end":{"line":7,"column":4}},"2":{"start":{"line":5,"column":38},"end":{"line":7,"column":4}},"3":{"start":{"line":6,"column":4},"end":{"line":6,"column":45}},"4":{"start":{"line":3,"column":13},"end":{"line":3,"column":null}}},"fnMap":{"0":{"name":"(anonymous_7)","decl":{"start":{"line":4,"column":2},"end":{"line":4,"column":6}},"loc":{"start":{"line":5,"column":2},"end":{"line":7,"column":4}}},"1":{"name":"(anonymous_8)","decl":{"start":{"line":5,"column":2},"end":{"line":5,"column":12}},"loc":{"start":{"line":5,"column":38},"end":{"line":7,"column":4}}},"2":{"name":"(anonymous_9)","decl":{"start":{"line":5,"column":38},"end":{"line":5,"column":null}},"loc":{"start":{"line":5,"column":38},"end":{"line":7,"column":3}}}},"branchMap":{},"s":{"0":1,"1":4,"2":4,"3":4,"4":1},"f":{"0":4,"1":4,"2":4},"b":{}}
,"/media/reynaldo/f8db0900-b42d-4b5d-971f-4716687f2a60/Make It Real/PROYECTO GRUPAL/foodapp-server/src/shared/factory/findOneResourceById.ts": {"path":"/media/reynaldo/f8db0900-b42d-4b5d-971f-4716687f2a60/Make It Real/PROYECTO GRUPAL/foodapp-server/src/shared/factory/findOneResourceById.ts","statementMap":{"0":{"start":{"line":1,"column":0},"end":{"line":1,"column":63}},"1":{"start":{"line":4,"column":2},"end":{"line":9,"column":4}},"2":{"start":{"line":5,"column":2},"end":{"line":9,"column":4}},"3":{"start":{"line":5,"column":69},"end":{"line":9,"column":4}},"4":{"start":{"line":6,"column":4},"end":{"line":8,"column":26}},"5":{"start":{"line":3,"column":13},"end":{"line":3,"column":null}}},"fnMap":{"0":{"name":"(anonymous_7)","decl":{"start":{"line":4,"column":2},"end":{"line":4,"column":6}},"loc":{"start":{"line":5,"column":2},"end":{"line":9,"column":4}}},"1":{"name":"(anonymous_8)","decl":{"start":{"line":5,"column":2},"end":{"line":5,"column":9}},"loc":{"start":{"line":5,"column":69},"end":{"line":9,"column":4}}},"2":{"name":"(anonymous_9)","decl":{"start":{"line":5,"column":69},"end":{"line":5,"column":null}},"loc":{"start":{"line":5,"column":69},"end":{"line":9,"column":3}}}},"branchMap":{"0":{"loc":{"start":{"line":7,"column":11},"end":{"line":7,"column":63}},"type":"cond-expr","locations":[{"start":{"line":7,"column":36},"end":{"line":7,"column":58}},{"start":{"line":7,"column":61},"end":{"line":7,"column":63}}]}},"s":{"0":1,"1":1,"2":0,"3":0,"4":0,"5":1},"f":{"0":0,"1":0,"2":0},"b":{"0":[0,0]}}
,"/media/reynaldo/f8db0900-b42d-4b5d-971f-4716687f2a60/Make It Real/PROYECTO GRUPAL/foodapp-server/src/shared/factory/index.ts": {"path":"/media/reynaldo/f8db0900-b42d-4b5d-971f-4716687f2a60/Make It Real/PROYECTO GRUPAL/foodapp-server/src/shared/factory/index.ts","statementMap":{"0":{"start":{"line":1,"column":0},"end":{"line":1,"column":33}},"1":{"start":{"line":2,"column":0},"end":{"line":2,"column":35}},"2":{"start":{"line":3,"column":0},"end":{"line":3,"column":38}},"3":{"start":{"line":4,"column":0},"end":{"line":4,"column":40}},"4":{"start":{"line":5,"column":0},"end":{"line":5,"column":41}},"5":{"start":{"line":6,"column":0},"end":{"line":6,"column":40}}},"fnMap":{},"branchMap":{},"s":{"0":1,"1":1,"2":1,"3":1,"4":1,"5":1},"f":{},"b":{}}
,"/media/reynaldo/f8db0900-b42d-4b5d-971f-4716687f2a60/Make It Real/PROYECTO GRUPAL/foodapp-server/src/shared/factory/updateOneResourceById.ts": {"path":"/media/reynaldo/f8db0900-b42d-4b5d-971f-4716687f2a60/Make It Real/PROYECTO GRUPAL/foodapp-server/src/shared/factory/updateOneResourceById.ts","statementMap":{"0":{"start":{"line":1,"column":0},"end":{"line":1,"column":63}},"1":{"start":{"line":4,"column":2},"end":{"line":16,"column":4}},"2":{"start":{"line":5,"column":2},"end":{"line":16,"column":4}},"3":{"start":{"line":5,"column":69},"end":{"line":16,"column":4}},"4":{"start":{"line":6,"column":23},"end":{"line":6,"column":75}},"5":{"start":{"line":7,"column":4},"end":{"line":15,"column":6}},"6":{"start":{"line":3,"column":13},"end":{"line":3,"column":null}}},"fnMap":{"0":{"name":"(anonymous_7)","decl":{"start":{"line":4,"column":2},"end":{"line":4,"column":6}},"loc":{"start":{"line":5,"column":2},"end":{"line":16,"column":4}}},"1":{"name":"(anonymous_8)","decl":{"start":{"line":5,"column":2},"end":{"line":5,"column":9}},"loc":{"start":{"line":5,"column":69},"end":{"line":16,"column":4}}},"2":{"name":"(anonymous_9)","decl":{"start":{"line":5,"column":69},"end":{"line":5,"column":null}},"loc":{"start":{"line":5,"column":69},"end":{"line":16,"column":3}}}},"branchMap":{"0":{"loc":{"start":{"line":6,"column":23},"end":{"line":6,"column":75}},"type":"cond-expr","locations":[{"start":{"line":6,"column":48},"end":{"line":6,"column":70}},{"start":{"line":6,"column":73},"end":{"line":6,"column":75}}]}},"s":{"0":1,"1":1,"2":0,"3":0,"4":0,"5":0,"6":1},"f":{"0":0,"1":0,"2":0},"b":{"0":[0,0]}}
,"/media/reynaldo/f8db0900-b42d-4b5d-971f-4716687f2a60/Make It Real/PROYECTO GRUPAL/foodapp-server/src/shared/logger/appLogger.ts": {"path":"/media/reynaldo/f8db0900-b42d-4b5d-971f-4716687f2a60/Make It Real/PROYECTO GRUPAL/foodapp-server/src/shared/logger/appLogger.ts","statementMap":{"0":{"start":{"line":1,"column":0},"end":{"line":1,"column":30}},"1":{"start":{"line":3,"column":15},"end":{"line":9,"column":2}},"2":{"start":{"line":12,"column":14},"end":{"line":16,"column":1}},"3":{"start":{"line":13,"column":14},"end":{"line":13,"column":51}},"4":{"start":{"line":14,"column":24},"end":{"line":14,"column":45}},"5":{"start":{"line":15,"column":2},"end":{"line":15,"column":42}},"6":{"start":{"line":18,"column":15},"end":{"line":24,"column":2}},"7":{"start":{"line":26,"column":0},"end":{"line":26,"column":26}},"8":{"start":{"line":28,"column":15},"end":{"line":39,"column":null}},"9":{"start":{"line":34,"column":6},"end":{"line":38,"column":28}},"10":{"start":{"line":42,"column":19},"end":{"line":50,"column":2}},"11":{"start":{"line":52,"column":15},"end":{"line":57,"column":2}},"12":{"start":{"line":59,"column":0},"end":{"line":59,"column":22}}},"fnMap":{"0":{"name":"(anonymous_1)","decl":{"start":{"line":12,"column":14},"end":{"line":12,"column":17}},"loc":{"start":{"line":12,"column":19},"end":{"line":16,"column":1}}},"1":{"name":"(anonymous_2)","decl":{"start":{"line":33,"column":4},"end":{"line":33,"column":5}},"loc":{"start":{"line":34,"column":6},"end":{"line":38,"column":28}}}},"branchMap":{"0":{"loc":{"start":{"line":13,"column":14},"end":{"line":13,"column":51}},"type":"binary-expr","locations":[{"start":{"line":13,"column":14},"end":{"line":13,"column":34}},{"start":{"line":13,"column":38},"end":{"line":13,"column":51}}]},"1":{"loc":{"start":{"line":15,"column":9},"end":{"line":15,"column":41}},"type":"cond-expr","locations":[{"start":{"line":15,"column":25},"end":{"line":15,"column":32}},{"start":{"line":15,"column":35},"end":{"line":15,"column":41}}]}},"s":{"0":1,"1":1,"2":1,"3":1,"4":1,"5":1,"6":1,"7":1,"8":1,"9":3,"10":1,"11":1,"12":1},"f":{"0":1,"1":3},"b":{"0":[1,0],"1":[0,1]}}
,"/media/reynaldo/f8db0900-b42d-4b5d-971f-4716687f2a60/Make It Real/PROYECTO GRUPAL/foodapp-server/src/shared/logger/morganLogger.ts": {"path":"/media/reynaldo/f8db0900-b42d-4b5d-971f-4716687f2a60/Make It Real/PROYECTO GRUPAL/foodapp-server/src/shared/logger/morganLogger.ts","statementMap":{"0":{"start":{"line":1,"column":0},"end":{"line":1,"column":47}},"1":{"start":{"line":3,"column":0},"end":{"line":3,"column":41}},"2":{"start":{"line":7,"column":30},"end":{"line":13,"column":2}},"3":{"start":{"line":10,"column":4},"end":{"line":10,"column":25}},"4":{"start":{"line":11,"column":4},"end":{"line":11,"column":26}},"5":{"start":{"line":20,"column":13},"end":{"line":23,"column":1}},"6":{"start":{"line":21,"column":14},"end":{"line":21,"column":51}},"7":{"start":{"line":22,"column":2},"end":{"line":22,"column":31}},"8":{"start":{"line":26,"column":25},"end":{"line":34,"column":null}},"9":{"start":{"line":37,"column":0},"end":{"line":37,"column":32}}},"fnMap":{"0":{"name":"(anonymous_1)","decl":{"start":{"line":9,"column":9},"end":{"line":9,"column":10}},"loc":{"start":{"line":9,"column":21},"end":{"line":12,"column":3}}},"1":{"name":"(anonymous_2)","decl":{"start":{"line":20,"column":13},"end":{"line":20,"column":16}},"loc":{"start":{"line":20,"column":18},"end":{"line":23,"column":1}}}},"branchMap":{"0":{"loc":{"start":{"line":21,"column":14},"end":{"line":21,"column":51}},"type":"binary-expr","locations":[{"start":{"line":21,"column":14},"end":{"line":21,"column":34}},{"start":{"line":21,"column":38},"end":{"line":21,"column":51}}]}},"s":{"0":0,"1":0,"2":0,"3":0,"4":0,"5":0,"6":0,"7":0,"8":0,"9":0},"f":{"0":0,"1":0},"b":{"0":[0,0]}}
,"/media/reynaldo/f8db0900-b42d-4b5d-971f-4716687f2a60/Make It Real/PROYECTO GRUPAL/foodapp-server/src/shared/testUtils/fixtures.ts": {"path":"/media/reynaldo/f8db0900-b42d-4b5d-971f-4716687f2a60/Make It Real/PROYECTO GRUPAL/foodapp-server/src/shared/testUtils/fixtures.ts","statementMap":{"0":{"start":{"line":1,"column":13},"end":{"line":12,"column":4}}},"fnMap":{},"branchMap":{},"s":{"0":1},"f":{},"b":{}}
,"/media/reynaldo/f8db0900-b42d-4b5d-971f-4716687f2a60/Make It Real/PROYECTO GRUPAL/foodapp-server/src/shared/testUtils/mockDb.ts": {"path":"/media/reynaldo/f8db0900-b42d-4b5d-971f-4716687f2a60/Make It Real/PROYECTO GRUPAL/foodapp-server/src/shared/testUtils/mockDb.ts","statementMap":{"0":{"start":{"line":1,"column":0},"end":{"line":1,"column":32}},"1":{"start":{"line":2,"column":0},"end":{"line":2,"column":58}},"2":{"start":{"line":4,"column":28},"end":{"line":33,"column":2}},"3":{"start":{"line":4,"column":39},"end":{"line":33,"column":2}},"4":{"start":{"line":5,"column":22},"end":{"line":5,"column":54}},"5":{"start":{"line":7,"column":2},"end":{"line":32,"column":4}},"6":{"start":{"line":8,"column":24},"end":{"line":14,"column":null}},"7":{"start":{"line":9,"column":6},"end":{"line":13,"column":null}},"8":{"start":{"line":10,"column":8},"end":{"line":10,"column":53}},"9":{"start":{"line":12,"column":8},"end":{"line":12,"column":27}},"10":{"start":{"line":15,"column":30},"end":{"line":23,"column":null}},"11":{"start":{"line":16,"column":6},"end":{"line":22,"column":null}},"12":{"start":{"line":17,"column":8},"end":{"line":17,"column":49}},"13":{"start":{"line":18,"column":8},"end":{"line":18,"column":42}},"14":{"start":{"line":19,"column":8},"end":{"line":19,"column":27}},"15":{"start":{"line":21,"column":8},"end":{"line":21,"column":27}},"16":{"start":{"line":24,"column":30},"end":{"line":31,"column":null}},"17":{"start":{"line":25,"column":26},"end":{"line":25,"column":57}},"18":{"start":{"line":27,"column":6},"end":{"line":30,"column":null}},"19":{"start":{"line":28,"column":27},"end":{"line":28,"column":43}},"20":{"start":{"line":29,"column":8},"end":{"line":29,"column":40}},"21":{"start":{"line":4,"column":13},"end":{"line":4,"column":28}}},"fnMap":{"0":{"name":"(anonymous_8)","decl":{"start":{"line":4,"column":28},"end":{"line":4,"column":37}},"loc":{"start":{"line":4,"column":39},"end":{"line":33,"column":2}}},"1":{"name":"(anonymous_9)","decl":{"start":{"line":4,"column":39},"end":{"line":4,"column":null}},"loc":{"start":{"line":4,"column":39},"end":{"line":33,"column":1}}},"2":{"name":"(anonymous_10)","decl":{"start":{"line":8,"column":13},"end":{"line":8,"column":22}},"loc":{"start":{"line":8,"column":24},"end":{"line":14,"column":null}}},"3":{"name":"(anonymous_11)","decl":{"start":{"line":8,"column":24},"end":{"line":8,"column":null}},"loc":{"start":{"line":8,"column":24},"end":{"line":14,"column":5}}},"4":{"name":"(anonymous_12)","decl":{"start":{"line":15,"column":19},"end":{"line":15,"column":28}},"loc":{"start":{"line":15,"column":30},"end":{"line":23,"column":null}}},"5":{"name":"(anonymous_13)","decl":{"start":{"line":15,"column":30},"end":{"line":15,"column":null}},"loc":{"start":{"line":15,"column":30},"end":{"line":23,"column":5}}},"6":{"name":"(anonymous_14)","decl":{"start":{"line":24,"column":19},"end":{"line":24,"column":28}},"loc":{"start":{"line":24,"column":30},"end":{"line":31,"column":null}}},"7":{"name":"(anonymous_15)","decl":{"start":{"line":24,"column":30},"end":{"line":24,"column":null}},"loc":{"start":{"line":24,"column":30},"end":{"line":31,"column":5}}}},"branchMap":{},"s":{"0":0,"1":0,"2":0,"3":0,"4":0,"5":0,"6":0,"7":0,"8":0,"9":0,"10":0,"11":0,"12":0,"13":0,"14":0,"15":0,"16":0,"17":0,"18":0,"19":0,"20":0,"21":0},"f":{"0":0,"1":0,"2":0,"3":0,"4":0,"5":0,"6":0,"7":0},"b":{}}
,"/media/reynaldo/f8db0900-b42d-4b5d-971f-4716687f2a60/Make It Real/PROYECTO GRUPAL/foodapp-server/src/shared/testUtils/testTokenManager.ts": {"path":"/media/reynaldo/f8db0900-b42d-4b5d-971f-4716687f2a60/Make It Real/PROYECTO GRUPAL/foodapp-server/src/shared/testUtils/testTokenManager.ts","statementMap":{"0":{"start":{"line":1,"column":0},"end":{"line":1,"column":31}},"1":{"start":{"line":3,"column":35},"end":{"line":7,"column":1}},"2":{"start":{"line":4,"column":2},"end":{"line":6,"column":5}},"3":{"start":{"line":3,"column":13},"end":{"line":3,"column":35}},"4":{"start":{"line":8,"column":38},"end":{"line":12,"column":1}},"5":{"start":{"line":9,"column":2},"end":{"line":11,"column":5}},"6":{"start":{"line":8,"column":13},"end":{"line":8,"column":38}},"7":{"start":{"line":14,"column":37},"end":{"line":16,"column":1}},"8":{"start":{"line":15,"column":2},"end":{"line":15,"column":57}},"9":{"start":{"line":14,"column":13},"end":{"line":14,"column":37}},"10":{"start":{"line":18,"column":40},"end":{"line":20,"column":1}},"11":{"start":{"line":19,"column":2},"end":{"line":19,"column":57}},"12":{"start":{"line":18,"column":13},"end":{"line":18,"column":40}}},"fnMap":{"0":{"name":"(anonymous_1)","decl":{"start":{"line":3,"column":35},"end":{"line":3,"column":36}},"loc":{"start":{"line":3,"column":75},"end":{"line":7,"column":1}}},"1":{"name":"(anonymous_2)","decl":{"start":{"line":8,"column":38},"end":{"line":8,"column":39}},"loc":{"start":{"line":8,"column":78},"end":{"line":12,"column":1}}},"2":{"name":"(anonymous_3)","decl":{"start":{"line":14,"column":37},"end":{"line":14,"column":38}},"loc":{"start":{"line":14,"column":71},"end":{"line":16,"column":1}}},"3":{"name":"(anonymous_4)","decl":{"start":{"line":18,"column":40},"end":{"line":18,"column":41}},"loc":{"start":{"line":18,"column":74},"end":{"line":20,"column":1}}}},"branchMap":{},"s":{"0":0,"1":0,"2":0,"3":0,"4":0,"5":0,"6":0,"7":0,"8":0,"9":0,"10":0,"11":0,"12":0},"f":{"0":0,"1":0,"2":0,"3":0},"b":{}}
,"/media/reynaldo/f8db0900-b42d-4b5d-971f-4716687f2a60/Make It Real/PROYECTO GRUPAL/foodapp-server/src/shared/validators/bodyRequestValidators.ts": {"path":"/media/reynaldo/f8db0900-b42d-4b5d-971f-4716687f2a60/Make It Real/PROYECTO GRUPAL/foodapp-server/src/shared/validators/bodyRequestValidators.ts","statementMap":{"0":{"start":{"line":3,"column":0},"end":{"line":3,"column":78}},"1":{"start":{"line":6,"column":2},"end":{"line":17,"column":4}},"2":{"start":{"line":7,"column":2},"end":{"line":17,"column":4}},"3":{"start":{"line":7,"column":61},"end":{"line":17,"column":4}},"4":{"start":{"line":8,"column":4},"end":{"line":16,"column":null}},"5":{"start":{"line":9,"column":6},"end":{"line":12,"column":9}},"6":{"start":{"line":13,"column":6},"end":{"line":13,"column":13}},"7":{"start":{"line":15,"column":6},"end":{"line":15,"column":67}},"8":{"start":{"line":5,"column":13},"end":{"line":5,"column":null}}},"fnMap":{"0":{"name":"(anonymous_7)","decl":{"start":{"line":6,"column":2},"end":{"line":6,"column":3}},"loc":{"start":{"line":7,"column":2},"end":{"line":17,"column":4}}},"1":{"name":"(anonymous_8)","decl":{"start":{"line":7,"column":2},"end":{"line":7,"column":9}},"loc":{"start":{"line":7,"column":61},"end":{"line":17,"column":4}}},"2":{"name":"(anonymous_9)","decl":{"start":{"line":7,"column":61},"end":{"line":7,"column":null}},"loc":{"start":{"line":7,"column":61},"end":{"line":17,"column":3}}}},"branchMap":{},"s":{"0":0,"1":0,"2":0,"3":0,"4":0,"5":0,"6":0,"7":0,"8":0},"f":{"0":0,"1":0,"2":0},"b":{}}
}
